{"/home/travis/build/kaizhu256/node-itunes-search-lite/test.js":{"path":"/home/travis/build/kaizhu256/node-itunes-search-lite/test.js","s":{"1":2,"2":2,"3":2,"4":2,"5":2,"6":2,"7":2,"8":1,"9":2,"10":2,"11":2},"b":{"1":[2,1,1,1],"2":[1,1,1,1],"3":[1,1],"4":[2,1]},"f":{"1":2,"2":2,"3":2},"fnMap":{"1":{"name":"(anonymous_1)","line":12,"loc":{"start":{"line":12,"column":1},"end":{"line":12,"column":13}}},"2":{"name":"(anonymous_2)","line":19,"loc":{"start":{"line":19,"column":5},"end":{"line":19,"column":17}}},"3":{"name":"(anonymous_3)","line":23,"loc":{"start":{"line":23,"column":24},"end":{"line":23,"column":36}}}},"statementMap":{"1":{"start":{"line":12,"column":0},"end":{"line":46,"column":5}},"2":{"start":{"line":14,"column":4},"end":{"line":14,"column":14}},"3":{"start":{"line":19,"column":4},"end":{"line":45,"column":9}},"4":{"start":{"line":21,"column":8},"end":{"line":21,"column":19}},"5":{"start":{"line":23,"column":8},"end":{"line":35,"column":13}},"6":{"start":{"line":24,"column":12},"end":{"line":34,"column":13}},"7":{"start":{"line":25,"column":16},"end":{"line":28,"column":30}},"8":{"start":{"line":30,"column":16},"end":{"line":33,"column":27}},"9":{"start":{"line":37,"column":8},"end":{"line":39,"column":21}},"10":{"start":{"line":41,"column":8},"end":{"line":42,"column":49}},"11":{"start":{"line":44,"column":8},"end":{"line":44,"column":33}}},"branchMap":{"1":{"line":25,"type":"binary-expr","locations":[{"start":{"line":25,"column":23},"end":{"line":25,"column":62}},{"start":{"line":26,"column":20},"end":{"line":26,"column":70}},{"start":{"line":27,"column":20},"end":{"line":27,"column":71}},{"start":{"line":28,"column":20},"end":{"line":28,"column":29}}]},"2":{"line":30,"type":"binary-expr","locations":[{"start":{"line":30,"column":23},"end":{"line":30,"column":37}},{"start":{"line":31,"column":20},"end":{"line":31,"column":61}},{"start":{"line":32,"column":20},"end":{"line":32,"column":70}},{"start":{"line":33,"column":20},"end":{"line":33,"column":26}}]},"3":{"line":37,"type":"cond-expr","locations":[{"start":{"line":38,"column":14},"end":{"line":38,"column":20}},{"start":{"line":39,"column":14},"end":{"line":39,"column":20}}]},"4":{"line":41,"type":"binary-expr","locations":[{"start":{"line":41,"column":38},"end":{"line":41,"column":59}},{"start":{"line":42,"column":12},"end":{"line":42,"column":31}}]}},"code":["/* istanbul instrument in package itunes_search */","/*jslint","    bitwise: true,","    browser: true,","    maxerr: 8,","    maxlen: 96,","    node: true,","    nomen: true,","    regexp: true,","    stupid: true","*/","(function () {","    'use strict';","    var local;","","","","    // run shared js-env code - init-before","    (function () {","        // init local","        local = {};","        // init modeJs","        local.modeJs = (function () {","            try {","                return typeof navigator.userAgent === 'string' &&","                    typeof document.querySelector('body') === 'object' &&","                    typeof XMLHttpRequest.prototype.open === 'function' &&","                    'browser';","            } catch (errorCaughtBrowser) {","                return module.exports &&","                    typeof process.versions.node === 'string' &&","                    typeof require('http').createServer === 'function' &&","                    'node';","            }","        }());","        // init global","        local.global = local.modeJs === 'browser'","            ? window","            : global;","        // re-init local","        local = local.global.local = (local.global.utility2 ||","            require('utility2')).requireReadme();","        // init test","        local.testRunInit(local);","    }());","}());",""],"l":{"12":2,"14":2,"19":2,"21":2,"23":2,"24":2,"25":2,"30":1,"37":2,"41":2,"44":2}},"/home/travis/build/kaizhu256/node-itunes-search-lite/lib.itunes_search.js":{"path":"/home/travis/build/kaizhu256/node-itunes-search-lite/lib.itunes_search.js","s":{"1":2,"2":2,"3":2,"4":2,"5":2,"6":2,"7":2,"8":1,"9":2,"10":2,"11":2,"12":2,"13":1,"14":1,"15":83,"16":33,"17":1,"18":1,"19":1,"20":2,"21":2,"22":0,"23":0,"24":0,"25":0,"26":0,"27":0,"28":0,"29":0,"30":0,"31":0,"32":0,"33":0,"34":0,"35":0,"36":0,"37":0,"38":0,"39":0,"40":0,"41":0,"42":0,"43":0,"44":0,"45":0,"46":0,"47":0,"48":0,"49":0,"50":0,"51":0,"52":0,"53":0,"54":0,"55":0,"56":0,"57":0,"58":0,"59":0,"60":0,"61":0,"62":0,"63":0,"64":0,"65":0,"66":0,"67":0,"68":0,"69":0,"70":0,"71":0,"72":0,"73":0,"74":0,"75":0,"76":0,"77":0,"78":0,"79":0,"80":0,"81":0,"82":0,"83":0,"84":0,"85":0,"86":0,"87":0,"88":0,"89":0,"90":0,"91":0,"92":0,"93":0,"94":0,"95":0,"96":0,"97":0,"98":0,"99":0,"100":0,"101":0,"102":2,"103":0,"104":0,"105":0,"106":0,"107":0,"108":0,"109":0,"110":0,"111":0,"112":0,"113":0,"114":0,"115":0,"116":0,"117":0,"118":0,"119":0,"120":0,"121":2,"122":1,"123":1,"124":1,"125":0,"126":0,"127":2,"128":0,"129":2,"130":0,"131":0,"132":0,"133":0,"134":0,"135":0,"136":0,"137":0,"138":0,"139":0,"140":0,"141":0,"142":0,"143":0,"144":0,"145":2,"146":0,"147":0,"148":0,"149":0,"150":0,"151":0,"152":2,"153":0,"154":0,"155":0,"156":0,"157":0,"158":0,"159":0,"160":0,"161":0,"162":2,"163":0,"164":0,"165":0,"166":0,"167":0,"168":0,"169":0,"170":0,"171":0,"172":0,"173":0,"174":0,"175":0,"176":0,"177":0,"178":0,"179":0,"180":0,"181":0,"182":0,"183":0,"184":0,"185":0,"186":0,"187":0,"188":0,"189":0,"190":0,"191":0,"192":0,"193":0,"194":0,"195":0,"196":0,"197":0,"198":0,"199":0,"200":0,"201":0,"202":0,"203":0,"204":0,"205":0,"206":0,"207":0,"208":0,"209":0,"210":2,"211":1,"212":1,"213":1,"214":1,"215":0,"216":0,"217":2,"218":2,"219":0,"220":0,"221":0,"222":0,"223":0,"224":0,"225":0,"226":0,"227":0,"228":0,"229":0,"230":0,"231":0,"232":0,"233":2,"234":1,"235":1,"236":1,"237":1,"238":1,"239":1,"240":1,"241":1,"242":1,"243":1,"244":1,"245":1,"246":1,"247":2,"248":0,"249":0,"250":0,"251":0,"252":0,"253":0,"254":0,"255":0,"256":0,"257":0,"258":2,"259":0,"260":0,"261":0,"262":0,"263":0,"264":0,"265":0,"266":0,"267":0,"268":2,"269":1,"270":3,"271":0,"272":2,"273":2,"274":0,"275":0,"276":0,"277":0,"278":0,"279":0,"280":0,"281":0,"282":0,"283":0,"284":0,"285":0,"286":0,"287":0,"288":0,"289":0,"290":0,"291":0,"292":0,"293":0,"294":0,"295":0,"296":0,"297":0,"298":0,"299":0,"300":0,"301":0,"302":0,"303":2,"304":0,"305":0,"306":0,"307":0,"308":0,"309":0,"310":0,"311":0,"312":0,"313":0,"314":0,"315":0,"316":0,"317":0,"318":0,"319":0,"320":0,"321":0,"322":2,"323":0,"324":0,"325":0,"326":0,"327":0,"328":0,"329":0,"330":0,"331":0,"332":0,"333":0,"334":0,"335":0,"336":0,"337":0,"338":0,"339":0,"340":0,"341":0,"342":0,"343":0,"344":0,"345":0,"346":0,"347":0,"348":0,"349":2,"350":1,"351":1,"352":1,"353":0,"354":0,"355":1,"356":1,"357":1,"358":1,"359":1,"360":1,"361":0,"362":1,"363":1,"364":0,"365":0,"366":0},"b":{"1":[2,1,1,1],"2":[1,1,1,1],"3":[1,1],"4":[2,2],"5":[1,1],"6":[33,50],"7":[83,83],"8":[0,0],"9":[0,0],"10":[0,0],"11":[0,0],"12":[0,0],"13":[0,0],"14":[0,0],"15":[0,0],"16":[0,0],"17":[0,0],"18":[0,0],"19":[0,0],"20":[0,0],"21":[0,0],"22":[0,0],"23":[0,0],"24":[0,0],"25":[0,0],"26":[0,0],"27":[0,0,0],"28":[0,0],"29":[0,0],"30":[0,0,0],"31":[0,0],"32":[0,0,0,0],"33":[0,0],"34":[0,0],"35":[0,0,0,0],"36":[0,0],"37":[0,0],"38":[0,0],"39":[0,0],"40":[0,0],"41":[0,0],"42":[0,0],"43":[0,0],"44":[0,0],"45":[0,0],"46":[0,0],"47":[0,0],"48":[1,0],"49":[0,0],"50":[0,0],"51":[0,0],"52":[0,0],"53":[0,0],"54":[0,0],"55":[0,0],"56":[0,0],"57":[0,0,0,0,0,0,0],"58":[0,0],"59":[0,0,0],"60":[0,0],"61":[0,0],"62":[0,0],"63":[0,0],"64":[0,0],"65":[0,0,0,0],"66":[0,0],"67":[0,0],"68":[0,0],"69":[0,0],"70":[0,0],"71":[0,0,0,0,0,0,0,0],"72":[0,0],"73":[0,0],"74":[0,0,0],"75":[0,0],"76":[0,0],"77":[0,0,0],"78":[0,0],"79":[0,0],"80":[0,0],"81":[0,0],"82":[0,0],"83":[0,0],"84":[0,0],"85":[0,0],"86":[0,0,0],"87":[0,0],"88":[0,0],"89":[0,0],"90":[0,0],"91":[0,0],"92":[0,0],"93":[0,0,0],"94":[0,0],"95":[0,0],"96":[0,0],"97":[0,0],"98":[0,0],"99":[0,0],"100":[0,0],"101":[0,0],"102":[1],"103":[1,1],"104":[1,1],"105":[0,0]},"f":{"1":2,"2":2,"3":2,"4":83,"5":2,"6":0,"7":0,"8":0,"9":0,"10":0,"11":0,"12":0,"13":0,"14":0,"15":0,"16":0,"17":0,"18":0,"19":0,"20":0,"21":0,"22":1,"23":0,"24":0,"25":0,"26":0,"27":0,"28":0,"29":0,"30":0,"31":0,"32":0,"33":0,"34":0,"35":0,"36":0,"37":0,"38":1,"39":2,"40":0,"41":0,"42":0,"43":1,"44":1,"45":1,"46":0,"47":0,"48":0,"49":0,"50":1,"51":3,"52":0,"53":0,"54":0,"55":0,"56":0,"57":0,"58":0,"59":0,"60":0,"61":0,"62":0,"63":0,"64":0,"65":0,"66":0,"67":1,"68":0},"fnMap":{"1":{"name":"(anonymous_1)","line":12,"loc":{"start":{"line":12,"column":1},"end":{"line":12,"column":13}}},"2":{"name":"(anonymous_2)","line":19,"loc":{"start":{"line":19,"column":5},"end":{"line":19,"column":17}}},"3":{"name":"(anonymous_3)","line":23,"loc":{"start":{"line":23,"column":24},"end":{"line":23,"column":36}}},"4":{"name":"(anonymous_4)","line":49,"loc":{"start":{"line":49,"column":60},"end":{"line":49,"column":75}}},"5":{"name":"(anonymous_5)","line":64,"loc":{"start":{"line":64,"column":5},"end":{"line":64,"column":17}},"skip":true},"6":{"name":"(anonymous_6)","line":65,"loc":{"start":{"line":65,"column":21},"end":{"line":65,"column":49}},"skip":true},"7":{"name":"(anonymous_7)","line":79,"loc":{"start":{"line":79,"column":37},"end":{"line":79,"column":49}},"skip":true},"8":{"name":"(anonymous_8)","line":88,"loc":{"start":{"line":88,"column":63},"end":{"line":88,"column":78}},"skip":true},"9":{"name":"(anonymous_9)","line":104,"loc":{"start":{"line":104,"column":41},"end":{"line":104,"column":56}},"skip":true},"10":{"name":"(anonymous_10)","line":111,"loc":{"start":{"line":111,"column":55},"end":{"line":111,"column":70}},"skip":true},"11":{"name":"(anonymous_11)","line":121,"loc":{"start":{"line":121,"column":42},"end":{"line":121,"column":54}},"skip":true},"12":{"name":"(anonymous_12)","line":129,"loc":{"start":{"line":129,"column":26},"end":{"line":129,"column":43}},"skip":true},"13":{"name":"(anonymous_13)","line":154,"loc":{"start":{"line":154,"column":64},"end":{"line":154,"column":76}},"skip":true},"14":{"name":"(anonymous_14)","line":162,"loc":{"start":{"line":162,"column":31},"end":{"line":162,"column":43}},"skip":true},"15":{"name":"(anonymous_15)","line":184,"loc":{"start":{"line":184,"column":50},"end":{"line":184,"column":62}},"skip":true},"16":{"name":"(anonymous_16)","line":216,"loc":{"start":{"line":216,"column":45},"end":{"line":216,"column":60}},"skip":true},"17":{"name":"(anonymous_17)","line":221,"loc":{"start":{"line":221,"column":30},"end":{"line":221,"column":53}},"skip":true},"18":{"name":"(anonymous_18)","line":237,"loc":{"start":{"line":237,"column":35},"end":{"line":237,"column":47}},"skip":true},"19":{"name":"(anonymous_19)","line":268,"loc":{"start":{"line":268,"column":60},"end":{"line":268,"column":72}},"skip":true},"20":{"name":"(anonymous_20)","line":273,"loc":{"start":{"line":273,"column":27},"end":{"line":273,"column":39}},"skip":true},"21":{"name":"(anonymous_21)","line":275,"loc":{"start":{"line":275,"column":59},"end":{"line":275,"column":71}},"skip":true},"22":{"name":"(anonymous_22)","line":284,"loc":{"start":{"line":284,"column":23},"end":{"line":284,"column":50}},"skip":true},"23":{"name":"(anonymous_23)","line":303,"loc":{"start":{"line":303,"column":20},"end":{"line":303,"column":32}},"skip":true},"24":{"name":"(anonymous_24)","line":310,"loc":{"start":{"line":310,"column":33},"end":{"line":310,"column":65}},"skip":true},"25":{"name":"(anonymous_25)","line":316,"loc":{"start":{"line":316,"column":42},"end":{"line":316,"column":57}},"skip":true},"26":{"name":"(anonymous_26)","line":350,"loc":{"start":{"line":350,"column":33},"end":{"line":350,"column":52}},"skip":true},"27":{"name":"(anonymous_27)","line":357,"loc":{"start":{"line":357,"column":19},"end":{"line":357,"column":48}},"skip":true},"28":{"name":"(anonymous_28)","line":368,"loc":{"start":{"line":368,"column":23},"end":{"line":368,"column":51}},"skip":true},"29":{"name":"(anonymous_29)","line":373,"loc":{"start":{"line":373,"column":52},"end":{"line":373,"column":81}},"skip":true},"30":{"name":"(anonymous_30)","line":391,"loc":{"start":{"line":391,"column":31},"end":{"line":391,"column":57}},"skip":true},"31":{"name":"(anonymous_31)","line":397,"loc":{"start":{"line":397,"column":23},"end":{"line":397,"column":38}},"skip":true},"32":{"name":"(anonymous_32)","line":401,"loc":{"start":{"line":401,"column":46},"end":{"line":401,"column":61}},"skip":true},"33":{"name":"(anonymous_33)","line":406,"loc":{"start":{"line":406,"column":28},"end":{"line":406,"column":68}},"skip":true},"34":{"name":"(anonymous_34)","line":411,"loc":{"start":{"line":411,"column":36},"end":{"line":411,"column":52}},"skip":true},"35":{"name":"(anonymous_35)","line":447,"loc":{"start":{"line":447,"column":57},"end":{"line":447,"column":75}},"skip":true},"36":{"name":"(anonymous_36)","line":452,"loc":{"start":{"line":452,"column":41},"end":{"line":452,"column":56}},"skip":true},"37":{"name":"(anonymous_37)","line":464,"loc":{"start":{"line":464,"column":60},"end":{"line":464,"column":78}},"skip":true},"38":{"name":"(anonymous_38)","line":486,"loc":{"start":{"line":486,"column":32},"end":{"line":486,"column":56}},"skip":true},"39":{"name":"(anonymous_39)","line":508,"loc":{"start":{"line":508,"column":5},"end":{"line":508,"column":17}}},"40":{"name":"(anonymous_40)","line":509,"loc":{"start":{"line":509,"column":34},"end":{"line":509,"column":53}}},"41":{"name":"(anonymous_41)","line":516,"loc":{"start":{"line":516,"column":19},"end":{"line":516,"column":31}}},"42":{"name":"(anonymous_42)","line":519,"loc":{"start":{"line":519,"column":40},"end":{"line":519,"column":52}}},"43":{"name":"(anonymous_43)","line":536,"loc":{"start":{"line":536,"column":35},"end":{"line":536,"column":64}}},"44":{"name":"(anonymous_44)","line":541,"loc":{"start":{"line":541,"column":23},"end":{"line":541,"column":35}}},"45":{"name":"(anonymous_45)","line":550,"loc":{"start":{"line":550,"column":27},"end":{"line":550,"column":39}}},"46":{"name":"(anonymous_46)","line":557,"loc":{"start":{"line":557,"column":33},"end":{"line":557,"column":62}}},"47":{"name":"(anonymous_47)","line":569,"loc":{"start":{"line":569,"column":23},"end":{"line":569,"column":35}}},"48":{"name":"(anonymous_48)","line":574,"loc":{"start":{"line":574,"column":32},"end":{"line":574,"column":49}}},"49":{"name":"(anonymous_49)","line":575,"loc":{"start":{"line":575,"column":63},"end":{"line":575,"column":78}}},"50":{"name":"(anonymous_50)","line":592,"loc":{"start":{"line":592,"column":28},"end":{"line":592,"column":47}}},"51":{"name":"(anonymous_51)","line":596,"loc":{"start":{"line":596,"column":50},"end":{"line":596,"column":71}}},"52":{"name":"(anonymous_52)","line":599,"loc":{"start":{"line":599,"column":26},"end":{"line":599,"column":45}}},"53":{"name":"(anonymous_53)","line":607,"loc":{"start":{"line":607,"column":60},"end":{"line":607,"column":79}}},"54":{"name":"(anonymous_54)","line":622,"loc":{"start":{"line":622,"column":75},"end":{"line":622,"column":94}}},"55":{"name":"(anonymous_55)","line":648,"loc":{"start":{"line":648,"column":19},"end":{"line":648,"column":48}}},"56":{"name":"(anonymous_56)","line":661,"loc":{"start":{"line":661,"column":66},"end":{"line":661,"column":78}}},"57":{"name":"(anonymous_57)","line":681,"loc":{"start":{"line":681,"column":56},"end":{"line":681,"column":75}}},"58":{"name":"(anonymous_58)","line":685,"loc":{"start":{"line":685,"column":34},"end":{"line":685,"column":57}}},"59":{"name":"(anonymous_59)","line":692,"loc":{"start":{"line":692,"column":37},"end":{"line":692,"column":56}}},"60":{"name":"(anonymous_60)","line":726,"loc":{"start":{"line":726,"column":56},"end":{"line":726,"column":68}}},"61":{"name":"(anonymous_61)","line":740,"loc":{"start":{"line":740,"column":36},"end":{"line":740,"column":55}}},"62":{"name":"(anonymous_62)","line":762,"loc":{"start":{"line":762,"column":33},"end":{"line":762,"column":51}}},"63":{"name":"(anonymous_63)","line":774,"loc":{"start":{"line":774,"column":36},"end":{"line":774,"column":59}}},"64":{"name":"(anonymous_64)","line":796,"loc":{"start":{"line":796,"column":22},"end":{"line":796,"column":45}}},"65":{"name":"(anonymous_65)","line":797,"loc":{"start":{"line":797,"column":27},"end":{"line":797,"column":39}}},"66":{"name":"(anonymous_66)","line":813,"loc":{"start":{"line":813,"column":14},"end":{"line":813,"column":33}}},"67":{"name":"(anonymous_67)","line":827,"loc":{"start":{"line":827,"column":30},"end":{"line":827,"column":42}}},"68":{"name":"(anonymous_68)","line":830,"loc":{"start":{"line":830,"column":11},"end":{"line":830,"column":23}}}},"statementMap":{"1":{"start":{"line":12,"column":0},"end":{"line":846,"column":5}},"2":{"start":{"line":14,"column":4},"end":{"line":14,"column":14}},"3":{"start":{"line":19,"column":4},"end":{"line":58,"column":9}},"4":{"start":{"line":21,"column":8},"end":{"line":21,"column":19}},"5":{"start":{"line":23,"column":8},"end":{"line":35,"column":13}},"6":{"start":{"line":24,"column":12},"end":{"line":34,"column":13}},"7":{"start":{"line":25,"column":16},"end":{"line":28,"column":30}},"8":{"start":{"line":30,"column":16},"end":{"line":33,"column":27}},"9":{"start":{"line":37,"column":8},"end":{"line":39,"column":21}},"10":{"start":{"line":41,"column":8},"end":{"line":41,"column":54}},"11":{"start":{"line":43,"column":8},"end":{"line":43,"column":50}},"12":{"start":{"line":45,"column":8},"end":{"line":57,"column":9}},"13":{"start":{"line":46,"column":12},"end":{"line":46,"column":56}},"14":{"start":{"line":49,"column":12},"end":{"line":53,"column":15}},"15":{"start":{"line":50,"column":16},"end":{"line":52,"column":17}},"16":{"start":{"line":51,"column":20},"end":{"line":51,"column":46}},"17":{"start":{"line":54,"column":12},"end":{"line":54,"column":35}},"18":{"start":{"line":55,"column":12},"end":{"line":55,"column":49}},"19":{"start":{"line":56,"column":12},"end":{"line":56,"column":43}},"20":{"start":{"line":64,"column":4},"end":{"line":503,"column":9},"skip":true},"21":{"start":{"line":65,"column":8},"end":{"line":235,"column":10},"skip":true},"22":{"start":{"line":77,"column":12},"end":{"line":77,"column":25},"skip":true},"23":{"start":{"line":79,"column":12},"end":{"line":81,"column":14},"skip":true},"24":{"start":{"line":80,"column":16},"end":{"line":80,"column":23},"skip":true},"25":{"start":{"line":82,"column":12},"end":{"line":82,"column":71},"skip":true},"26":{"start":{"line":83,"column":12},"end":{"line":83,"column":77},"skip":true},"27":{"start":{"line":84,"column":12},"end":{"line":84,"column":77},"skip":true},"28":{"start":{"line":85,"column":12},"end":{"line":85,"column":69},"skip":true},"29":{"start":{"line":86,"column":12},"end":{"line":86,"column":79},"skip":true},"30":{"start":{"line":87,"column":12},"end":{"line":87,"column":91},"skip":true},"31":{"start":{"line":88,"column":12},"end":{"line":90,"column":14},"skip":true},"32":{"start":{"line":89,"column":16},"end":{"line":89,"column":27},"skip":true},"33":{"start":{"line":91,"column":12},"end":{"line":91,"column":77},"skip":true},"34":{"start":{"line":92,"column":12},"end":{"line":92,"column":75},"skip":true},"35":{"start":{"line":93,"column":12},"end":{"line":93,"column":65},"skip":true},"36":{"start":{"line":94,"column":12},"end":{"line":94,"column":71},"skip":true},"37":{"start":{"line":96,"column":12},"end":{"line":96,"column":54},"skip":true},"38":{"start":{"line":98,"column":12},"end":{"line":100,"column":46},"skip":true},"39":{"start":{"line":102,"column":12},"end":{"line":102,"column":34},"skip":true},"40":{"start":{"line":104,"column":12},"end":{"line":108,"column":15},"skip":true},"41":{"start":{"line":105,"column":16},"end":{"line":107,"column":17},"skip":true},"42":{"start":{"line":106,"column":20},"end":{"line":106,"column":44},"skip":true},"43":{"start":{"line":110,"column":12},"end":{"line":110,"column":29},"skip":true},"44":{"start":{"line":111,"column":12},"end":{"line":113,"column":15},"skip":true},"45":{"start":{"line":112,"column":16},"end":{"line":112,"column":70},"skip":true},"46":{"start":{"line":115,"column":12},"end":{"line":115,"column":45},"skip":true},"47":{"start":{"line":117,"column":12},"end":{"line":117,"column":39},"skip":true},"48":{"start":{"line":119,"column":12},"end":{"line":119,"column":62},"skip":true},"49":{"start":{"line":121,"column":12},"end":{"line":127,"column":32},"skip":true},"50":{"start":{"line":122,"column":16},"end":{"line":123,"column":83},"skip":true},"51":{"start":{"line":124,"column":16},"end":{"line":124,"column":28},"skip":true},"52":{"start":{"line":126,"column":16},"end":{"line":126,"column":81},"skip":true},"53":{"start":{"line":129,"column":12},"end":{"line":195,"column":14},"skip":true},"54":{"start":{"line":131,"column":16},"end":{"line":131,"column":44},"skip":true},"55":{"start":{"line":132,"column":16},"end":{"line":193,"column":17},"skip":true},"56":{"start":{"line":137,"column":20},"end":{"line":139,"column":21},"skip":true},"57":{"start":{"line":138,"column":24},"end":{"line":138,"column":31},"skip":true},"58":{"start":{"line":140,"column":20},"end":{"line":140,"column":38},"skip":true},"59":{"start":{"line":142,"column":20},"end":{"line":158,"column":21},"skip":true},"60":{"start":{"line":143,"column":24},"end":{"line":157,"column":27},"skip":true},"61":{"start":{"line":155,"column":32},"end":{"line":155,"column":70},"skip":true},"62":{"start":{"line":160,"column":20},"end":{"line":160,"column":51},"skip":true},"63":{"start":{"line":162,"column":20},"end":{"line":164,"column":23},"skip":true},"64":{"start":{"line":163,"column":24},"end":{"line":163,"column":89},"skip":true},"65":{"start":{"line":166,"column":20},"end":{"line":166,"column":51},"skip":true},"66":{"start":{"line":168,"column":20},"end":{"line":173,"column":21},"skip":true},"67":{"start":{"line":172,"column":24},"end":{"line":172,"column":58},"skip":true},"68":{"start":{"line":175,"column":20},"end":{"line":190,"column":21},"skip":true},"69":{"start":{"line":177,"column":24},"end":{"line":189,"column":25},"skip":true},"70":{"start":{"line":179,"column":28},"end":{"line":179,"column":66},"skip":true},"71":{"start":{"line":181,"column":28},"end":{"line":182,"column":53},"skip":true},"72":{"start":{"line":184,"column":28},"end":{"line":187,"column":42},"skip":true},"73":{"start":{"line":185,"column":32},"end":{"line":186,"column":50},"skip":true},"74":{"start":{"line":188,"column":28},"end":{"line":188,"column":70},"skip":true},"75":{"start":{"line":191,"column":20},"end":{"line":191,"column":44},"skip":true},"76":{"start":{"line":192,"column":20},"end":{"line":192,"column":26},"skip":true},"77":{"start":{"line":194,"column":16},"end":{"line":194,"column":43},"skip":true},"78":{"start":{"line":197,"column":12},"end":{"line":197,"column":43},"skip":true},"79":{"start":{"line":198,"column":12},"end":{"line":198,"column":55},"skip":true},"80":{"start":{"line":199,"column":12},"end":{"line":199,"column":55},"skip":true},"81":{"start":{"line":200,"column":12},"end":{"line":200,"column":54},"skip":true},"82":{"start":{"line":201,"column":12},"end":{"line":201,"column":72},"skip":true},"83":{"start":{"line":202,"column":12},"end":{"line":202,"column":71},"skip":true},"84":{"start":{"line":203,"column":12},"end":{"line":203,"column":78},"skip":true},"85":{"start":{"line":205,"column":12},"end":{"line":208,"column":67},"skip":true},"86":{"start":{"line":209,"column":12},"end":{"line":215,"column":13},"skip":true},"87":{"start":{"line":210,"column":16},"end":{"line":210,"column":64},"skip":true},"88":{"start":{"line":211,"column":16},"end":{"line":211,"column":91},"skip":true},"89":{"start":{"line":212,"column":16},"end":{"line":212,"column":67},"skip":true},"90":{"start":{"line":214,"column":16},"end":{"line":214,"column":46},"skip":true},"91":{"start":{"line":216,"column":12},"end":{"line":218,"column":15},"skip":true},"92":{"start":{"line":217,"column":16},"end":{"line":217,"column":60},"skip":true},"93":{"start":{"line":219,"column":12},"end":{"line":233,"column":13},"skip":true},"94":{"start":{"line":221,"column":16},"end":{"line":229,"column":19},"skip":true},"95":{"start":{"line":222,"column":20},"end":{"line":226,"column":21},"skip":true},"96":{"start":{"line":223,"column":24},"end":{"line":223,"column":55},"skip":true},"97":{"start":{"line":224,"column":24},"end":{"line":224,"column":55},"skip":true},"98":{"start":{"line":225,"column":24},"end":{"line":225,"column":31},"skip":true},"99":{"start":{"line":228,"column":20},"end":{"line":228,"column":61},"skip":true},"100":{"start":{"line":232,"column":16},"end":{"line":232,"column":61},"skip":true},"101":{"start":{"line":234,"column":12},"end":{"line":234,"column":23},"skip":true},"102":{"start":{"line":237,"column":8},"end":{"line":282,"column":10},"skip":true},"103":{"start":{"line":241,"column":12},"end":{"line":241,"column":33},"skip":true},"104":{"start":{"line":242,"column":12},"end":{"line":243,"column":60},"skip":true},"105":{"start":{"line":244,"column":12},"end":{"line":246,"column":13},"skip":true},"106":{"start":{"line":245,"column":16},"end":{"line":245,"column":23},"skip":true},"107":{"start":{"line":248,"column":12},"end":{"line":249,"column":50},"skip":true},"108":{"start":{"line":251,"column":12},"end":{"line":251,"column":86},"skip":true},"109":{"start":{"line":253,"column":12},"end":{"line":264,"column":13},"skip":true},"110":{"start":{"line":256,"column":16},"end":{"line":256,"column":45},"skip":true},"111":{"start":{"line":257,"column":16},"end":{"line":260,"column":24},"skip":true},"112":{"start":{"line":263,"column":16},"end":{"line":263,"column":54},"skip":true},"113":{"start":{"line":266,"column":12},"end":{"line":266,"column":61},"skip":true},"114":{"start":{"line":268,"column":12},"end":{"line":281,"column":24},"skip":true},"115":{"start":{"line":269,"column":16},"end":{"line":269,"column":66},"skip":true},"116":{"start":{"line":270,"column":16},"end":{"line":270,"column":46},"skip":true},"117":{"start":{"line":271,"column":16},"end":{"line":271,"column":44},"skip":true},"118":{"start":{"line":273,"column":16},"end":{"line":278,"column":24},"skip":true},"119":{"start":{"line":275,"column":20},"end":{"line":277,"column":26},"skip":true},"120":{"start":{"line":276,"column":24},"end":{"line":276,"column":60},"skip":true},"121":{"start":{"line":284,"column":8},"end":{"line":301,"column":10},"skip":true},"122":{"start":{"line":288,"column":12},"end":{"line":288,"column":22},"skip":true},"123":{"start":{"line":289,"column":12},"end":{"line":291,"column":13},"skip":true},"124":{"start":{"line":290,"column":16},"end":{"line":290,"column":23},"skip":true},"125":{"start":{"line":292,"column":12},"end":{"line":299,"column":47},"skip":true},"126":{"start":{"line":300,"column":12},"end":{"line":300,"column":24},"skip":true},"127":{"start":{"line":303,"column":8},"end":{"line":308,"column":10},"skip":true},"128":{"start":{"line":307,"column":12},"end":{"line":307,"column":19},"skip":true},"129":{"start":{"line":310,"column":8},"end":{"line":348,"column":10},"skip":true},"130":{"start":{"line":314,"column":12},"end":{"line":314,"column":28},"skip":true},"131":{"start":{"line":315,"column":12},"end":{"line":315,"column":38},"skip":true},"132":{"start":{"line":316,"column":12},"end":{"line":346,"column":15},"skip":true},"133":{"start":{"line":317,"column":16},"end":{"line":317,"column":36},"skip":true},"134":{"start":{"line":318,"column":16},"end":{"line":318,"column":32},"skip":true},"135":{"start":{"line":320,"column":16},"end":{"line":323,"column":17},"skip":true},"136":{"start":{"line":321,"column":20},"end":{"line":321,"column":46},"skip":true},"137":{"start":{"line":324,"column":16},"end":{"line":326,"column":17},"skip":true},"138":{"start":{"line":325,"column":20},"end":{"line":325,"column":27},"skip":true},"139":{"start":{"line":328,"column":16},"end":{"line":331,"column":17},"skip":true},"140":{"start":{"line":329,"column":20},"end":{"line":329,"column":41},"skip":true},"141":{"start":{"line":330,"column":20},"end":{"line":330,"column":27},"skip":true},"142":{"start":{"line":334,"column":16},"end":{"line":345,"column":17},"skip":true},"143":{"start":{"line":344,"column":20},"end":{"line":344,"column":71},"skip":true},"144":{"start":{"line":347,"column":12},"end":{"line":347,"column":23},"skip":true},"145":{"start":{"line":350,"column":8},"end":{"line":366,"column":10},"skip":true},"146":{"start":{"line":355,"column":12},"end":{"line":355,"column":22},"skip":true},"147":{"start":{"line":356,"column":12},"end":{"line":356,"column":70},"skip":true},"148":{"start":{"line":357,"column":12},"end":{"line":365,"column":14},"skip":true},"149":{"start":{"line":358,"column":16},"end":{"line":363,"column":17},"skip":true},"150":{"start":{"line":362,"column":20},"end":{"line":362,"column":48},"skip":true},"151":{"start":{"line":364,"column":16},"end":{"line":364,"column":43},"skip":true},"152":{"start":{"line":368,"column":8},"end":{"line":389,"column":10},"skip":true},"153":{"start":{"line":373,"column":12},"end":{"line":387,"column":15},"skip":true},"154":{"start":{"line":374,"column":16},"end":{"line":386,"column":17},"skip":true},"155":{"start":{"line":375,"column":20},"end":{"line":377,"column":47},"skip":true},"156":{"start":{"line":378,"column":20},"end":{"line":378,"column":47},"skip":true},"157":{"start":{"line":381,"column":20},"end":{"line":383,"column":21},"skip":true},"158":{"start":{"line":382,"column":24},"end":{"line":382,"column":50},"skip":true},"159":{"start":{"line":384,"column":20},"end":{"line":384,"column":54},"skip":true},"160":{"start":{"line":385,"column":20},"end":{"line":385,"column":60},"skip":true},"161":{"start":{"line":388,"column":12},"end":{"line":388,"column":27},"skip":true},"162":{"start":{"line":391,"column":8},"end":{"line":484,"column":10},"skip":true},"163":{"start":{"line":395,"column":12},"end":{"line":395,"column":68},"skip":true},"164":{"start":{"line":396,"column":12},"end":{"line":396,"column":30},"skip":true},"165":{"start":{"line":397,"column":12},"end":{"line":405,"column":14},"skip":true},"166":{"start":{"line":398,"column":16},"end":{"line":398,"column":41},"skip":true},"167":{"start":{"line":399,"column":16},"end":{"line":399,"column":29},"skip":true},"168":{"start":{"line":401,"column":16},"end":{"line":403,"column":19},"skip":true},"169":{"start":{"line":402,"column":20},"end":{"line":402,"column":48},"skip":true},"170":{"start":{"line":404,"column":16},"end":{"line":404,"column":29},"skip":true},"171":{"start":{"line":406,"column":12},"end":{"line":433,"column":14},"skip":true},"172":{"start":{"line":407,"column":16},"end":{"line":432,"column":17},"skip":true},"173":{"start":{"line":409,"column":20},"end":{"line":409,"column":42},"skip":true},"174":{"start":{"line":410,"column":20},"end":{"line":415,"column":29},"skip":true},"175":{"start":{"line":413,"column":28},"end":{"line":413,"column":71},"skip":true},"176":{"start":{"line":417,"column":20},"end":{"line":417,"column":71},"skip":true},"177":{"start":{"line":418,"column":20},"end":{"line":421,"column":75},"skip":true},"178":{"start":{"line":423,"column":20},"end":{"line":423,"column":63},"skip":true},"179":{"start":{"line":425,"column":20},"end":{"line":428,"column":62},"skip":true},"180":{"start":{"line":431,"column":20},"end":{"line":431,"column":83},"skip":true},"181":{"start":{"line":435,"column":12},"end":{"line":435,"column":47},"skip":true},"182":{"start":{"line":436,"column":12},"end":{"line":436,"column":38},"skip":true},"183":{"start":{"line":437,"column":12},"end":{"line":445,"column":13},"skip":true},"184":{"start":{"line":438,"column":16},"end":{"line":438,"column":53},"skip":true},"185":{"start":{"line":439,"column":16},"end":{"line":444,"column":18},"skip":true},"186":{"start":{"line":447,"column":12},"end":{"line":483,"column":15},"skip":true},"187":{"start":{"line":448,"column":16},"end":{"line":448,"column":46},"skip":true},"188":{"start":{"line":449,"column":16},"end":{"line":451,"column":17},"skip":true},"189":{"start":{"line":450,"column":20},"end":{"line":450,"column":34},"skip":true},"190":{"start":{"line":452,"column":16},"end":{"line":481,"column":19},"skip":true},"191":{"start":{"line":453,"column":20},"end":{"line":480,"column":21},"skip":true},"192":{"start":{"line":455,"column":24},"end":{"line":455,"column":60},"skip":true},"193":{"start":{"line":456,"column":24},"end":{"line":456,"column":30},"skip":true},"194":{"start":{"line":458,"column":24},"end":{"line":458,"column":58},"skip":true},"195":{"start":{"line":459,"column":24},"end":{"line":459,"column":30},"skip":true},"196":{"start":{"line":461,"column":24},"end":{"line":461,"column":58},"skip":true},"197":{"start":{"line":462,"column":24},"end":{"line":462,"column":30},"skip":true},"198":{"start":{"line":464,"column":24},"end":{"line":466,"column":27},"skip":true},"199":{"start":{"line":465,"column":28},"end":{"line":465,"column":83},"skip":true},"200":{"start":{"line":467,"column":24},"end":{"line":467,"column":30},"skip":true},"201":{"start":{"line":469,"column":24},"end":{"line":469,"column":54},"skip":true},"202":{"start":{"line":470,"column":24},"end":{"line":470,"column":30},"skip":true},"203":{"start":{"line":472,"column":24},"end":{"line":472,"column":63},"skip":true},"204":{"start":{"line":473,"column":24},"end":{"line":473,"column":30},"skip":true},"205":{"start":{"line":475,"column":24},"end":{"line":475,"column":60},"skip":true},"206":{"start":{"line":476,"column":24},"end":{"line":476,"column":30},"skip":true},"207":{"start":{"line":478,"column":24},"end":{"line":478,"column":45},"skip":true},"208":{"start":{"line":479,"column":24},"end":{"line":479,"column":30},"skip":true},"209":{"start":{"line":482,"column":16},"end":{"line":482,"column":37},"skip":true},"210":{"start":{"line":486,"column":8},"end":{"line":502,"column":10},"skip":true},"211":{"start":{"line":492,"column":12},"end":{"line":492,"column":72},"skip":true},"212":{"start":{"line":493,"column":12},"end":{"line":501,"column":13},"skip":true},"213":{"start":{"line":495,"column":16},"end":{"line":495,"column":55},"skip":true},"214":{"start":{"line":496,"column":16},"end":{"line":496,"column":29},"skip":true},"215":{"start":{"line":499,"column":16},"end":{"line":499,"column":62},"skip":true},"216":{"start":{"line":500,"column":16},"end":{"line":500,"column":44},"skip":true},"217":{"start":{"line":508,"column":4},"end":{"line":802,"column":9}},"218":{"start":{"line":509,"column":8},"end":{"line":534,"column":10}},"219":{"start":{"line":513,"column":12},"end":{"line":513,"column":73}},"220":{"start":{"line":514,"column":12},"end":{"line":514,"column":21}},"221":{"start":{"line":515,"column":12},"end":{"line":515,"column":27}},"222":{"start":{"line":516,"column":12},"end":{"line":518,"column":14}},"223":{"start":{"line":517,"column":16},"end":{"line":517,"column":45}},"224":{"start":{"line":519,"column":12},"end":{"line":532,"column":27}},"225":{"start":{"line":520,"column":16},"end":{"line":520,"column":92}},"226":{"start":{"line":521,"column":16},"end":{"line":521,"column":69}},"227":{"start":{"line":523,"column":16},"end":{"line":529,"column":17}},"228":{"start":{"line":527,"column":20},"end":{"line":527,"column":27}},"229":{"start":{"line":528,"column":20},"end":{"line":528,"column":27}},"230":{"start":{"line":530,"column":16},"end":{"line":530,"column":55}},"231":{"start":{"line":531,"column":16},"end":{"line":531,"column":46}},"232":{"start":{"line":533,"column":12},"end":{"line":533,"column":38}},"233":{"start":{"line":536,"column":8},"end":{"line":555,"column":10}},"234":{"start":{"line":540,"column":12},"end":{"line":540,"column":42}},"235":{"start":{"line":541,"column":12},"end":{"line":554,"column":19}},"236":{"start":{"line":542,"column":16},"end":{"line":542,"column":48}},"237":{"start":{"line":543,"column":16},"end":{"line":543,"column":45}},"238":{"start":{"line":544,"column":16},"end":{"line":544,"column":43}},"239":{"start":{"line":545,"column":16},"end":{"line":545,"column":48}},"240":{"start":{"line":546,"column":16},"end":{"line":546,"column":45}},"241":{"start":{"line":547,"column":16},"end":{"line":547,"column":80}},"242":{"start":{"line":548,"column":16},"end":{"line":548,"column":49}},"243":{"start":{"line":549,"column":16},"end":{"line":549,"column":46}},"244":{"start":{"line":550,"column":16},"end":{"line":553,"column":24}},"245":{"start":{"line":551,"column":20},"end":{"line":551,"column":56}},"246":{"start":{"line":552,"column":20},"end":{"line":552,"column":31}},"247":{"start":{"line":557,"column":8},"end":{"line":572,"column":10}},"248":{"start":{"line":561,"column":12},"end":{"line":561,"column":45}},"249":{"start":{"line":562,"column":12},"end":{"line":562,"column":42}},"250":{"start":{"line":563,"column":12},"end":{"line":563,"column":45}},"251":{"start":{"line":564,"column":12},"end":{"line":564,"column":42}},"252":{"start":{"line":565,"column":12},"end":{"line":565,"column":42}},"253":{"start":{"line":566,"column":12},"end":{"line":566,"column":46}},"254":{"start":{"line":567,"column":12},"end":{"line":567,"column":43}},"255":{"start":{"line":568,"column":12},"end":{"line":568,"column":39}},"256":{"start":{"line":569,"column":12},"end":{"line":571,"column":20}},"257":{"start":{"line":570,"column":16},"end":{"line":570,"column":27}},"258":{"start":{"line":574,"column":8},"end":{"line":590,"column":10}},"259":{"start":{"line":575,"column":12},"end":{"line":589,"column":15}},"260":{"start":{"line":576,"column":16},"end":{"line":578,"column":17}},"261":{"start":{"line":577,"column":20},"end":{"line":577,"column":27}},"262":{"start":{"line":579,"column":16},"end":{"line":585,"column":17}},"263":{"start":{"line":583,"column":20},"end":{"line":583,"column":43}},"264":{"start":{"line":584,"column":20},"end":{"line":584,"column":26}},"265":{"start":{"line":586,"column":16},"end":{"line":586,"column":40}},"266":{"start":{"line":587,"column":16},"end":{"line":587,"column":54}},"267":{"start":{"line":588,"column":16},"end":{"line":588,"column":28}},"268":{"start":{"line":592,"column":8},"end":{"line":603,"column":10}},"269":{"start":{"line":596,"column":12},"end":{"line":602,"column":15}},"270":{"start":{"line":597,"column":16},"end":{"line":601,"column":19}},"271":{"start":{"line":600,"column":20},"end":{"line":600,"column":93}},"272":{"start":{"line":605,"column":8},"end":{"line":605,"column":39}},"273":{"start":{"line":607,"column":8},"end":{"line":679,"column":10}},"274":{"start":{"line":611,"column":12},"end":{"line":614,"column":13}},"275":{"start":{"line":612,"column":16},"end":{"line":612,"column":59}},"276":{"start":{"line":613,"column":16},"end":{"line":613,"column":23}},"277":{"start":{"line":615,"column":12},"end":{"line":615,"column":83}},"278":{"start":{"line":616,"column":12},"end":{"line":618,"column":13}},"279":{"start":{"line":617,"column":16},"end":{"line":617,"column":23}},"280":{"start":{"line":619,"column":12},"end":{"line":621,"column":13}},"281":{"start":{"line":620,"column":16},"end":{"line":620,"column":23}},"282":{"start":{"line":622,"column":12},"end":{"line":624,"column":15}},"283":{"start":{"line":623,"column":16},"end":{"line":623,"column":57}},"284":{"start":{"line":625,"column":12},"end":{"line":625,"column":61}},"285":{"start":{"line":626,"column":12},"end":{"line":645,"column":14}},"286":{"start":{"line":646,"column":12},"end":{"line":673,"column":15}},"287":{"start":{"line":649,"column":16},"end":{"line":651,"column":17}},"288":{"start":{"line":650,"column":20},"end":{"line":650,"column":27}},"289":{"start":{"line":652,"column":16},"end":{"line":659,"column":17}},"290":{"start":{"line":653,"column":20},"end":{"line":657,"column":39}},"291":{"start":{"line":658,"column":20},"end":{"line":658,"column":32}},"292":{"start":{"line":660,"column":16},"end":{"line":660,"column":49}},"293":{"start":{"line":661,"column":16},"end":{"line":664,"column":19}},"294":{"start":{"line":662,"column":20},"end":{"line":663,"column":64}},"295":{"start":{"line":665,"column":16},"end":{"line":670,"column":17}},"296":{"start":{"line":666,"column":20},"end":{"line":666,"column":81}},"297":{"start":{"line":668,"column":20},"end":{"line":669,"column":74}},"298":{"start":{"line":671,"column":16},"end":{"line":671,"column":60}},"299":{"start":{"line":672,"column":16},"end":{"line":672,"column":28}},"300":{"start":{"line":674,"column":12},"end":{"line":676,"column":66}},"301":{"start":{"line":677,"column":12},"end":{"line":677,"column":75}},"302":{"start":{"line":678,"column":12},"end":{"line":678,"column":27}},"303":{"start":{"line":681,"column":8},"end":{"line":724,"column":10}},"304":{"start":{"line":685,"column":12},"end":{"line":721,"column":15}},"305":{"start":{"line":686,"column":16},"end":{"line":720,"column":17}},"306":{"start":{"line":688,"column":20},"end":{"line":700,"column":21}},"307":{"start":{"line":689,"column":24},"end":{"line":690,"column":90}},"308":{"start":{"line":691,"column":24},"end":{"line":699,"column":31}},"309":{"start":{"line":693,"column":32},"end":{"line":698,"column":33}},"310":{"start":{"line":695,"column":36},"end":{"line":695,"column":82}},"311":{"start":{"line":697,"column":36},"end":{"line":697,"column":85}},"312":{"start":{"line":701,"column":20},"end":{"line":702,"column":79}},"313":{"start":{"line":704,"column":20},"end":{"line":704,"column":40}},"314":{"start":{"line":705,"column":20},"end":{"line":712,"column":82}},"315":{"start":{"line":713,"column":20},"end":{"line":713,"column":26}},"316":{"start":{"line":715,"column":20},"end":{"line":715,"column":63}},"317":{"start":{"line":716,"column":20},"end":{"line":716,"column":68}},"318":{"start":{"line":717,"column":20},"end":{"line":717,"column":26}},"319":{"start":{"line":719,"column":20},"end":{"line":719,"column":32}},"320":{"start":{"line":722,"column":12},"end":{"line":722,"column":33}},"321":{"start":{"line":723,"column":12},"end":{"line":723,"column":29}},"322":{"start":{"line":726,"column":8},"end":{"line":801,"column":10}},"323":{"start":{"line":730,"column":12},"end":{"line":730,"column":29}},"324":{"start":{"line":731,"column":12},"end":{"line":731,"column":33}},"325":{"start":{"line":732,"column":12},"end":{"line":736,"column":13}},"326":{"start":{"line":733,"column":16},"end":{"line":734,"column":66}},"327":{"start":{"line":735,"column":16},"end":{"line":735,"column":23}},"328":{"start":{"line":737,"column":12},"end":{"line":738,"column":74}},"329":{"start":{"line":740,"column":12},"end":{"line":759,"column":15}},"330":{"start":{"line":741,"column":16},"end":{"line":746,"column":19}},"331":{"start":{"line":747,"column":16},"end":{"line":749,"column":28}},"332":{"start":{"line":750,"column":16},"end":{"line":752,"column":28}},"333":{"start":{"line":753,"column":16},"end":{"line":755,"column":54}},"334":{"start":{"line":756,"column":16},"end":{"line":758,"column":28}},"335":{"start":{"line":761,"column":12},"end":{"line":761,"column":95}},"336":{"start":{"line":762,"column":12},"end":{"line":773,"column":15}},"337":{"start":{"line":763,"column":16},"end":{"line":763,"column":29}},"338":{"start":{"line":764,"column":16},"end":{"line":764,"column":29}},"339":{"start":{"line":765,"column":16},"end":{"line":769,"column":17}},"340":{"start":{"line":766,"column":20},"end":{"line":768,"column":28}},"341":{"start":{"line":770,"column":16},"end":{"line":772,"column":24}},"342":{"start":{"line":774,"column":12},"end":{"line":776,"column":15}},"343":{"start":{"line":775,"column":16},"end":{"line":775,"column":32}},"344":{"start":{"line":777,"column":12},"end":{"line":777,"column":89}},"345":{"start":{"line":778,"column":12},"end":{"line":793,"column":14}},"346":{"start":{"line":794,"column":12},"end":{"line":800,"column":15}},"347":{"start":{"line":797,"column":16},"end":{"line":799,"column":28}},"348":{"start":{"line":798,"column":20},"end":{"line":798,"column":47}},"349":{"start":{"line":803,"column":4},"end":{"line":845,"column":5}},"350":{"start":{"line":809,"column":8},"end":{"line":809,"column":35}},"351":{"start":{"line":810,"column":8},"end":{"line":810,"column":43}},"352":{"start":{"line":811,"column":8},"end":{"line":816,"column":11}},"353":{"start":{"line":814,"column":12},"end":{"line":814,"column":55}},"354":{"start":{"line":815,"column":12},"end":{"line":815,"column":27}},"355":{"start":{"line":817,"column":8},"end":{"line":822,"column":10}},"356":{"start":{"line":823,"column":8},"end":{"line":823,"column":37}},"357":{"start":{"line":825,"column":8},"end":{"line":825,"column":41}},"358":{"start":{"line":827,"column":8},"end":{"line":832,"column":11}},"359":{"start":{"line":828,"column":12},"end":{"line":828,"column":90}},"360":{"start":{"line":829,"column":12},"end":{"line":829,"column":60}},"361":{"start":{"line":831,"column":12},"end":{"line":831,"column":33}},"362":{"start":{"line":833,"column":8},"end":{"line":834,"column":95}},"363":{"start":{"line":835,"column":8},"end":{"line":838,"column":10}},"364":{"start":{"line":839,"column":8},"end":{"line":840,"column":65}},"365":{"start":{"line":842,"column":8},"end":{"line":843,"column":26}},"366":{"start":{"line":844,"column":8},"end":{"line":844,"column":14}}},"branchMap":{"1":{"line":25,"type":"binary-expr","locations":[{"start":{"line":25,"column":23},"end":{"line":25,"column":62}},{"start":{"line":26,"column":20},"end":{"line":26,"column":70}},{"start":{"line":27,"column":20},"end":{"line":27,"column":71}},{"start":{"line":28,"column":20},"end":{"line":28,"column":29}}]},"2":{"line":30,"type":"binary-expr","locations":[{"start":{"line":30,"column":23},"end":{"line":30,"column":37}},{"start":{"line":31,"column":20},"end":{"line":31,"column":61}},{"start":{"line":32,"column":20},"end":{"line":32,"column":70}},{"start":{"line":33,"column":20},"end":{"line":33,"column":26}}]},"3":{"line":37,"type":"cond-expr","locations":[{"start":{"line":38,"column":14},"end":{"line":38,"column":20}},{"start":{"line":39,"column":14},"end":{"line":39,"column":20}}]},"4":{"line":41,"type":"binary-expr","locations":[{"start":{"line":41,"column":16},"end":{"line":41,"column":44}},{"start":{"line":41,"column":48},"end":{"line":41,"column":53}}]},"5":{"line":45,"type":"if","locations":[{"start":{"line":45,"column":8},"end":{"line":45,"column":8}},{"start":{"line":45,"column":8},"end":{"line":45,"column":8}}]},"6":{"line":50,"type":"if","locations":[{"start":{"line":50,"column":16},"end":{"line":50,"column":16}},{"start":{"line":50,"column":16},"end":{"line":50,"column":16}}]},"7":{"line":50,"type":"binary-expr","locations":[{"start":{"line":50,"column":20},"end":{"line":50,"column":31}},{"start":{"line":50,"column":35},"end":{"line":50,"column":61}}]},"8":{"line":79,"type":"binary-expr","locations":[{"start":{"line":79,"column":24},"end":{"line":79,"column":33},"skip":true},{"start":{"line":79,"column":37},"end":{"line":81,"column":13},"skip":true}]},"9":{"line":82,"type":"binary-expr","locations":[{"start":{"line":82,"column":40},"end":{"line":82,"column":65},"skip":true},{"start":{"line":82,"column":69},"end":{"line":82,"column":70},"skip":true}]},"10":{"line":83,"type":"binary-expr","locations":[{"start":{"line":83,"column":39},"end":{"line":83,"column":63},"skip":true},{"start":{"line":83,"column":67},"end":{"line":83,"column":76},"skip":true}]},"11":{"line":84,"type":"binary-expr","locations":[{"start":{"line":84,"column":39},"end":{"line":84,"column":63},"skip":true},{"start":{"line":84,"column":67},"end":{"line":84,"column":76},"skip":true}]},"12":{"line":85,"type":"binary-expr","locations":[{"start":{"line":85,"column":35},"end":{"line":85,"column":55},"skip":true},{"start":{"line":85,"column":59},"end":{"line":85,"column":68},"skip":true}]},"13":{"line":86,"type":"binary-expr","locations":[{"start":{"line":86,"column":40},"end":{"line":86,"column":65},"skip":true},{"start":{"line":86,"column":69},"end":{"line":86,"column":78},"skip":true}]},"14":{"line":87,"type":"binary-expr","locations":[{"start":{"line":87,"column":46},"end":{"line":87,"column":77},"skip":true},{"start":{"line":87,"column":81},"end":{"line":87,"column":90},"skip":true}]},"15":{"line":88,"type":"binary-expr","locations":[{"start":{"line":88,"column":37},"end":{"line":88,"column":59},"skip":true},{"start":{"line":88,"column":63},"end":{"line":90,"column":13},"skip":true}]},"16":{"line":91,"type":"binary-expr","locations":[{"start":{"line":91,"column":39},"end":{"line":91,"column":63},"skip":true},{"start":{"line":91,"column":67},"end":{"line":91,"column":76},"skip":true}]},"17":{"line":92,"type":"binary-expr","locations":[{"start":{"line":92,"column":38},"end":{"line":92,"column":61},"skip":true},{"start":{"line":92,"column":65},"end":{"line":92,"column":74},"skip":true}]},"18":{"line":93,"type":"binary-expr","locations":[{"start":{"line":93,"column":35},"end":{"line":93,"column":55},"skip":true},{"start":{"line":93,"column":59},"end":{"line":93,"column":64},"skip":true}]},"19":{"line":94,"type":"binary-expr","locations":[{"start":{"line":94,"column":36},"end":{"line":94,"column":57},"skip":true},{"start":{"line":94,"column":61},"end":{"line":94,"column":70},"skip":true}]},"20":{"line":98,"type":"cond-expr","locations":[{"start":{"line":99,"column":18},"end":{"line":99,"column":50},"skip":true},{"start":{"line":100,"column":18},"end":{"line":100,"column":45},"skip":true}]},"21":{"line":98,"type":"binary-expr","locations":[{"start":{"line":98,"column":18},"end":{"line":98,"column":41},"skip":true},{"start":{"line":98,"column":45},"end":{"line":98,"column":82},"skip":true}]},"22":{"line":105,"type":"if","locations":[{"start":{"line":105,"column":16},"end":{"line":105,"column":16},"skip":true},{"start":{"line":105,"column":16},"end":{"line":105,"column":16},"skip":true}]},"23":{"line":111,"type":"binary-expr","locations":[{"start":{"line":111,"column":24},"end":{"line":111,"column":39},"skip":true},{"start":{"line":111,"column":43},"end":{"line":111,"column":45},"skip":true}]},"24":{"line":115,"type":"binary-expr","locations":[{"start":{"line":115,"column":25},"end":{"line":115,"column":35},"skip":true},{"start":{"line":115,"column":39},"end":{"line":115,"column":44},"skip":true}]},"25":{"line":119,"type":"binary-expr","locations":[{"start":{"line":119,"column":26},"end":{"line":119,"column":37},"skip":true},{"start":{"line":119,"column":41},"end":{"line":119,"column":61},"skip":true}]},"26":{"line":122,"type":"binary-expr","locations":[{"start":{"line":122,"column":28},"end":{"line":122,"column":37},"skip":true},{"start":{"line":122,"column":41},"end":{"line":123,"column":82},"skip":true}]},"27":{"line":132,"type":"switch","locations":[{"start":{"line":133,"column":16},"end":{"line":133,"column":29},"skip":true},{"start":{"line":134,"column":16},"end":{"line":134,"column":29},"skip":true},{"start":{"line":135,"column":16},"end":{"line":192,"column":26},"skip":true}]},"28":{"line":137,"type":"if","locations":[{"start":{"line":137,"column":20},"end":{"line":137,"column":20},"skip":true},{"start":{"line":137,"column":20},"end":{"line":137,"column":20},"skip":true}]},"29":{"line":142,"type":"if","locations":[{"start":{"line":142,"column":20},"end":{"line":142,"column":20},"skip":true},{"start":{"line":142,"column":20},"end":{"line":142,"column":20},"skip":true}]},"30":{"line":152,"type":"binary-expr","locations":[{"start":{"line":152,"column":34},"end":{"line":152,"column":42},"skip":true},{"start":{"line":152,"column":46},"end":{"line":152,"column":60},"skip":true},{"start":{"line":153,"column":32},"end":{"line":153,"column":76},"skip":true}]},"31":{"line":168,"type":"if","locations":[{"start":{"line":168,"column":20},"end":{"line":168,"column":20},"skip":true},{"start":{"line":168,"column":20},"end":{"line":168,"column":20},"skip":true}]},"32":{"line":168,"type":"binary-expr","locations":[{"start":{"line":168,"column":24},"end":{"line":168,"column":34},"skip":true},{"start":{"line":169,"column":29},"end":{"line":169,"column":51},"skip":true},{"start":{"line":170,"column":28},"end":{"line":170,"column":50},"skip":true},{"start":{"line":171,"column":28},"end":{"line":171,"column":49},"skip":true}]},"33":{"line":175,"type":"if","locations":[{"start":{"line":175,"column":20},"end":{"line":175,"column":20},"skip":true},{"start":{"line":175,"column":20},"end":{"line":175,"column":20},"skip":true}]},"34":{"line":177,"type":"if","locations":[{"start":{"line":177,"column":24},"end":{"line":177,"column":24},"skip":true},{"start":{"line":177,"column":24},"end":{"line":177,"column":24},"skip":true}]},"35":{"line":205,"type":"binary-expr","locations":[{"start":{"line":205,"column":40},"end":{"line":205,"column":66},"skip":true},{"start":{"line":206,"column":16},"end":{"line":206,"column":46},"skip":true},{"start":{"line":207,"column":16},"end":{"line":207,"column":79},"skip":true},{"start":{"line":208,"column":16},"end":{"line":208,"column":66},"skip":true}]},"36":{"line":209,"type":"if","locations":[{"start":{"line":209,"column":12},"end":{"line":209,"column":12},"skip":true},{"start":{"line":209,"column":12},"end":{"line":209,"column":12},"skip":true}]},"37":{"line":219,"type":"if","locations":[{"start":{"line":219,"column":12},"end":{"line":219,"column":12},"skip":true},{"start":{"line":219,"column":12},"end":{"line":219,"column":12},"skip":true}]},"38":{"line":219,"type":"binary-expr","locations":[{"start":{"line":219,"column":16},"end":{"line":219,"column":30},"skip":true},{"start":{"line":219,"column":34},"end":{"line":219,"column":68},"skip":true}]},"39":{"line":222,"type":"if","locations":[{"start":{"line":222,"column":20},"end":{"line":222,"column":20},"skip":true},{"start":{"line":222,"column":20},"end":{"line":222,"column":20},"skip":true}]},"40":{"line":223,"type":"binary-expr","locations":[{"start":{"line":223,"column":36},"end":{"line":223,"column":45},"skip":true},{"start":{"line":223,"column":49},"end":{"line":223,"column":54},"skip":true}]},"41":{"line":242,"type":"binary-expr","locations":[{"start":{"line":242,"column":31},"end":{"line":242,"column":57},"skip":true},{"start":{"line":243,"column":16},"end":{"line":243,"column":59},"skip":true}]},"42":{"line":244,"type":"if","locations":[{"start":{"line":244,"column":12},"end":{"line":244,"column":12},"skip":true},{"start":{"line":244,"column":12},"end":{"line":244,"column":12},"skip":true}]},"43":{"line":248,"type":"binary-expr","locations":[{"start":{"line":248,"column":52},"end":{"line":248,"column":89},"skip":true},{"start":{"line":249,"column":16},"end":{"line":249,"column":49},"skip":true}]},"44":{"line":253,"type":"if","locations":[{"start":{"line":253,"column":12},"end":{"line":253,"column":12},"skip":true},{"start":{"line":253,"column":12},"end":{"line":253,"column":12},"skip":true}]},"45":{"line":259,"type":"binary-expr","locations":[{"start":{"line":259,"column":20},"end":{"line":259,"column":69},"skip":true},{"start":{"line":259,"column":73},"end":{"line":259,"column":74},"skip":true}]},"46":{"line":275,"type":"binary-expr","locations":[{"start":{"line":275,"column":30},"end":{"line":275,"column":54},"skip":true},{"start":{"line":275,"column":59},"end":{"line":277,"column":23},"skip":true}]},"47":{"line":279,"type":"cond-expr","locations":[{"start":{"line":280,"column":18},"end":{"line":280,"column":38},"skip":true},{"start":{"line":281,"column":18},"end":{"line":281,"column":22},"skip":true}]},"48":{"line":289,"type":"if","locations":[{"start":{"line":289,"column":12},"end":{"line":289,"column":12},"skip":true},{"start":{"line":289,"column":12},"end":{"line":289,"column":12},"skip":true}]},"49":{"line":292,"type":"cond-expr","locations":[{"start":{"line":294,"column":18},"end":{"line":294,"column":25},"skip":true},{"start":{"line":295,"column":18},"end":{"line":299,"column":46},"skip":true}]},"50":{"line":292,"type":"binary-expr","locations":[{"start":{"line":292,"column":20},"end":{"line":292,"column":27},"skip":true},{"start":{"line":292,"column":31},"end":{"line":292,"column":46},"skip":true}]},"51":{"line":295,"type":"cond-expr","locations":[{"start":{"line":297,"column":22},"end":{"line":297,"column":29},"skip":true},{"start":{"line":299,"column":22},"end":{"line":299,"column":45},"skip":true}]},"52":{"line":314,"type":"binary-expr","locations":[{"start":{"line":314,"column":18},"end":{"line":314,"column":21},"skip":true},{"start":{"line":314,"column":25},"end":{"line":314,"column":27},"skip":true}]},"53":{"line":315,"type":"binary-expr","locations":[{"start":{"line":315,"column":23},"end":{"line":315,"column":31},"skip":true},{"start":{"line":315,"column":35},"end":{"line":315,"column":37},"skip":true}]},"54":{"line":324,"type":"if","locations":[{"start":{"line":324,"column":16},"end":{"line":324,"column":16},"skip":true},{"start":{"line":324,"column":16},"end":{"line":324,"column":16},"skip":true}]},"55":{"line":328,"type":"if","locations":[{"start":{"line":328,"column":16},"end":{"line":328,"column":16},"skip":true},{"start":{"line":328,"column":16},"end":{"line":328,"column":16},"skip":true}]},"56":{"line":334,"type":"if","locations":[{"start":{"line":334,"column":16},"end":{"line":334,"column":16},"skip":true},{"start":{"line":334,"column":16},"end":{"line":334,"column":16},"skip":true}]},"57":{"line":334,"type":"binary-expr","locations":[{"start":{"line":334,"column":20},"end":{"line":334,"column":29},"skip":true},{"start":{"line":336,"column":24},"end":{"line":336,"column":28},"skip":true},{"start":{"line":337,"column":24},"end":{"line":337,"column":48},"skip":true},{"start":{"line":338,"column":24},"end":{"line":338,"column":44},"skip":true},{"start":{"line":340,"column":24},"end":{"line":340,"column":33},"skip":true},{"start":{"line":341,"column":24},"end":{"line":341,"column":53},"skip":true},{"start":{"line":342,"column":24},"end":{"line":342,"column":49},"skip":true}]},"58":{"line":358,"type":"if","locations":[{"start":{"line":358,"column":16},"end":{"line":358,"column":16},"skip":true},{"start":{"line":358,"column":16},"end":{"line":358,"column":16},"skip":true}]},"59":{"line":358,"type":"binary-expr","locations":[{"start":{"line":358,"column":20},"end":{"line":358,"column":25},"skip":true},{"start":{"line":359,"column":24},"end":{"line":359,"column":52},"skip":true},{"start":{"line":360,"column":24},"end":{"line":360,"column":77},"skip":true}]},"60":{"line":375,"type":"cond-expr","locations":[{"start":{"line":376,"column":26},"end":{"line":376,"column":34},"skip":true},{"start":{"line":377,"column":26},"end":{"line":377,"column":46},"skip":true}]},"61":{"line":375,"type":"binary-expr","locations":[{"start":{"line":375,"column":39},"end":{"line":375,"column":44},"skip":true},{"start":{"line":375,"column":48},"end":{"line":375,"column":72},"skip":true}]},"62":{"line":381,"type":"if","locations":[{"start":{"line":381,"column":20},"end":{"line":381,"column":20},"skip":true},{"start":{"line":381,"column":20},"end":{"line":381,"column":20},"skip":true}]},"63":{"line":396,"type":"binary-expr","locations":[{"start":{"line":396,"column":19},"end":{"line":396,"column":23},"skip":true},{"start":{"line":396,"column":27},"end":{"line":396,"column":29},"skip":true}]},"64":{"line":402,"type":"binary-expr","locations":[{"start":{"line":402,"column":28},"end":{"line":402,"column":33},"skip":true},{"start":{"line":402,"column":37},"end":{"line":402,"column":47},"skip":true}]},"65":{"line":407,"type":"switch","locations":[{"start":{"line":408,"column":16},"end":{"line":415,"column":29},"skip":true},{"start":{"line":416,"column":16},"end":{"line":423,"column":63},"skip":true},{"start":{"line":424,"column":16},"end":{"line":428,"column":62},"skip":true},{"start":{"line":429,"column":16},"end":{"line":431,"column":83},"skip":true}]},"66":{"line":410,"type":"cond-expr","locations":[{"start":{"line":411,"column":26},"end":{"line":414,"column":35},"skip":true},{"start":{"line":415,"column":26},"end":{"line":415,"column":28},"skip":true}]},"67":{"line":418,"type":"cond-expr","locations":[{"start":{"line":419,"column":26},"end":{"line":419,"column":36},"skip":true},{"start":{"line":421,"column":26},"end":{"line":421,"column":74},"skip":true}]},"68":{"line":425,"type":"cond-expr","locations":[{"start":{"line":426,"column":26},"end":{"line":426,"column":28},"skip":true},{"start":{"line":428,"column":26},"end":{"line":428,"column":61},"skip":true}]},"69":{"line":436,"type":"binary-expr","locations":[{"start":{"line":436,"column":23},"end":{"line":436,"column":31},"skip":true},{"start":{"line":436,"column":35},"end":{"line":436,"column":37},"skip":true}]},"70":{"line":449,"type":"if","locations":[{"start":{"line":449,"column":16},"end":{"line":449,"column":16},"skip":true},{"start":{"line":449,"column":16},"end":{"line":449,"column":16},"skip":true}]},"71":{"line":453,"type":"switch","locations":[{"start":{"line":454,"column":20},"end":{"line":456,"column":30},"skip":true},{"start":{"line":457,"column":20},"end":{"line":459,"column":30},"skip":true},{"start":{"line":460,"column":20},"end":{"line":462,"column":30},"skip":true},{"start":{"line":463,"column":20},"end":{"line":467,"column":30},"skip":true},{"start":{"line":468,"column":20},"end":{"line":470,"column":30},"skip":true},{"start":{"line":471,"column":20},"end":{"line":473,"column":30},"skip":true},{"start":{"line":474,"column":20},"end":{"line":476,"column":30},"skip":true},{"start":{"line":477,"column":20},"end":{"line":479,"column":30},"skip":true}]},"72":{"line":521,"type":"binary-expr","locations":[{"start":{"line":521,"column":23},"end":{"line":521,"column":61}},{"start":{"line":521,"column":66},"end":{"line":521,"column":68}}]},"73":{"line":523,"type":"if","locations":[{"start":{"line":523,"column":16},"end":{"line":523,"column":16}},{"start":{"line":523,"column":16},"end":{"line":523,"column":16}}]},"74":{"line":523,"type":"binary-expr","locations":[{"start":{"line":523,"column":20},"end":{"line":523,"column":61}},{"start":{"line":525,"column":24},"end":{"line":525,"column":56}},{"start":{"line":526,"column":24},"end":{"line":526,"column":56}}]},"75":{"line":576,"type":"if","locations":[{"start":{"line":576,"column":16},"end":{"line":576,"column":16}},{"start":{"line":576,"column":16},"end":{"line":576,"column":16}}]},"76":{"line":576,"type":"binary-expr","locations":[{"start":{"line":576,"column":22},"end":{"line":576,"column":54}},{"start":{"line":576,"column":58},"end":{"line":576,"column":83}}]},"77":{"line":579,"type":"switch","locations":[{"start":{"line":580,"column":16},"end":{"line":580,"column":25}},{"start":{"line":581,"column":16},"end":{"line":581,"column":30}},{"start":{"line":582,"column":16},"end":{"line":584,"column":26}}]},"78":{"line":611,"type":"if","locations":[{"start":{"line":611,"column":12},"end":{"line":611,"column":12}},{"start":{"line":611,"column":12},"end":{"line":611,"column":12}}]},"79":{"line":615,"type":"binary-expr","locations":[{"start":{"line":615,"column":33},"end":{"line":615,"column":64}},{"start":{"line":615,"column":68},"end":{"line":615,"column":82}}]},"80":{"line":616,"type":"if","locations":[{"start":{"line":616,"column":12},"end":{"line":616,"column":12}},{"start":{"line":616,"column":12},"end":{"line":616,"column":12}}]},"81":{"line":619,"type":"if","locations":[{"start":{"line":619,"column":12},"end":{"line":619,"column":12}},{"start":{"line":619,"column":12},"end":{"line":619,"column":12}}]},"82":{"line":649,"type":"if","locations":[{"start":{"line":649,"column":16},"end":{"line":649,"column":16}},{"start":{"line":649,"column":16},"end":{"line":649,"column":16}}]},"83":{"line":649,"type":"binary-expr","locations":[{"start":{"line":649,"column":20},"end":{"line":649,"column":69}},{"start":{"line":649,"column":73},"end":{"line":649,"column":93}}]},"84":{"line":652,"type":"if","locations":[{"start":{"line":652,"column":16},"end":{"line":652,"column":16}},{"start":{"line":652,"column":16},"end":{"line":652,"column":16}}]},"85":{"line":665,"type":"if","locations":[{"start":{"line":665,"column":16},"end":{"line":665,"column":16}},{"start":{"line":665,"column":16},"end":{"line":665,"column":16}}]},"86":{"line":686,"type":"switch","locations":[{"start":{"line":687,"column":16},"end":{"line":713,"column":26}},{"start":{"line":714,"column":16},"end":{"line":717,"column":26}},{"start":{"line":718,"column":16},"end":{"line":719,"column":32}}]},"87":{"line":688,"type":"if","locations":[{"start":{"line":688,"column":20},"end":{"line":688,"column":20}},{"start":{"line":688,"column":20},"end":{"line":688,"column":20}}]},"88":{"line":690,"type":"binary-expr","locations":[{"start":{"line":690,"column":28},"end":{"line":690,"column":77}},{"start":{"line":690,"column":81},"end":{"line":690,"column":89}}]},"89":{"line":693,"type":"if","locations":[{"start":{"line":693,"column":32},"end":{"line":693,"column":32}},{"start":{"line":693,"column":32},"end":{"line":693,"column":32}}]},"90":{"line":702,"type":"binary-expr","locations":[{"start":{"line":702,"column":24},"end":{"line":702,"column":72}},{"start":{"line":702,"column":76},"end":{"line":702,"column":78}}]},"91":{"line":710,"type":"binary-expr","locations":[{"start":{"line":710,"column":40},"end":{"line":711,"column":55}},{"start":{"line":711,"column":59},"end":{"line":711,"column":64}}]},"92":{"line":732,"type":"if","locations":[{"start":{"line":732,"column":12},"end":{"line":732,"column":12}},{"start":{"line":732,"column":12},"end":{"line":732,"column":12}}]},"93":{"line":732,"type":"binary-expr","locations":[{"start":{"line":732,"column":18},"end":{"line":732,"column":25}},{"start":{"line":732,"column":29},"end":{"line":732,"column":44}},{"start":{"line":732,"column":48},"end":{"line":732,"column":70}}]},"94":{"line":747,"type":"cond-expr","locations":[{"start":{"line":748,"column":22},"end":{"line":748,"column":62}},{"start":{"line":749,"column":22},"end":{"line":749,"column":27}}]},"95":{"line":750,"type":"cond-expr","locations":[{"start":{"line":751,"column":22},"end":{"line":751,"column":53}},{"start":{"line":752,"column":22},"end":{"line":752,"column":27}}]},"96":{"line":753,"type":"cond-expr","locations":[{"start":{"line":754,"column":22},"end":{"line":754,"column":48}},{"start":{"line":755,"column":22},"end":{"line":755,"column":53}}]},"97":{"line":756,"type":"cond-expr","locations":[{"start":{"line":757,"column":22},"end":{"line":757,"column":66}},{"start":{"line":758,"column":22},"end":{"line":758,"column":27}}]},"98":{"line":756,"type":"binary-expr","locations":[{"start":{"line":756,"column":46},"end":{"line":756,"column":65}},{"start":{"line":756,"column":69},"end":{"line":756,"column":85}}]},"99":{"line":765,"type":"if","locations":[{"start":{"line":765,"column":16},"end":{"line":765,"column":16}},{"start":{"line":765,"column":16},"end":{"line":765,"column":16}}]},"100":{"line":766,"type":"cond-expr","locations":[{"start":{"line":767,"column":26},"end":{"line":767,"column":28}},{"start":{"line":768,"column":26},"end":{"line":768,"column":27}}]},"101":{"line":770,"type":"cond-expr","locations":[{"start":{"line":771,"column":22},"end":{"line":771,"column":24}},{"start":{"line":772,"column":22},"end":{"line":772,"column":23}}]},"102":{"line":803,"type":"switch","locations":[{"start":{"line":808,"column":4},"end":{"line":844,"column":14}}]},"103":{"line":834,"type":"binary-expr","locations":[{"start":{"line":834,"column":12},"end":{"line":834,"column":82}},{"start":{"line":834,"column":86},"end":{"line":834,"column":94}}]},"104":{"line":836,"type":"binary-expr","locations":[{"start":{"line":836,"column":12},"end":{"line":836,"column":58}},{"start":{"line":836,"column":62},"end":{"line":836,"column":63}}]},"105":{"line":840,"type":"binary-expr","locations":[{"start":{"line":840,"column":12},"end":{"line":840,"column":58}},{"start":{"line":840,"column":62},"end":{"line":840,"column":64}}]}},"code":["/* istanbul instrument in package itunes_search */","/*jslint","    bitwise: true,","    browser: true,","    maxerr: 8,","    maxlen: 96,","    node: true,","    nomen: true,","    regexp: true,","    stupid: true","*/","(function () {","    'use strict';","    var local;","","","","    // run shared js-env code - init-before","    (function () {","        // init local","        local = {};","        // init modeJs","        local.modeJs = (function () {","            try {","                return typeof navigator.userAgent === 'string' &&","                    typeof document.querySelector('body') === 'object' &&","                    typeof XMLHttpRequest.prototype.open === 'function' &&","                    'browser';","            } catch (errorCaughtBrowser) {","                return module.exports &&","                    typeof process.versions.node === 'string' &&","                    typeof require('http').createServer === 'function' &&","                    'node';","            }","        }());","        // init global","        local.global = local.modeJs === 'browser'","            ? window","            : global;","        // init utility2_rollup","        local = local.global.utility2_rollup || local;","        // init lib","        local.local = local.itunes_search = local;","        // init exports","        if (local.modeJs === 'browser') {","            local.global.utility2_itunes_search = local;","        } else {","            // require builtins","            Object.keys(process.binding('natives')).forEach(function (key) {","                if (!local[key] && !(/\\/|^_|^sys$/).test(key)) {","                    local[key] = require(key);","                }","            });","            module.exports = local;","            module.exports.__dirname = __dirname;","            module.exports.module = module;","        }","    }());","","","","    // run shared js-env code - function-before","    /* istanbul ignore next */","    (function () {","        local.ajax = function (options, onError) {","        /*","         * this function will send an ajax-request with error-handling and timeout","         * example usage:","            local.ajax({","                method: 'GET',","                url: '/index.html'","            }, function (error, xhr) {","                console.log(xhr.responseText);","                console.log(xhr.statusCode);","            });","         */","            var tmp, xhr;","            // init standalone handling-behavior","            local.nop = local.nop || function () {","                return;","            };","            local.ajaxProgressCounter = local.ajaxProgressCounter || 0;","            local.ajaxProgressUpdate = local.ajaxProgressUpdate || local.nop;","            local.bufferToNodeBuffer = local.bufferToNodeBuffer || local.nop;","            local.bufferToString = local.bufferToString || local.nop;","            local.errorMessagePrepend = local.errorMessagePrepend || local.nop;","            local.githubForwardProxyUrlTest = local.githubForwardProxyUrlTest || local.nop;","            local.onErrorWithStack = local.onErrorWithStack || function (arg) {","                return arg;","            };","            local.serverLocalUrlTest = local.serverLocalUrlTest || local.nop;","            local.streamListCleanup = local.streamListCleanup || local.nop;","            local.timeoutDefault = local.timeoutDefault || 30000;","            local.tryCatchOnError = local.tryCatchOnError || local.nop;","            // init onError","            onError = local.onErrorWithStack(onError);","            // init xhr","            xhr = local.modeJs === 'node' || local.serverLocalUrlTest(options.url)","                ? new local._http.XMLHttpRequest()","                : new window.XMLHttpRequest();","            // debug xhr","            local._debugXhr = xhr;","            // init options","            Object.keys(options).forEach(function (key) {","                if (options[key] !== undefined) {","                    xhr[key] = options[key];","                }","            });","            // init headers","            xhr.headers = {};","            Object.keys(options.headers || {}).forEach(function (key) {","                xhr.headers[key.toLowerCase()] = options.headers[key];","            });","            // init method","            xhr.method = xhr.method || 'GET';","            // init timeStart","            xhr.timeStart = Date.now();","            // init timeout","            xhr.timeout = xhr.timeout || local.timeoutDefault;","            // init timerTimeout","            xhr.timerTimeout = setTimeout(function () {","                xhr.error = xhr.error || new Error('onTimeout - timeout-error - ' +","                    xhr.timeout + ' ms - ' + 'ajax ' + xhr.method + ' ' + xhr.url);","                xhr.abort();","                // cleanup requestStream and responseStream","                local.streamListCleanup([xhr.requestStream, xhr.responseStream]);","            }, xhr.timeout | 0);","            // init event handling","            xhr.onEvent = function (event) {","                // init statusCode","                xhr.statusCode = xhr.status;","                switch (event.type) {","                case 'abort':","                case 'error':","                case 'load':","                    // do not run more than once","                    if (xhr.isDone) {","                        return;","                    }","                    xhr.isDone = true;","                    // debug ajaxResponse","                    if (xhr.modeDebug) {","                        console.error({","                            type: 'ajaxResponse',","                            time: new Date(xhr.timeStart).toISOString(),","                            method: xhr.method,","                            url: xhr.url,","                            statusCode: xhr.statusCode,","                            duration: Date.now() - xhr.timeStart,","                            // extra","                            headers: xhr.headers,","                            data: xhr.data && xhr.data.slice &&","                                local.bufferToString(xhr.data.slice(0, 256)),","                            responseText: local.tryCatchOnError(function () {","                                return xhr.responseText.slice(0, 256);","                            }, local.nop)","                        });","                    }","                    // cleanup timerTimeout","                    clearTimeout(xhr.timerTimeout);","                    // cleanup requestStream and responseStream","                    setTimeout(function () {","                        local.streamListCleanup([xhr.requestStream, xhr.responseStream]);","                    });","                    // decrement ajaxProgressCounter","                    local.ajaxProgressCounter -= 1;","                    // handle abort or error event","                    if (!xhr.error &&","                            (event.type === 'abort' ||","                            event.type === 'error' ||","                            xhr.statusCode >= 400)) {","                        xhr.error = new Error(event.type);","                    }","                    // handle completed xhr request","                    if (xhr.readyState === 4) {","                        // handle string data","                        if (xhr.error) {","                            // debug statusCode","                            xhr.error.statusCode = xhr.statusCode;","                            // debug statusCode / method / url","                            tmp = local.modeJs + ' - ' + xhr.statusCode + ' ' + xhr.method +","                                ' ' + xhr.url + '\\n';","                            // try to debug responseText","                            local.tryCatchOnError(function () {","                                tmp += '    ' + JSON.stringify(xhr.responseText.slice(0, 256) +","                                    '...') + '\\n';","                            }, local.nop);","                            local.errorMessagePrepend(xhr.error, tmp);","                        }","                    }","                    onError(xhr.error, xhr);","                    break;","                }","                local.ajaxProgressUpdate();","            };","            // increment ajaxProgressCounter","            local.ajaxProgressCounter += 1;","            xhr.addEventListener('abort', xhr.onEvent);","            xhr.addEventListener('error', xhr.onEvent);","            xhr.addEventListener('load', xhr.onEvent);","            xhr.addEventListener('loadstart', local.ajaxProgressUpdate);","            xhr.addEventListener('progress', local.ajaxProgressUpdate);","            xhr.upload.addEventListener('progress', local.ajaxProgressUpdate);","            // open url","            xhr.githubForwardProxyUrl = local.modeJs === 'browser' &&","                (/^https{0,1}:/).test(xhr.url) &&","                xhr.url.indexOf(location.protocol + '//' + location.host) !== 0 &&","                local.githubForwardProxyUrlTest(xhr.url, location);","            if (xhr.githubForwardProxyUrl) {","                xhr.open(xhr.method, xhr.githubForwardProxyUrl);","                xhr.setRequestHeader('forward-proxy-headers', JSON.stringify(xhr.headers));","                xhr.setRequestHeader('forward-proxy-url', xhr.url);","            } else {","                xhr.open(xhr.method, xhr.url);","            }","            Object.keys(xhr.headers).forEach(function (key) {","                xhr.setRequestHeader(key, xhr.headers[key]);","            });","            if (local.FormData && xhr.data instanceof local.FormData) {","                // handle formData","                xhr.data.read(function (error, data) {","                    if (error) {","                        xhr.error = xhr.error || error;","                        xhr.onEvent({ type: 'error' });","                        return;","                    }","                    // send data","                    xhr.send(local.bufferToNodeBuffer(data));","                });","            } else {","                // send data","                xhr.send(local.bufferToNodeBuffer(xhr.data));","            }","            return xhr;","        };","","        local.ajaxProgressUpdate = function () {","        /*","         * this function will update ajaxProgress","         */","            var ajaxProgressDiv1;","            ajaxProgressDiv1 = local.modeJs === 'browser' &&","                document.querySelector('#ajaxProgressDiv1');","            if (!ajaxProgressDiv1) {","                return;","            }","            // init ajaxProgressDiv1StyleBackground","            local.ajaxProgressDiv1StyleBackground = local.ajaxProgressDiv1StyleBackground ||","                ajaxProgressDiv1.style.background;","            // show ajaxProgress","            ajaxProgressDiv1.style.background = local.ajaxProgressDiv1StyleBackground;","            // increment ajaxProgress","            if (local.ajaxProgressCounter > 0) {","                // this algorithm will indefinitely increment the ajaxProgressBar","                // with successively smaller increments without ever reaching 100%","                local.ajaxProgressState += 1;","                ajaxProgressDiv1.style.width = Math.max(","                    100 - 75 * Math.exp(-0.125 * local.ajaxProgressState),","                    Number(ajaxProgressDiv1.style.width.slice(0, -1)) || 0","                ) + '%';","            } else {","                // finish ajaxProgress","                ajaxProgressDiv1.style.width = '100%';","            }","            // cleanup timerTimeout","            clearTimeout(local.timerTimeoutAjaxProgressHide);","            // hide ajaxProgress","            local.timerTimeoutAjaxProgressHide = setTimeout(function () {","                ajaxProgressDiv1.style.background = 'transparent';","                local.ajaxProgressCounter = 0;","                local.ajaxProgressState = 0;","                // reset ajaxProgress","                setTimeout(function () {","                    // co
[...]
rt":{"line":297,"column":20},"end":{"line":297,"column":60},"skip":true},"64":{"start":{"line":299,"column":20},"end":{"line":299,"column":48},"skip":true},"65":{"start":{"line":301,"column":20},"end":{"line":301,"column":43},"skip":true},"66":{"start":{"line":303,"column":20},"end":{"line":303,"column":35},"skip":true},"67":{"start":{"line":305,"column":20},"end":{"line":305,"column":34},"skip":true},"68":{"start":{"line":309,"column":8},"end":{"line":311,"column":9},"skip":true},"69":{"start":{"line":310,"column":12},"end":{"line":310,"column":18},"skip":true},"70":{"start":{"line":312,"column":8},"end":{"line":314,"column":54},"skip":true},"71":{"start":{"line":317,"column":8},"end":{"line":322,"column":37},"skip":true},"72":{"start":{"line":324,"column":8},"end":{"line":324,"column":82},"skip":true},"73":{"start":{"line":327,"column":8},"end":{"line":329,"column":9},"skip":true},"74":{"start":{"line":328,"column":12},"end":{"line":328,"column":82},"skip":true},"75":{"start":{"line":331,"column":8},"end":{"line":333,"column":9},"skip":true},"76":{"start":{"line":332,"column":12},"end":{"line":332,"column":18},"skip":true},"77":{"start":{"line":334,"column":8},"end":{"line":334,"column":54},"skip":true},"78":{"start":{"line":335,"column":8},"end":{"line":335,"column":69},"skip":true},"79":{"start":{"line":336,"column":8},"end":{"line":344,"column":36},"skip":true},"80":{"start":{"line":337,"column":12},"end":{"line":337,"column":61},"skip":true},"81":{"start":{"line":338,"column":12},"end":{"line":341,"column":13},"skip":true},"82":{"start":{"line":339,"column":16},"end":{"line":339,"column":75},"skip":true},"83":{"start":{"line":340,"column":16},"end":{"line":340,"column":23},"skip":true},"84":{"start":{"line":342,"column":12},"end":{"line":342,"column":38},"skip":true},"85":{"start":{"line":343,"column":12},"end":{"line":343,"column":27},"skip":true},"86":{"start":{"line":345,"column":8},"end":{"line":345,"column":14},"skip":true}},"branchMap":{"1":{"line":147,"type":"binary-expr","locations":[{"start":{"line":147,"column":23},"end":{"line":147,"column":62}},{"start":{"line":148,"column":20},"end":{"line":148,"column":70}},{"start":{"line":149,"column":20},"end":{"line":149,"column":71}},{"start":{"line":150,"column":20},"end":{"line":150,"column":29}}]},"2":{"line":152,"type":"binary-expr","locations":[{"start":{"line":152,"column":23},"end":{"line":152,"column":37}},{"start":{"line":153,"column":20},"end":{"line":153,"column":61}},{"start":{"line":154,"column":20},"end":{"line":154,"column":70}},{"start":{"line":155,"column":20},"end":{"line":155,"column":26}}]},"3":{"line":159,"type":"cond-expr","locations":[{"start":{"line":160,"column":14},"end":{"line":160,"column":20}},{"start":{"line":161,"column":14},"end":{"line":161,"column":20}}]},"4":{"line":163,"type":"binary-expr","locations":[{"start":{"line":163,"column":16},"end":{"line":163,"column":44}},{"start":{"line":163,"column":49},"end":{"line":165,"column":43}}]},"5":{"line":163,"type":"cond-expr","locations":[{"start":{"line":164,"column":14},"end":{"line":164,"column":49}},{"start":{"line":165,"column":14},"end":{"line":165,"column":43}}]},"6":{"line":169,"type":"switch","locations":[{"start":{"line":175,"column":4},"end":{"line":257,"column":14},"skip":true},{"start":{"line":263,"column":4},"end":{"line":345,"column":14},"skip":true}]},"7":{"line":177,"type":"if","locations":[{"start":{"line":177,"column":12},"end":{"line":177,"column":12},"skip":true},{"start":{"line":177,"column":12},"end":{"line":177,"column":12},"skip":true}]},"8":{"line":177,"type":"binary-expr","locations":[{"start":{"line":177,"column":16},"end":{"line":177,"column":22},"skip":true},{"start":{"line":177,"column":27},"end":{"line":177,"column":32},"skip":true},{"start":{"line":178,"column":20},"end":{"line":178,"column":39},"skip":true},{"start":{"line":179,"column":20},"end":{"line":179,"column":49},"skip":true},{"start":{"line":180,"column":20},"end":{"line":180,"column":58},"skip":true},{"start":{"line":181,"column":20},"end":{"line":181,"column":69},"skip":true}]},"9":{"line":186,"type":"switch","locations":[{"start":{"line":187,"column":20},"end":{"line":187,"column":33},"skip":true},{"start":{"line":188,"column":20},"end":{"line":190,"column":30},"skip":true},{"start":{"line":191,"column":20},"end":{"line":192,"column":49},"skip":true}]},"10":{"line":196,"type":"switch","locations":[{"start":{"line":197,"column":12},"end":{"line":210,"column":22},"skip":true},{"start":{"line":212,"column":12},"end":{"line":213,"column":22},"skip":true}]},"11":{"line":196,"type":"binary-expr","locations":[{"start":{"line":196,"column":20},"end":{"line":196,"column":25},"skip":true},{"start":{"line":196,"column":29},"end":{"line":196,"column":48},"skip":true},{"start":{"line":196,"column":52},"end":{"line":196,"column":74},"skip":true}]},"12":{"line":199,"type":"if","locations":[{"start":{"line":199,"column":16},"end":{"line":199,"column":16},"skip":true},{"start":{"line":199,"column":16},"end":{"line":199,"column":16},"skip":true}]},"13":{"line":215,"type":"if","locations":[{"start":{"line":215,"column":12},"end":{"line":215,"column":12},"skip":true},{"start":{"line":215,"column":12},"end":{"line":215,"column":12},"skip":true}]},"14":{"line":215,"type":"binary-expr","locations":[{"start":{"line":215,"column":16},"end":{"line":215,"column":61},"skip":true},{"start":{"line":215,"column":66},"end":{"line":215,"column":72},"skip":true},{"start":{"line":215,"column":77},"end":{"line":215,"column":82},"skip":true},{"start":{"line":216,"column":20},"end":{"line":216,"column":39},"skip":true},{"start":{"line":217,"column":20},"end":{"line":217,"column":49},"skip":true},{"start":{"line":218,"column":20},"end":{"line":218,"column":58},"skip":true},{"start":{"line":219,"column":20},"end":{"line":219,"column":68},"skip":true}]},"15":{"line":236,"type":"if","locations":[{"start":{"line":236,"column":16},"end":{"line":236,"column":16},"skip":true},{"start":{"line":236,"column":16},"end":{"line":236,"column":16},"skip":true}]},"16":{"line":241,"type":"cond-expr","locations":[{"start":{"line":242,"column":26},"end":{"line":242,"column":29},"skip":true},{"start":{"line":243,"column":26},"end":{"line":243,"column":54},"skip":true}]},"17":{"line":268,"type":"if","locations":[{"start":{"line":268,"column":12},"end":{"line":268,"column":12},"skip":true},{"start":{"line":268,"column":12},"end":{"line":268,"column":12},"skip":true}]},"18":{"line":268,"type":"binary-expr","locations":[{"start":{"line":268,"column":16},"end":{"line":268,"column":27},"skip":true},{"start":{"line":268,"column":31},"end":{"line":268,"column":57},"skip":true}]},"19":{"line":273,"type":"binary-expr","locations":[{"start":{"line":273,"column":27},"end":{"line":273,"column":43},"skip":true},{"start":{"line":273,"column":47},"end":{"line":273,"column":49},"skip":true}]},"20":{"line":281,"type":"binary-expr","locations":[{"start":{"line":281,"column":37},"end":{"line":281,"column":59},"skip":true},{"start":{"line":281,"column":63},"end":{"line":281,"column":65},"skip":true}]},"21":{"line":282,"type":"if","locations":[{"start":{"line":282,"column":12},"end":{"line":282,"column":12},"skip":true},{"start":{"line":282,"column":12},"end":{"line":282,"column":12},"skip":true}]},"22":{"line":295,"type":"switch","locations":[{"start":{"line":296,"column":16},"end":{"line":297,"column":60},"skip":true},{"start":{"line":298,"column":16},"end":{"line":299,"column":48},"skip":true},{"start":{"line":300,"column":16},"end":{"line":301,"column":43},"skip":true},{"start":{"line":302,"column":16},"end":{"line":303,"column":35},"skip":true},{"start":{"line":304,"column":16},"end":{"line":305,"column":34},"skip":true}]},"23":{"line":309,"type":"if","locations":[{"start":{"line":309,"column":8},"end":{"line":309,"column":8},"skip":true},{"start":{"line":309,"column":8},"end":{"line":309,"column":8},"skip":true}]},"24":{"line":309,"type":"binary-expr","locations":[{"start":{"line":309,"column":12},"end":{"line":309,"column":35},"skip":true},{"start":{"line":309,"column":39},"end":{"line":309,"column":67},"skip":true}]},"25":{"line":313,"type":"binary-expr","locations":[{"start":{"line":313,"column":12},"end":{"line":313,"column":50},"skip":true},{"start":{"line":314,"column":12},"end":{"line":314,"column":53},"skip":true}]},"26":{"line":318,"type":"binary-expr","locations":[{"start":{"line":318,"column":12},"end":{"line":318,"column":56},"skip":true},{"start":{"line":319,"column":12},"end":{"line":322,"column":36},"skip":true}]},"27":{"line":324,"type":"binary-expr","locations":[{"start":{"line":324,"column":43},"end":{"line":324,"column":75},"skip":true},{"start":{"line":324,"column":79},"end":{"line":324,"column":81},"skip":true}]},"28":{"line":327,"type":"if","locations":[{"start":{"line":327,"column":8},"end":{"line":327,"column":8},"skip":true},{"start":{"line":327,"column":8},"end":{"line":327,"column":8},"skip":true}]},"29":{"line":331,"type":"if","locations":[{"start":{"line":331,"column":8},"end":{"line":331,"column":8},"skip":true},{"start":{"line":331,"column":8},"end":{"line":331,"column":8},"skip":true}]},"30":{"line":334,"type":"binary-expr","locations":[{"start":{"line":334,"column":27},"end":{"line":334,"column":43},"skip":true},{"start":{"line":334,"column":47},"end":{"line":334,"column":53},"skip":true}]},"31":{"line":338,"type":"if","locations":[{"start":{"line":338,"column":12},"end":{"line":338,"column":12},"skip":true},{"start":{"line":338,"column":12},"end":{"line":338,"column":12},"skip":true}]}},"code":["","","","","","","","","","","","","","","","","","","","","","","","","","","","","","","","","","","","","","","","","","","","","","","","","","","","","","","","","","","","","","","","","","","","","","","","","","","","","","","","","","","","","","","","","","","","","","","","","","","","","","","","","","","","/*","example.js","","this script will run a web demo of itunes-search-lite","","instruction","    1. save this script as example.js","    2. run the shell command:","        $ npm install itunes-search-lite && PORT=8081 node example.js","    3. open a browser to http://127.0.0.1:8081 and play with the web demo","    4. edit this script to suit your needs","*/","","","","/* istanbul instrument in package itunes_search */","/*jslint","    bitwise: true,","    browser: true,","    maxerr: 8,","    maxlen: 96,","    node: true,","    nomen: true,","    regexp: true,","    stupid: true","*/","(function () {","    'use strict';","    var local;","","","","    // run shared js-env code - init-before","    (function () {","        // init local","        local = {};","        // init modeJs","        local.modeJs = (function () {","            try {","                return typeof navigator.userAgent === 'string' &&","                    typeof document.querySelector('body') === 'object' &&","                    typeof XMLHttpRequest.prototype.open === 'function' &&","                    'browser';","            } catch (errorCaughtBrowser) {","                return module.exports &&","                    typeof process.versions.node === 'string' &&","                    typeof require('http').createServer === 'function' &&","                    'node';","            }","        }());","        // init global","        local.global = local.modeJs === 'browser'","            ? window","            : global;","        // init utility2_rollup","        local = local.global.utility2_rollup || (local.modeJs === 'browser'","            ? local.global.utility2_itunes_search","            : global.utility2_moduleExports);","        // init exports","        local.global.local = local;","    }());","    switch (local.modeJs) {","","","","    // run browser js-env code - init-test","    /* istanbul ignore next */","    case 'browser':","        local.testRunBrowser = function (event) {","            if (!event || (event &&","                    event.currentTarget &&","                    event.currentTarget.className &&","                    event.currentTarget.className.includes &&","                    event.currentTarget.className.includes('onreset'))) {","                // reset output","                Array.from(","                    document.querySelectorAll('body > .resettable')","                ).forEach(function (element) {","                    switch (element.tagName) {","                    case 'INPUT':","                    case 'TEXTAREA':","                        element.value = '';","                        break;","                    default:","                        element.textContent = '';","                    }","                });","            }","            switch (event && event.currentTarget && event.currentTarget.id) {","            case 'testRunButton1':","                // show tests","                if (document.querySelector('#testReportDiv1').style.maxHeight === '0px') {","                    local.uiAnimateSlideDown(document.querySelector('#testReportDiv1'));","                    document.querySelector('#testRunButton1').textContent =","                        'hide internal test';","                    local.modeTest = true;","                    local.testRunDefault(local);","                // hide tests","                } else {","                    local.uiAnimateSlideUp(document.querySelector('#testReportDiv1'));","                    document.querySelector('#testRunButton1').textContent = 'run internal test';","                }","                break;","            // custom-case","            default:","                break;","            }","            if (document.querySelector('#inputTextareaEval1') && (!event || (event &&","                    event.currentTarget &&","                    event.currentTarget.className &&","                    event.currentTarget.className.includes &&","                    event.currentTarget.className.includes('oneval')))) {","                // try to eval input-code","                try {","                    /*jslint evil: true*/","                    eval(document.querySelector('#inputTextareaEval1').value);","                } catch (errorCaught) {","                    console.error(errorCaught);","                }","            }","        };","        // log stderr and stdout to #outputTextareaStdout1","        ['error', 'log'].forEach(function (key) {","            console[key + '_original'] = console[key];","            console[key] = function () {","                var element;","                console[key + '_original'].apply(console, arguments);","                element = document.querySelector('#outputTextareaStdout1');","                if (!element) {","                    return;","                }","                // append text to #outputTextareaStdout1","                element.value += Array.from(arguments).map(function (arg) {","                    return typeof arg === 'string'","                        ? arg","                        : JSON.stringify(arg, null, 4);","                }).join(' ') + '\\n';","                // scroll textarea to bottom","                element.scrollTop = element.scrollHeight;","            };","        });","        // init event-handling","        ['change', 'click', 'keyup'].forEach(function (event) {","            Array.from(document.querySelectorAll('.on' + event)).forEach(function (element) {","                element.addEventListener(event, local.testRunBrowser);","            });","        });","        // run tests","        local.testRunBrowser();","        break;","","","","    // run node js-env code - init-test","    /* istanbul ignore next */","    case 'node':","        // init exports","        module.exports = local;","        // require builtins","        Object.keys(process.binding('natives')).forEach(function (key) {","            if (!local[key] && !(/\\/|^_|^sys$/).test(key)) {","                local[key] = require(key);","            }","        });","        // init assets","        local.assetsDict = local.assetsDict || {};","        [","            'assets.index.css',","            'assets.index.template.html',","            'assets.swgg.swagger.json',","            'assets.swgg.swagger.server.json'","        ].forEach(function (file) {","            file = '/' + file;","            local.assetsDict[file] = local.assetsDict[file] || '';","            if (local.fs.existsSync(local.__dirname + file)) {","                local.assetsDict[file] = local.fs.readFileSync(","                    local.__dirname + file,","                    'utf8'","                );","            }","        });","        local.assetsDict['/'] =","            local.assetsDict['/assets.example.html'] =","            local.assetsDict['/assets.index.template.html']","            .replace((/\\{\\{env\\.(\\w+?)\\}\\}/g), function (match0, match1) {","                // jslint-hack","                String(match0);","                switch (match1) {","                case 'npm_package_description':","                    return 'the greatest app in the world!';","                case 'npm_package_name':","                    return 'itunes-search-lite';","                case 'npm_package_nameLib':","                    return 'itunes_search';","                case 'npm_package_version':","                    return '0.0.1';","                default:","                    return match0;","                }","            });","        // init cli","        if (module !== require.main || local.global.utility2_rollup) {","            break;","        }","        local.assetsDict['/assets.example.js'] =","            local.assetsDict['/assets.example.js'] ||","            local.fs.readFileSync(__filename, 'utf8');","        // bug-workaround - long $npm_package_buildCustomOrg","        /* jslint-ignore-begin */","        local.assetsDict['/assets.itunes_search.js'] =","            local.assetsDict['/assets.itunes_search.js'] ||","            local.fs.readFileSync(","                local.itunes_search.__dirname + '/lib.itunes_search.js',","                'utf8'","            ).replace((/^#!/), '//');","        /* jslint-ignore-end */","        local.assetsDict['/favicon.ico'] = local.assetsDict['/favicon.ico'] || '';","        // if $npm_config_timeout_exit exists,","        // then exit this process after $npm_config_timeout_exit ms","        if (Number(process.env.npm_config_timeout_exit)) {","            setTimeout(process.exit, Number(process.env.npm_config_timeout_exit));","        }","        // start server","        if (local.global.utility2_serverHttp1) {","            break;","        }","        process.env.PORT = process.env.PORT || '8081';","        console.error('server starting on port ' + process.env.PORT);","        local.http.createServer(function (request, response) {","            request.urlParsed = local.url.parse(request.url);","            if (local.assetsDict[request.urlParsed.pathname] !== undefined) {","                response.end(local.assetsDict[request.urlParsed.pathname]);","                return;","            }","            response.statusCode = 404;","            response.end();","        }).listen(process.env.PORT);","        break;","    }","}());"],"l":{"134":2,"136":2,"141":2,"143":2,"145":2,"146":2,"147":2,"152":1,"159":2,"163":2,"167":2,"169":2,"176":1,"177":2,"183":2,"186":2,"189":2,"190":2,"192":1,"196":2,"199":1,"200":1,"201":1,"203":1,"204":1,"207":1,"208":1,"210":1,"213":1,"215":2,"221":1,"223":1,"225":1,"230":1,"231":2,"232":2,"233":10,"234":10,"235":10,"236":10,"237":1,"240":10,"241":10,"246":10,"250":1,"251":3,"252":1,"256":1,"257":1,"265":1,"267":1,"268":83,"269":1,"273":1,"274":1,"280":4,"281":4,"282":4,"283":2,"289":1,"294":3,"295":3,"297":1,"299":1,"301":1,"303":1,"305":1,"309":1,"310":1,"312":1,"317":1,"324":1,"327":1,"328":1,"331":1,"332":1,"334":1,"335":1,"336":1,"337":1,"338":1,"339":1,"340":1,"342":1,"343":1,"345":1}}}