{"/home/travis/build/kaizhu256/node-itunes-search-lite/test.js":{"path":"/home/travis/build/kaizhu256/node-itunes-search-lite/test.js","s":{"1":1,"2":1,"3":1,"4":1,"5":1,"6":1,"7":1,"8":1,"9":1,"10":1,"11":0,"12":0,"13":1,"14":1,"15":1,"16":1,"17":1,"18":1,"19":0,"20":1,"21":1,"22":1,"23":1,"24":1,"25":1,"26":1,"27":1,"28":1,"29":1,"30":1,"31":2,"32":2,"33":2,"34":4,"35":4,"36":2,"37":1,"38":1,"39":1,"40":1,"41":0,"42":0,"43":0,"44":0,"45":1,"46":1,"47":1,"48":1,"49":0,"50":0,"51":0,"52":0,"53":0,"54":0,"55":1,"56":2,"57":2,"58":1,"59":2,"60":2,"61":1,"62":0,"63":0,"64":1,"65":2,"66":2,"67":1,"68":1,"69":1,"70":1,"71":1},"b":{"1":[1,0,0,0],"2":[1,1,1,1],"3":[0,1],"4":[0,1],"5":[0,0],"6":[1,1],"7":[0,1],"8":[0,1],"9":[0,0],"10":[0,0,0],"11":[1,1],"12":[1,0],"13":[1,1],"14":[1,1],"15":[1,0],"16":[1,1],"17":[1,1]},"f":{"1":1,"2":1,"3":1,"4":1,"5":1,"6":1,"7":1,"8":2,"9":2,"10":4,"11":4,"12":1,"13":0,"14":1,"15":0,"16":2,"17":2,"18":0,"19":2,"20":1},"fnMap":{"1":{"name":"(anonymous_1)","line":12,"loc":{"start":{"line":12,"column":1},"end":{"line":12,"column":13}}},"2":{"name":"(anonymous_2)","line":19,"loc":{"start":{"line":19,"column":5},"end":{"line":19,"column":17}}},"3":{"name":"(anonymous_3)","line":23,"loc":{"start":{"line":23,"column":24},"end":{"line":23,"column":36}}},"4":{"name":"(anonymous_4)","line":61,"loc":{"start":{"line":61,"column":5},"end":{"line":61,"column":17}}},"5":{"name":"(anonymous_5)","line":76,"loc":{"start":{"line":76,"column":42},"end":{"line":76,"column":70}}},"6":{"name":"(anonymous_6)","line":85,"loc":{"start":{"line":85,"column":36},"end":{"line":85,"column":53}}},"7":{"name":"(anonymous_7)","line":86,"loc":{"start":{"line":86,"column":38},"end":{"line":86,"column":50}}},"8":{"name":"(anonymous_8)","line":93,"loc":{"start":{"line":93,"column":45},"end":{"line":93,"column":73}}},"9":{"name":"(anonymous_9)","line":98,"loc":{"start":{"line":98,"column":32},"end":{"line":98,"column":44}}},"10":{"name":"(anonymous_10)","line":105,"loc":{"start":{"line":105,"column":26},"end":{"line":105,"column":41}}},"11":{"name":"(anonymous_11)","line":106,"loc":{"start":{"line":106,"column":50},"end":{"line":106,"column":68}}},"12":{"name":"(anonymous_12)","line":119,"loc":{"start":{"line":119,"column":5},"end":{"line":119,"column":17}}},"13":{"name":"(anonymous_13)","line":128,"loc":{"start":{"line":128,"column":77},"end":{"line":131,"column":10}}},"14":{"name":"(anonymous_14)","line":149,"loc":{"start":{"line":149,"column":83},"end":{"line":152,"column":10}},"skip":true},"15":{"name":"(anonymous_15)","line":160,"loc":{"start":{"line":160,"column":77},"end":{"line":163,"column":10}},"skip":true},"16":{"name":"(anonymous_16)","line":176,"loc":{"start":{"line":176,"column":12},"end":{"line":176,"column":40}},"skip":true},"17":{"name":"(anonymous_17)","line":184,"loc":{"start":{"line":184,"column":77},"end":{"line":187,"column":10}},"skip":true},"18":{"name":"(anonymous_18)","line":195,"loc":{"start":{"line":195,"column":83},"end":{"line":198,"column":10}},"skip":true},"19":{"name":"(anonymous_19)","line":206,"loc":{"start":{"line":206,"column":79},"end":{"line":209,"column":10}},"skip":true},"20":{"name":"(anonymous_20)","line":217,"loc":{"start":{"line":217,"column":75},"end":{"line":220,"column":10}},"skip":true}},"statementMap":{"1":{"start":{"line":12,"column":0},"end":{"line":232,"column":5}},"2":{"start":{"line":14,"column":4},"end":{"line":14,"column":14}},"3":{"start":{"line":19,"column":4},"end":{"line":56,"column":9}},"4":{"start":{"line":21,"column":8},"end":{"line":21,"column":19}},"5":{"start":{"line":23,"column":8},"end":{"line":35,"column":13}},"6":{"start":{"line":24,"column":12},"end":{"line":34,"column":13}},"7":{"start":{"line":25,"column":16},"end":{"line":28,"column":30}},"8":{"start":{"line":30,"column":16},"end":{"line":33,"column":27}},"9":{"start":{"line":37,"column":8},"end":{"line":39,"column":21}},"10":{"start":{"line":40,"column":8},"end":{"line":53,"column":9}},"11":{"start":{"line":43,"column":12},"end":{"line":46,"column":14}},"12":{"start":{"line":47,"column":12},"end":{"line":47,"column":18}},"13":{"start":{"line":50,"column":12},"end":{"line":51,"column":33}},"14":{"start":{"line":52,"column":12},"end":{"line":52,"column":18}},"15":{"start":{"line":55,"column":8},"end":{"line":55,"column":35}},"16":{"start":{"line":61,"column":4},"end":{"line":63,"column":9}},"17":{"start":{"line":62,"column":8},"end":{"line":62,"column":15}},"18":{"start":{"line":64,"column":4},"end":{"line":114,"column":5}},"19":{"start":{"line":70,"column":8},"end":{"line":70,"column":14}},"20":{"start":{"line":76,"column":8},"end":{"line":91,"column":10}},"21":{"start":{"line":80,"column":12},"end":{"line":80,"column":76}},"22":{"start":{"line":81,"column":12},"end":{"line":81,"column":73}},"23":{"start":{"line":82,"column":12},"end":{"line":82,"column":74}},"24":{"start":{"line":83,"column":12},"end":{"line":83,"column":79}},"25":{"start":{"line":84,"column":12},"end":{"line":84,"column":25}},"26":{"start":{"line":85,"column":12},"end":{"line":90,"column":15}},"27":{"start":{"line":86,"column":16},"end":{"line":88,"column":30}},"28":{"start":{"line":87,"column":20},"end":{"line":87,"column":65}},"29":{"start":{"line":89,"column":16},"end":{"line":89,"column":31}},"30":{"start":{"line":93,"column":8},"end":{"line":112,"column":10}},"31":{"start":{"line":97,"column":12},"end":{"line":97,"column":25}},"32":{"start":{"line":98,"column":12},"end":{"line":110,"column":14}},"33":{"start":{"line":100,"column":16},"end":{"line":109,"column":19}},"34":{"start":{"line":106,"column":20},"end":{"line":108,"column":23}},"35":{"start":{"line":107,"column":24},"end":{"line":107,"column":77}},"36":{"start":{"line":111,"column":12},"end":{"line":111,"column":48}},"37":{"start":{"line":113,"column":8},"end":{"line":113,"column":14}},"38":{"start":{"line":119,"column":4},"end":{"line":121,"column":9}},"39":{"start":{"line":120,"column":8},"end":{"line":120,"column":15}},"40":{"start":{"line":122,"column":4},"end":{"line":231,"column":5}},"41":{"start":{"line":128,"column":8},"end":{"line":136,"column":10}},"42":{"start":{"line":135,"column":12},"end":{"line":135,"column":35}},"43":{"start":{"line":139,"column":8},"end":{"line":141,"column":63}},"44":{"start":{"line":142,"column":8},"end":{"line":142,"column":14}},"45":{"start":{"line":149,"column":8},"end":{"line":158,"column":10},"skip":true},"46":{"start":{"line":156,"column":12},"end":{"line":156,"column":55},"skip":true},"47":{"start":{"line":157,"column":12},"end":{"line":157,"column":48},"skip":true},"48":{"start":{"line":160,"column":8},"end":{"line":173,"column":10},"skip":true},"49":{"start":{"line":167,"column":12},"end":{"line":167,"column":76},"skip":true},"50":{"start":{"line":168,"column":12},"end":{"line":168,"column":73},"skip":true},"51":{"start":{"line":169,"column":12},"end":{"line":169,"column":74},"skip":true},"52":{"start":{"line":170,"column":12},"end":{"line":170,"column":79},"skip":true},"53":{"start":{"line":171,"column":12},"end":{"line":171,"column":25},"skip":true},"54":{"start":{"line":172,"column":12},"end":{"line":172,"column":45},"skip":true},"55":{"start":{"line":175,"column":8},"end":{"line":182,"column":14},"skip":true},"56":{"start":{"line":180,"column":16},"end":{"line":180,"column":29},"skip":true},"57":{"start":{"line":181,"column":16},"end":{"line":181,"column":55},"skip":true},"58":{"start":{"line":184,"column":8},"end":{"line":193,"column":10},"skip":true},"59":{"start":{"line":191,"column":12},"end":{"line":191,"column":25},"skip":true},"60":{"start":{"line":192,"column":12},"end":{"line":192,"column":45},"skip":true},"61":{"start":{"line":195,"column":8},"end":{"line":204,"column":10},"skip":true},"62":{"start":{"line":202,"column":12},"end":{"line":202,"column":25},"skip":true},"63":{"start":{"line":203,"column":12},"end":{"line":203,"column":48},"skip":true},"64":{"start":{"line":206,"column":8},"end":{"line":215,"column":10},"skip":true},"65":{"start":{"line":213,"column":12},"end":{"line":213,"column":25},"skip":true},"66":{"start":{"line":214,"column":12},"end":{"line":214,"column":46},"skip":true},"67":{"start":{"line":217,"column":8},"end":{"line":226,"column":10},"skip":true},"68":{"start":{"line":224,"column":12},"end":{"line":224,"column":94},"skip":true},"69":{"start":{"line":225,"column":12},"end":{"line":225,"column":48},"skip":true},"70":{"start":{"line":229,"column":8},"end":{"line":229,"column":35},"skip":true},"71":{"start":{"line":230,"column":8},"end":{"line":230,"column":14},"skip":true}},"branchMap":{"1":{"line":25,"type":"binary-expr","locations":[{"start":{"line":25,"column":23},"end":{"line":25,"column":62}},{"start":{"line":26,"column":20},"end":{"line":26,"column":70}},{"start":{"line":27,"column":20},"end":{"line":27,"column":71}},{"start":{"line":28,"column":20},"end":{"line":28,"column":29}}]},"2":{"line":30,"type":"binary-expr","locations":[{"start":{"line":30,"column":23},"end":{"line":30,"column":37}},{"start":{"line":31,"column":20},"end":{"line":31,"column":61}},{"start":{"line":32,"column":20},"end":{"line":32,"column":70}},{"start":{"line":33,"column":20},"end":{"line":33,"column":26}}]},"3":{"line":37,"type":"cond-expr","locations":[{"start":{"line":38,"column":14},"end":{"line":38,"column":20}},{"start":{"line":39,"column":14},"end":{"line":39,"column":20}}]},"4":{"line":40,"type":"switch","locations":[{"start":{"line":42,"column":8},"end":{"line":47,"column":18}},{"start":{"line":49,"column":8},"end":{"line":52,"column":18}}]},"5":{"line":44,"type":"binary-expr","locations":[{"start":{"line":44,"column":16},"end":{"line":44,"column":44}},{"start":{"line":44,"column":48},"end":{"line":44,"column":66}}]},"6":{"line":50,"type":"binary-expr","locations":[{"start":{"line":50,"column":21},"end":{"line":50,"column":49}},{"start":{"line":50,"column":53},"end":{"line":50,"column":72}}]},"7":{"line":64,"type":"switch","locations":[{"start":{"line":69,"column":4},"end":{"line":70,"column":14}},{"start":{"line":75,"column":4},"end":{"line":113,"column":14}}]},"8":{"line":122,"type":"switch","locations":[{"start":{"line":127,"column":4},"end":{"line":142,"column":14}},{"start":{"line":148,"column":4},"end":{"line":230,"column":14},"skip":true}]},"9":{"line":128,"type":"binary-expr","locations":[{"start":{"line":128,"column":42},"end":{"line":128,"column":73}},{"start":{"line":128,"column":77},"end":{"line":136,"column":9}}]},"10":{"line":139,"type":"binary-expr","locations":[{"start":{"line":139,"column":18},"end":{"line":139,"column":32}},{"start":{"line":140,"column":12},"end":{"line":140,"column":53}},{"start":{"line":141,"column":12},"end":{"line":141,"column":61}}]},"11":{"line":149,"type":"binary-expr","locations":[{"start":{"line":149,"column":45},"end":{"line":149,"column":79},"skip":true},{"start":{"line":149,"column":83},"end":{"line":158,"column":9},"skip":true}]},"12":{"line":160,"type":"binary-expr","locations":[{"start":{"line":160,"column":42},"end":{"line":160,"column":73},"skip":true},{"start":{"line":160,"column":77},"end":{"line":173,"column":9},"skip":true}]},"13":{"line":175,"type":"binary-expr","locations":[{"start":{"line":175,"column":48},"end":{"line":175,"column":85},"skip":true},{"start":{"line":176,"column":12},"end":{"line":182,"column":13},"skip":true}]},"14":{"line":184,"type":"binary-expr","locations":[{"start":{"line":184,"column":42},"end":{"line":184,"column":73},"skip":true},{"start":{"line":184,"column":77},"end":{"line":193,"column":9},"skip":true}]},"15":{"line":195,"type":"binary-expr","locations":[{"start":{"line":195,"column":45},"end":{"line":195,"column":79},"skip":true},{"start":{"line":195,"column":83},"end":{"line":204,"column":9},"skip":true}]},"16":{"line":206,"type":"binary-expr","locations":[{"start":{"line":206,"column":43},"end":{"line":206,"column":75},"skip":true},{"start":{"line":206,"column":79},"end":{"line":215,"column":9},"skip":true}]},"17":{"line":217,"type":"binary-expr","locations":[{"start":{"line":217,"column":41},"end":{"line":217,"column":71},"skip":true},{"start":{"line":217,"column":75},"end":{"line":226,"column":9},"skip":true}]}},"code":["/* istanbul instrument in package itunes_search */","/*jslint","    bitwise: true,","    browser: true,","    maxerr: 8,","    maxlen: 96,","    node: true,","    nomen: true,","    regexp: true,","    stupid: true","*/","(function () {","    'use strict';","    var local;","","","","    // run shared js-env code - init-before","    (function () {","        // init local","        local = {};","        // init modeJs","        local.modeJs = (function () {","            try {","                return typeof navigator.userAgent === 'string' &&","                    typeof document.querySelector('body') === 'object' &&","                    typeof XMLHttpRequest.prototype.open === 'function' &&","                    'browser';","            } catch (errorCaughtBrowser) {","                return module.exports &&","                    typeof process.versions.node === 'string' &&","                    typeof require('http').createServer === 'function' &&","                    'node';","            }","        }());","        // init global","        local.global = local.modeJs === 'browser'","            ? window","            : global;","        switch (local.modeJs) {","        // re-init local from window.local","        case 'browser':","            local = local.global.utility2.objectSetDefault(","                local.global.utility2_rollup || local.global.local,","                local.global.utility2","            );","            break;","        // re-init local from example.js","        case 'node':","            local = (local.global.utility2_rollup || require('utility2'))","                .requireReadme();","            break;","        }","        // init exports","        local.global.local = local;","    }());","","","","    // run shared js-env code - function","    (function () {","        return;","    }());","    switch (local.modeJs) {","","","","    // run browser js-env code - function","    case 'browser':","        break;","","","","    // run node js-env code - function","    case 'node':","        local.testCase_buildApp_default = function (options, onError) {","        /*","         * this function will test buildApp's default handling-behavior-behavior","         */","            local.testCase_buildReadme_default(options, local.onErrorThrow);","            local.testCase_buildLib_default(options, local.onErrorThrow);","            local.testCase_buildTest_default(options, local.onErrorThrow);","            local.testCase_buildCustomOrg_default(options, local.onErrorThrow);","            options = [];","            local.buildApp(options, function (error) {","                local.tryCatchOnError(function () {","                    local.fs.unlinkSync('assets.swgg.rollup.js');","                }, local.nop);","                onError(error);","            });","        };","","        local.testCase_buildReadme_default = function (options, onError) {","        /*","         * this function will test buildReadme's default handling-behavior-behavior","         */","            options = {};","            options.customize = function () {","                // search-and-replace - customize dataTo","                [","                    // customize cdn-download","                    (/cdn download[\\S\\s]*?\\n\\n\\n\\n/),","                    // customize assets","                    (/local.assetsDict = [^`]*?\\n {8}\\[/)","                ].forEach(function (rgx) {","                    options.dataFrom.replace(rgx, function (match0) {","                        options.dataTo = options.dataTo.replace(rgx, match0);","                    });","                });","            };","            local.buildReadme(options, onError);","        };","        break;","    }","","","","    // run shared js-env code - init-after","    (function () {","        return;","    }());","    switch (local.modeJs) {","","","","    // run browser js-env code - init-after","    case 'browser':","        local.testCase_browser_nullCase = local.testCase_browser_nullCase || function (","            options,","            onError","        ) {","        /*","         * this function will test browsers's null-case handling-behavior-behavior","         */","            onError(null, options);","        };","","        // run tests","        local.nop(local.modeTest &&","            document.querySelector('#testRunButton1') &&","            document.querySelector('#testRunButton1').click());","        break;","","","","    // run node js-env code - init-after","    /* istanbul ignore next */","    case 'node':","        local.testCase_buildApidoc_default = local.testCase_buildApidoc_default || function (","            options,","            onError","        ) {","        /*","         * this function will test buildApidoc's default handling-behavior-behavior","         */","            options = { modulePathList: module.paths };","            local.buildApidoc(options, onError);","        };","","        local.testCase_buildApp_default = local.testCase_buildApp_default || function (","            options,","            onError","        ) {","        /*","         * this function will test buildApp's default handling-behavior-behavior","         */","            local.testCase_buildReadme_default(options, local.onErrorThrow);","            local.testCase_buildLib_default(options, local.onErrorThrow);","            local.testCase_buildTest_default(options, local.onErrorThrow);","            local.testCase_buildCustomOrg_default(options, local.onErrorThrow);","            options = [];","            local.buildApp(options, onError);","        };","","        local.testCase_buildCustomOrg_default = local.testCase_buildCustomOrg_default ||","            function (options, onError) {","            /*","             * this function will test buildCustomOrg's default handling-behavior","             */","                options = {};","                local.buildCustomOrg(options, onError);","            };","","        local.testCase_buildLib_default = local.testCase_buildLib_default || function (","            options,","            onError","        ) {","        /*","         * this function will test buildLib's default handling-behavior","         */","            options = {};","            local.buildLib(options, onError);","        };","","        local.testCase_buildReadme_default = local.testCase_buildReadme_default || function (","            options,","            onError","        ) {","        /*","         * this function will test buildReadme's default handling-behavior-behavior","         */","            options = {};","            local.buildReadme(options, onError);","        };","","        local.testCase_buildTest_default = local.testCase_buildTest_default || function (","            options,","            onError","        ) {","        /*","         * this function will test buildTest's default handling-behavior","         */","            options = {};","            local.buildTest(options, onError);","        };","","        local.testCase_webpage_default = local.testCase_webpage_default || function (","            options,","            onError","        ) {","        /*","         * this function will test webpage's default handling-behavior","         */","            options = { modeCoverageMerge: true, url: local.serverLocalHost + '?modeTest=1' };","            local.browserTest(options, onError);","        };","","        // run test-server","        local.testRunServer(local);","        break;","    }","}());",""],"l":{"12":1,"14":1,"19":1,"21":1,"23":1,"24":1,"25":1,"30":1,"37":1,"40":1,"43":0,"47":0,"50":1,"52":1,"55":1,"61":1,"62":1,"64":1,"70":0,"76":1,"80":1,"81":1,"82":1,"83":1,"84":1,"85":1,"86":1,"87":1,"89":1,"93":1,"97":2,"98":2,"100":2,"106":4,"107":4,"111":2,"113":1,"119":1,"120":1,"122":1,"128":0,"135":0,"139":0,"142":0,"149":1,"156":1,"157":1,"160":1,"167":1,"168":1,"169":1,"170":1,"171":1,"172":1,"175":1,"180":2,"181":2,"184":1,"191":2,"192":2,"195":1,"202":1,"203":1,"206":1,"213":2,"214":2,"217":1,"224":1,"225":1,"229":1,"230":1}},"/home/travis/build/kaizhu256/node-itunes-search-lite/lib.itunes_search.js":{"path":"/home/travis/build/kaizhu256/node-itunes-search-lite/lib.itunes_search.js","s":{"1":2,"2":2,"3":2,"4":2,"5":2,"6":2,"7":2,"8":1,"9":2,"10":2,"11":2,"12":2,"13":1,"14":1,"15":1,"16":1,"17":2,"18":2,"19":0,"20":0,"21":0,"22":0,"23":0,"24":2,"25":1,"26":1,"27":1,"28":0,"29":1,"30":1,"31":1,"32":1,"33":1,"34":1,"35":1,"36":1,"37":1,"38":1,"39":0,"40":0,"41":0,"42":1,"43":1,"44":1,"45":1,"46":0,"47":1,"48":1,"49":1,"50":1,"51":1,"52":1,"53":0,"54":1,"55":1,"56":0,"57":0,"58":1,"59":0,"60":0,"61":0,"62":0,"63":0,"64":1,"65":1,"66":1,"67":1,"68":1,"69":1,"70":1,"71":1,"72":1,"73":1,"74":1,"75":0,"76":0,"77":0,"78":1,"79":1,"80":1,"81":1,"82":0,"83":1,"84":0,"85":0,"86":0,"87":0,"88":0,"89":0,"90":1,"91":1,"92":2,"93":5,"94":5,"95":5,"96":0,"97":5,"98":5,"99":5,"100":5,"101":0,"102":0,"103":5,"104":5,"105":5,"106":1,"107":1,"108":1,"109":1,"110":1,"111":1,"112":1,"113":1,"114":2,"115":6,"116":6,"117":6,"118":0,"119":0,"120":2,"121":1,"122":0,"123":1,"124":2,"125":0,"126":0,"127":0,"128":2,"129":7,"130":2,"131":24,"132":24,"133":24,"134":96,"135":96,"136":96,"137":96,"138":96,"139":0,"140":96,"141":0,"142":0,"143":96,"144":0,"145":24,"146":2,"147":1,"148":1,"149":1,"150":1,"151":2,"152":2,"153":2,"154":2,"155":0,"156":2,"157":0,"158":0,"159":2,"160":1,"161":2,"162":3,"163":3,"164":3,"165":3,"166":0,"167":3,"168":2,"169":1,"170":2,"171":2,"172":2,"173":0,"174":0,"175":0,"176":0,"177":1,"178":2,"179":1,"180":1,"181":0,"182":2,"183":1,"184":2,"185":2,"186":2,"187":2,"188":2,"189":25,"190":25,"191":25,"192":145,"193":145,"194":145,"195":145,"196":145,"197":25,"198":1,"199":1,"200":1,"201":24,"202":0,"203":0,"204":0,"205":0,"206":0,"207":25,"208":25,"209":25,"210":1,"211":1,"212":25,"213":144,"214":144,"215":0,"216":144,"217":120,"218":0,"219":0,"220":0,"221":0,"222":0,"223":0,"224":120,"225":8,"226":120,"227":0,"228":0,"229":0,"230":0,"231":0,"232":0,"233":0,"234":0,"235":144,"236":2,"237":6,"238":6,"239":6,"240":6,"241":5,"242":5,"243":2,"244":0,"245":0,"246":0,"247":0,"248":0,"249":0,"250":0,"251":0,"252":0,"253":0,"254":0,"255":0,"256":0,"257":0,"258":2,"259":0,"260":0,"261":0,"262":0,"263":0,"264":0,"265":0,"266":0,"267":0,"268":0,"269":0,"270":0,"271":0,"272":2,"273":2,"274":2,"275":2,"276":2,"277":2,"278":2,"279":2,"280":2,"281":2,"282":2,"283":2,"284":1,"285":2,"286":1,"287":1,"288":1,"289":1,"290":1,"291":1,"292":1,"293":2,"294":1,"295":3,"296":7,"297":2,"298":2,"299":0,"300":0,"301":0,"302":0,"303":0,"304":0,"305":0,"306":0,"307":0,"308":0,"309":0,"310":0,"311":0,"312":0,"313":0,"314":0,"315":0,"316":0,"317":0,"318":0,"319":0,"320":0,"321":0,"322":0,"323":0,"324":0,"325":0,"326":0,"327":0,"328":2,"329":1,"330":2,"331":1,"332":1,"333":1,"334":4,"335":1,"336":3,"337":1,"338":1,"339":1,"340":1,"341":1,"342":1,"343":1,"344":0,"345":1,"346":1,"347":2,"348":1,"349":1,"350":1,"351":0,"352":0,"353":1,"354":1,"355":24,"356":24,"357":24,"358":24,"359":24,"360":1,"361":1,"362":80,"363":80,"364":80,"365":0,"366":80,"367":1,"368":24,"369":1,"370":1,"371":1,"372":24,"373":24,"374":2,"375":1,"376":1,"377":1,"378":2,"379":2,"380":1,"381":1,"382":1,"383":1,"384":1,"385":1,"386":0,"387":1,"388":1,"389":1,"390":1,"391":1,"392":1,"393":1,"394":1},"b":{"1":[2,1,1,1],"2":[1,1,1,1],"3":[1,1],"4":[2,2],"5":[1,1],"6":[2,1],"7":[0,1],"8":[1,0,0,0],"9":[1,1],"10":[1,0],"11":[1,0],"12":[1,1],"13":[1,1],"14":[1,1],"15":[0,0],"16":[0,0,1],"17":[0,1],"18":[0,1],"19":[1,1,1,1],"20":[1,0],"21":[0,1],"22":[0,1],"23":[0,1],"24":[1,1,0,0],"25":[0,1],"26":[0,0,0],"27":[0,1],"28":[1,0],"29":[0,0],"30":[0,0],"31":[5,5],"32":[0,5],"33":[5,1],"34":[0,5],"35":[0,0],"36":[1,1],"37":[0,5],"38":[6,0],"39":[0,0],"40":[0,0],"41":[0,0],"42":[0,1],"43":[1,0,0],"44":[24,0],"45":[24,0],"46":[0,96],"47":[0,96],"48":[0,96],"49":[96,0,0,0,0,0,0],"50":[1,0],"51":[1,1,0,1],"52":[1,0],"53":[0,2],"54":[0,2],"55":[2,0,0,0,0,0,0],"56":[0,2],"57":[0,0],"58":[0,3],"59":[3,0,0],"60":[0,2],"61":[2,0],"62":[0,0],"63":[0,0],"64":[25,0],"65":[145,145],"66":[1,0,0,0],"67":[1,0],"68":[0,0],"69":[0,0],"70":[25,0],"71":[0,144],"72":[0,0,0,120,0,0,0,0],"73":[0,0],"74":[0,0],"75":[0,0,0],"76":[1,1],"77":[2,1],"78":[1,1,1],"79":[0,0],"80":[0,0],"81":[0,0],"82":[0,0],"83":[0,0],"84":[0,0],"85":[0,0],"86":[0,0],"87":[1,1,0],"88":[1,0],"89":[1,0],"90":[1,3],"91":[1,1],"92":[1,1],"93":[0,1],"94":[1,1,1],"95":[24,0],"96":[24,0],"97":[23,1],"98":[23,1],"99":[24,23],"100":[0,80],"101":[0,0],"102":[57,23],"103":[1],"104":[1,1],"105":[1,1],"106":[1,1],"107":[1,0]},"f":{"1":2,"2":2,"3":2,"4":2,"5":0,"6":1,"7":1,"8":0,"9":1,"10":1,"11":0,"12":0,"13":1,"14":0,"15":5,"16":1,"17":1,"18":1,"19":6,"20":1,"21":0,"22":7,"23":24,"24":96,"25":1,"26":2,"27":3,"28":3,"29":1,"30":2,"31":1,"32":0,"33":1,"34":2,"35":2,"36":2,"37":2,"38":25,"39":145,"40":145,"41":1,"42":24,"43":144,"44":120,"45":8,"46":6,"47":0,"48":0,"49":0,"50":0,"51":0,"52":0,"53":2,"54":2,"55":1,"56":2,"57":1,"58":3,"59":7,"60":0,"61":0,"62":0,"63":0,"64":1,"65":2,"66":4,"67":1,"68":24,"69":80,"70":24,"71":24,"72":24,"73":2,"74":1,"75":0,"76":1},"fnMap":{"1":{"name":"(anonymous_1)","line":12,"loc":{"start":{"line":12,"column":1},"end":{"line":12,"column":13}}},"2":{"name":"(anonymous_2)","line":19,"loc":{"start":{"line":19,"column":5},"end":{"line":19,"column":17}}},"3":{"name":"(anonymous_3)","line":23,"loc":{"start":{"line":23,"column":24},"end":{"line":23,"column":36}}},"4":{"name":"(anonymous_4)","line":57,"loc":{"start":{"line":57,"column":5},"end":{"line":57,"column":17}}},"5":{"name":"(anonymous_5)","line":61,"loc":{"start":{"line":61,"column":13},"end":{"line":61,"column":28}}},"6":{"name":"(anonymous_6)","line":74,"loc":{"start":{"line":74,"column":21},"end":{"line":74,"column":49}}},"7":{"name":"(anonymous_7)","line":96,"loc":{"start":{"line":96,"column":55},"end":{"line":96,"column":70}}},"8":{"name":"(anonymous_8)","line":106,"loc":{"start":{"line":106,"column":43},"end":{"line":106,"column":60}}},"9":{"name":"(anonymous_9)","line":113,"loc":{"start":{"line":113,"column":26},"end":{"line":113,"column":43}}},"10":{"name":"(anonymous_10)","line":128,"loc":{"start":{"line":128,"column":31},"end":{"line":128,"column":43}}},"11":{"name":"(anonymous_11)","line":149,"loc":{"start":{"line":149,"column":68},"end":{"line":149,"column":80}}},"12":{"name":"(anonymous_12)","line":162,"loc":{"start":{"line":162,"column":50},"end":{"line":162,"column":62}}},"13":{"name":"(anonymous_13)","line":193,"loc":{"start":{"line":193,"column":45},"end":{"line":193,"column":60}}},"14":{"name":"(anonymous_14)","line":208,"loc":{"start":{"line":208,"column":30},"end":{"line":208,"column":53}}},"15":{"name":"(anonymous_15)","line":224,"loc":{"start":{"line":224,"column":35},"end":{"line":224,"column":47}}},"16":{"name":"(anonymous_16)","line":257,"loc":{"start":{"line":257,"column":60},"end":{"line":257,"column":72}}},"17":{"name":"(anonymous_17)","line":263,"loc":{"start":{"line":263,"column":27},"end":{"line":263,"column":39}}},"18":{"name":"(anonymous_18)","line":265,"loc":{"start":{"line":265,"column":59},"end":{"line":265,"column":71}}},"19":{"name":"(anonymous_19)","line":275,"loc":{"start":{"line":275,"column":23},"end":{"line":275,"column":50}}},"20":{"name":"(anonymous_20)","line":294,"loc":{"start":{"line":294,"column":35},"end":{"line":294,"column":50}}},"21":{"name":"(anonymous_21)","line":305,"loc":{"start":{"line":305,"column":36},"end":{"line":305,"column":62}}},"22":{"name":"(anonymous_22)","line":314,"loc":{"start":{"line":314,"column":20},"end":{"line":314,"column":32}}},"23":{"name":"(anonymous_23)","line":321,"loc":{"start":{"line":321,"column":33},"end":{"line":321,"column":65}}},"24":{"name":"(anonymous_24)","line":327,"loc":{"start":{"line":327,"column":42},"end":{"line":327,"column":57}}},"25":{"name":"(anonymous_25)","line":361,"loc":{"start":{"line":361,"column":34},"end":{"line":361,"column":72}}},"26":{"name":"(anonymous_26)","line":368,"loc":{"start":{"line":368,"column":43},"end":{"line":368,"column":58}}},"27":{"name":"(anonymous_27)","line":398,"loc":{"start":{"line":398,"column":33},"end":{"line":398,"column":52}}},"28":{"name":"(anonymous_28)","line":405,"loc":{"start":{"line":405,"column":19},"end":{"line":405,"column":48}}},"29":{"name":"(anonymous_29)","line":416,"loc":{"start":{"line":416,"column":23},"end":{"line":416,"column":51}}},"30":{"name":"(anonymous_30)","line":421,"loc":{"start":{"line":421,"column":52},"end":{"line":421,"column":81}}},"31":{"name":"(anonymous_31)","line":439,"loc":{"start":{"line":439,"column":26},"end":{"line":439,"column":63}}},"32":{"name":"(anonymous_32)","line":446,"loc":{"start":{"line":446,"column":30},"end":{"line":446,"column":42}}},"33":{"name":"(anonymous_33)","line":455,"loc":{"start":{"line":455,"column":34},"end":{"line":455,"column":56}}},"34":{"name":"(anonymous_34)","line":459,"loc":{"start":{"line":459,"column":31},"end":{"line":459,"column":49}}},"35":{"name":"(anonymous_35)","line":461,"loc":{"start":{"line":461,"column":38},"end":{"line":461,"column":50}}},"36":{"name":"(anonymous_36)","line":463,"loc":{"start":{"line":463,"column":19},"end":{"line":463,"column":31}}},"37":{"name":"(anonymous_37)","line":465,"loc":{"start":{"line":465,"column":42},"end":{"line":465,"column":54}}},"38":{"name":"(anonymous_38)","line":472,"loc":{"start":{"line":472,"column":31},"end":{"line":472,"column":57}}},"39":{"name":"(anonymous_39)","line":478,"loc":{"start":{"line":478,"column":23},"end":{"line":478,"column":38}}},"40":{"name":"(anonymous_40)","line":482,"loc":{"start":{"line":482,"column":46},"end":{"line":482,"column":61}}},"41":{"name":"(anonymous_41)","line":487,"loc":{"start":{"line":487,"column":28},"end":{"line":487,"column":68}}},"42":{"name":"(anonymous_42)","line":492,"loc":{"start":{"line":492,"column":36},"end":{"line":492,"column":52}}},"43":{"name":"(anonymous_43)","line":528,"loc":{"start":{"line":528,"column":57},"end":{"line":528,"column":75}}},"44":{"name":"(anonymous_44)","line":533,"loc":{"start":{"line":533,"column":41},"end":{"line":533,"column":56}}},"45":{"name":"(anonymous_45)","line":545,"loc":{"start":{"line":545,"column":60},"end":{"line":545,"column":78}}},"46":{"name":"(anonymous_46)","line":567,"loc":{"start":{"line":567,"column":32},"end":{"line":567,"column":56}}},"47":{"name":"(anonymous_47)","line":585,"loc":{"start":{"line":585,"column":34},"end":{"line":585,"column":53}}},"48":{"name":"(anonymous_48)","line":592,"loc":{"start":{"line":592,"column":19},"end":{"line":592,"column":31}}},"49":{"name":"(anonymous_49)","line":595,"loc":{"start":{"line":595,"column":40},"end":{"line":595,"column":52}}},"50":{"name":"(anonymous_50)","line":612,"loc":{"start":{"line":612,"column":35},"end":{"line":612,"column":64}}},"51":{"name":"(anonymous_51)","line":617,"loc":{"start":{"line":617,"column":23},"end":{"line":617,"column":35}}},"52":{"name":"(anonymous_52)","line":626,"loc":{"start":{"line":626,"column":27},"end":{"line":626,"column":39}}},"53":{"name":"(anonymous_53)","line":633,"loc":{"start":{"line":633,"column":33},"end":{"line":633,"column":62}}},"54":{"name":"(anonymous_54)","line":645,"loc":{"start":{"line":645,"column":23},"end":{"line":645,"column":35}}},"55":{"name":"(anonymous_55)","line":650,"loc":{"start":{"line":650,"column":32},"end":{"line":650,"column":49}}},"56":{"name":"(anonymous_56)","line":651,"loc":{"start":{"line":651,"column":63},"end":{"line":651,"column":78}}},"57":{"name":"(anonymous_57)","line":668,"loc":{"start":{"line":668,"column":28},"end":{"line":668,"column":47}}},"58":{"name":"(anonymous_58)","line":672,"loc":{"start":{"line":672,"column":50},"end":{"line":672,"column":71}}},"59":{"name":"(anonymous_59)","line":675,"loc":{"start":{"line":675,"column":26},"end":{"line":675,"column":45}}},"60":{"name":"(anonymous_60)","line":683,"loc":{"start":{"line":683,"column":60},"end":{"line":683,"column":79}}},"61":{"name":"(anonymous_61)","line":698,"loc":{"start":{"line":698,"column":75},"end":{"line":698,"column":94}}},"62":{"name":"(anonymous_62)","line":724,"loc":{"start":{"line":724,"column":19},"end":{"line":724,"column":48}}},"63":{"name":"(anonymous_63)","line":737,"loc":{"start":{"line":737,"column":66},"end":{"line":737,"column":78}}},"64":{"name":"(anonymous_64)","line":757,"loc":{"start":{"line":757,"column":56},"end":{"line":757,"column":75}}},"65":{"name":"(anonymous_65)","line":761,"loc":{"start":{"line":761,"column":34},"end":{"line":761,"column":57}}},"66":{"name":"(anonymous_66)","line":768,"loc":{"start":{"line":768,"column":37},"end":{"line":768,"column":56}}},"67":{"name":"(anonymous_67)","line":800,"loc":{"start":{"line":800,"column":56},"end":{"line":800,"column":68}}},"68":{"name":"(anonymous_68)","line":813,"loc":{"start":{"line":813,"column":36},"end":{"line":813,"column":55}}},"69":{"name":"(anonymous_69)","line":835,"loc":{"start":{"line":835,"column":33},"end":{"line":835,"column":51}}},"70":{"name":"(anonymous_70)","line":847,"loc":{"start":{"line":847,"column":36},"end":{"line":847,"column":59}}},"71":{"name":"(anonymous_71)","line":869,"loc":{"start":{"line":869,"column":22},"end":{"line":869,"column":45}}},"72":{"name":"(anonymous_72)","line":870,"loc":{"start":{"line":870,"column":27},"end":{"line":870,"column":39}}},"73":{"name":"(anonymous_73)","line":886,"loc":{"start":{"line":886,"column":14},"end":{"line":886,"column":33}}},"74":{"name":"(anonymous_74)","line":900,"loc":{"start":{"line":900,"column":30},"end":{"line":900,"column":42}}},"75":{"name":"(anonymous_75)","line":903,"loc":{"start":{"line":903,"column":11},"end":{"line":903,"column":23}}},"76":{"name":"(anonymous_76)","line":915,"loc":{"start":{"line":915,"column":23},"end":{"line":915,"column":35}}}},"statementMap":{"1":{"start":{"line":12,"column":0},"end":{"line":925,"column":5}},"2":{"start":{"line":14,"column":4},"end":{"line":14,"column":14}},"3":{"start":{"line":19,"column":4},"end":{"line":52,"column":9}},"4":{"start":{"line":21,"column":8},"end":{"line":21,"column":19}},"5":{"start":{"line":23,"column":8},"end":{"line":35,"column":13}},"6":{"start":{"line":24,"column":12},"end":{"line":34,"column":13}},"7":{"start":{"line":25,"column":16},"end":{"line":28,"column":30}},"8":{"start":{"line":30,"column":16},"end":{"line":33,"column":27}},"9":{"start":{"line":37,"column":8},"end":{"line":39,"column":21}},"10":{"start":{"line":41,"column":8},"end":{"line":41,"column":54}},"11":{"start":{"line":43,"column":8},"end":{"line":43,"column":50}},"12":{"start":{"line":45,"column":8},"end":{"line":51,"column":9}},"13":{"start":{"line":46,"column":12},"end":{"line":46,"column":56}},"14":{"start":{"line":48,"column":12},"end":{"line":48,"column":35}},"15":{"start":{"line":49,"column":12},"end":{"line":49,"column":49}},"16":{"start":{"line":50,"column":12},"end":{"line":50,"column":43}},"17":{"start":{"line":57,"column":4},"end":{"line":875,"column":9}},"18":{"start":{"line":59,"column":8},"end":{"line":72,"column":10}},"19":{"start":{"line":66,"column":12},"end":{"line":66,"column":75}},"20":{"start":{"line":67,"column":12},"end":{"line":67,"column":67}},"21":{"start":{"line":68,"column":12},"end":{"line":68,"column":52}},"22":{"start":{"line":69,"column":12},"end":{"line":69,"column":28}},"23":{"start":{"line":71,"column":12},"end":{"line":71,"column":23}},"24":{"start":{"line":74,"column":8},"end":{"line":222,"column":10}},"25":{"start":{"line":78,"column":12},"end":{"line":78,"column":39}},"26":{"start":{"line":79,"column":12},"end":{"line":79,"column":54}},"27":{"start":{"line":81,"column":12},"end":{"line":85,"column":13}},"28":{"start":{"line":84,"column":16},"end":{"line":84,"column":55}},"29":{"start":{"line":87,"column":12},"end":{"line":89,"column":52}},"30":{"start":{"line":91,"column":12},"end":{"line":91,"column":34}},"31":{"start":{"line":93,"column":12},"end":{"line":93,"column":50}},"32":{"start":{"line":95,"column":12},"end":{"line":95,"column":29}},"33":{"start":{"line":96,"column":12},"end":{"line":98,"column":15}},"34":{"start":{"line":97,"column":16},"end":{"line":97,"column":70}},"35":{"start":{"line":100,"column":12},"end":{"line":100,"column":45}},"36":{"start":{"line":102,"column":12},"end":{"line":102,"column":91}},"37":{"start":{"line":104,"column":12},"end":{"line":104,"column":62}},"38":{"start":{"line":106,"column":12},"end":{"line":111,"column":66}},"39":{"start":{"line":107,"column":16},"end":{"line":107,"column":47}},"40":{"start":{"line":108,"column":16},"end":{"line":108,"column":28}},"41":{"start":{"line":110,"column":16},"end":{"line":110,"column":81}},"42":{"start":{"line":113,"column":12},"end":{"line":173,"column":14}},"43":{"start":{"line":115,"column":16},"end":{"line":115,"column":44}},"44":{"start":{"line":116,"column":16},"end":{"line":171,"column":17}},"45":{"start":{"line":121,"column":20},"end":{"line":123,"column":21}},"46":{"start":{"line":122,"column":24},"end":{"line":122,"column":31}},"47":{"start":{"line":124,"column":20},"end":{"line":124,"column":38}},"48":{"start":{"line":126,"column":20},"end":{"line":126,"column":47}},"49":{"start":{"line":128,"column":20},"end":{"line":130,"column":23}},"50":{"start":{"line":129,"column":24},"end":{"line":129,"column":89}},"51":{"start":{"line":132,"column":20},"end":{"line":132,"column":51}},"52":{"start":{"line":134,"column":20},"end":{"line":139,"column":21}},"53":{"start":{"line":138,"column":24},"end":{"line":138,"column":58}},"54":{"start":{"line":141,"column":20},"end":{"line":168,"column":21}},"55":{"start":{"line":143,"column":24},"end":{"line":153,"column":25}},"56":{"start":{"line":144,"column":28},"end":{"line":152,"column":32}},"57":{"start":{"line":150,"column":36},"end":{"line":150,"column":74}},"58":{"start":{"line":155,"column":24},"end":{"line":167,"column":25}},"59":{"start":{"line":157,"column":28},"end":{"line":157,"column":66}},"60":{"start":{"line":159,"column":28},"end":{"line":160,"column":53}},"61":{"start":{"line":162,"column":28},"end":{"line":165,"column":42}},"62":{"start":{"line":163,"column":32},"end":{"line":164,"column":50}},"63":{"start":{"line":166,"column":28},"end":{"line":166,"column":70}},"64":{"start":{"line":169,"column":20},"end":{"line":169,"column":44}},"65":{"start":{"line":170,"column":20},"end":{"line":170,"column":26}},"66":{"start":{"line":172,"column":16},"end":{"line":172,"column":43}},"67":{"start":{"line":175,"column":12},"end":{"line":175,"column":43}},"68":{"start":{"line":176,"column":12},"end":{"line":176,"column":55}},"69":{"start":{"line":177,"column":12},"end":{"line":177,"column":55}},"70":{"start":{"line":178,"column":12},"end":{"line":178,"column":54}},"71":{"start":{"line":179,"column":12},"end":{"line":179,"column":72}},"72":{"start":{"line":180,"column":12},"end":{"line":180,"column":71}},"73":{"start":{"line":181,"column":12},"end":{"line":181,"column":78}},"74":{"start":{"line":183,"column":12},"end":{"line":192,"column":13}},"75":{"start":{"line":187,"column":16},"end":{"line":187,"column":62}},"76":{"start":{"line":188,"column":16},"end":{"line":188,"column":91}},"77":{"start":{"line":189,"column":16},"end":{"line":189,"column":67}},"78":{"start":{"line":191,"column":16},"end":{"line":191,"column":46}},"79":{"start":{"line":193,"column":12},"end":{"line":195,"column":15}},"80":{"start":{"line":194,"column":16},"end":{"line":194,"column":60}},"81":{"start":{"line":197,"column":12},"end":{"line":205,"column":13}},"82":{"start":{"line":198,"column":16},"end":{"line":204,"column":20}},"83":{"start":{"line":206,"column":12},"end":{"line":220,"column":13}},"84":{"start":{"line":208,"column":16},"end":{"line":216,"column":19}},"85":{"start":{"line":209,"column":20},"end":{"line":213,"column":21}},"86":{"start":{"line":210,"column":24},"end":{"line":210,"column":55}},"87":{"start":{"line":211,"column":24},"end":{"line":211,"column":55}},"88":{"start":{"line":212,"column":24},"end":{"line":212,"column":31}},"89":{"start":{"line":215,"column":20},"end":{"line":215,"column":61}},"90":{"start":{"line":219,"column":16},"end":{"line":219,"column":61}},"91":{"start":{"line":221,"column":12},"end":{"line":221,"column":23}},"92":{"start":{"line":224,"column":8},"end":{"line":273,"column":10}},"93":{"start":{"line":228,"column":12},"end":{"line":228,"column":33}},"94":{"start":{"line":229,"column":12},"end":{"line":230,"column":60}},"95":{"start":{"line":231,"column":12},"end":{"line":233,"column":13}},"96":{"start":{"line":232,"column":16},"end":{"line":232,"column":23}},"97":{"start":{"line":235,"column":12},"end":{"line":235,"column":63}},"98":{"start":{"line":237,"column":12},"end":{"line":238,"column":50}},"99":{"start":{"line":240,"column":12},"end":{"line":240,"column":86}},"100":{"start":{"line":242,"column":12},"end":{"line":253,"column":13}},"101":{"start":{"line":245,"column":16},"end":{"line":245,"column":45}},"102":{"start":{"line":246,"column":16},"end":{"line":249,"column":24}},"103":{"start":{"line":252,"column":16},"end":{"line":252,"column":54}},"104":{"start":{"line":255,"column":12},"end":{"line":255,"column":61}},"105":{"start":{"line":257,"column":12},"end":{"line":272,"column":24}},"106":{"start":{"line":258,"column":16},"end":{"line":258,"column":71}},"107":{"start":{"line":259,"column":16},"end":{"line":259,"column":66}},"108":{"start":{"line":260,"column":16},"end":{"line":260,"column":46}},"109":{"start":{"line":261,"column":16},"end":{"line":261,"column":44}},"110":{"start":{"line":263,"column":16},"end":{"line":269,"column":24}},"111":{"start":{"line":265,"column":20},"end":{"line":268,"column":26}},"112":{"start":{"line":266,"column":24},"end":{"line":266,"column":63}},"113":{"start":{"line":267,"column":24},"end":{"line":267,"column":60}},"114":{"start":{"line":275,"column":8},"end":{"line":292,"column":10}},"115":{"start":{"line":279,"column":12},"end":{"line":279,"column":22}},"116":{"start":{"line":280,"column":12},"end":{"line":282,"column":13}},"117":{"start":{"line":281,"column":16},"end":{"line":281,"column":23}},"118":{"start":{"line":283,"column":12},"end":{"line":290,"column":47}},"119":{"start":{"line":291,"column":12},"end":{"line":291,"column":24}},"120":{"start":{"line":294,"column":8},"end":{"line":303,"column":10}},"121":{"start":{"line":298,"column":12},"end":{"line":301,"column":13}},"122":{"start":{"line":300,"column":16},"end":{"line":300,"column":61}},"123":{"start":{"line":302,"column":12},"end":{"line":302,"column":23}},"124":{"start":{"line":305,"column":8},"end":{"line":312,"column":10}},"125":{"start":{"line":309,"column":12},"end":{"line":309,"column":52}},"126":{"start":{"line":310,"column":12},"end":{"line":310,"column":48}},"127":{"start":{"line":311,"column":12},"end":{"line":311,"column":25}},"128":{"start":{"line":314,"column":8},"end":{"line":319,"column":10}},"129":{"start":{"line":318,"column":12},"end":{"line":318,"column":19}},"130":{"start":{"line":321,"column":8},"end":{"line":359,"column":10}},"131":{"start":{"line":325,"column":12},"end":{"line":325,"column":28}},"132":{"start":{"line":326,"column":12},"end":{"line":326,"column":38}},"133":{"start":{"line":327,"column":12},"end":{"line":357,"column":15}},"134":{"start":{"line":328,"column":16},"end":{"line":328,"column":36}},"135":{"start":{"line":329,"column":16},"end":{"line":329,"column":32}},"136":{"start":{"line":331,"column":16},"end":{"line":334,"column":17}},"137":{"start":{"line":332,"column":20},"end":{"line":332,"column":46}},"138":{"start":{"line":335,"column":16},"end":{"line":337,"column":17}},"139":{"start":{"line":336,"column":20},"end":{"line":336,"column":27}},"140":{"start":{"line":339,"column":16},"end":{"line":342,"column":17}},"141":{"start":{"line":340,"column":20},"end":{"line":340,"column":41}},"142":{"start":{"line":341,"column":20},"end":{"line":341,"column":27}},"143":{"start":{"line":345,"column":16},"end":{"line":356,"column":17}},"144":{"start":{"line":355,"column":20},"end":{"line":355,"column":71}},"145":{"start":{"line":358,"column":12},"end":{"line":358,"column":23}},"146":{"start":{"line":361,"column":8},"end":{"line":396,"column":10}},"147":{"start":{"line":365,"column":12},"end":{"line":365,"column":28}},"148":{"start":{"line":366,"column":12},"end":{"line":366,"column":76}},"149":{"start":{"line":367,"column":12},"end":{"line":367,"column":40}},"150":{"start":{"line":368,"column":12},"end":{"line":394,"column":15}},"151":{"start":{"line":369,"column":16},"end":{"line":369,"column":37}},"152":{"start":{"line":370,"column":16},"end":{"line":370,"column":32}},"153":{"start":{"line":371,"column":16},"end":{"line":371,"column":44}},"154":{"start":{"line":372,"column":16},"end":{"line":374,"column":17}},"155":{"start":{"line":373,"column":20},"end":{"line":373,"column":27}},"156":{"start":{"line":377,"column":16},"end":{"line":388,"column":17}},"157":{"start":{"line":386,"column":20},"end":{"line":386,"column":78}},"158":{"start":{"line":387,"column":20},"end":{"line":387,"column":27}},"159":{"start":{"line":390,"column":16},"end":{"line":393,"column":33}},"160":{"start":{"line":395,"column":12},"end":{"line":395,"column":23}},"161":{"start":{"line":398,"column":8},"end":{"line":414,"column":10}},"162":{"start":{"line":403,"column":12},"end":{"line":403,"column":22}},"163":{"start":{"line":404,"column":12},"end":{"line":404,"column":70}},"164":{"start":{"line":405,"column":12},"end":{"line":413,"column":14}},"165":{"start":{"line":406,"column":16},"end":{"line":411,"column":17}},"166":{"start":{"line":410,"column":20},"end":{"line":410,"column":48}},"167":{"start":{"line":412,"column":16},"end":{"line":412,"column":43}},"168":{"start":{"line":416,"column":8},"end":{"line":437,"column":10}},"169":{"start":{"line":421,"column":12},"end":{"line":435,"column":15}},"170":{"start":{"line":422,"column":16},"end":{"line":434,"column":17}},"171":{"start":{"line":423,"column":20},"end":{"line":425,"column":47}},"172":{"start":{"line":426,"column":20},"end":{"line":426,"column":47}},"173":{"start":{"line":429,"column":20},"end":{"line":431,"column":21}},"174":{"start":{"line":430,"column":24},"end":{"line":430,"column":50}},"175":{"start":{"line":432,"column":20},"end":{"line":432,"column":54}},"176":{"start":{"line":433,"column":20},"end":{"line":433,"column":60}},"177":{"start":{"line":436,"column":12},"end":{"line":436,"column":27}},"178":{"start":{"line":439,"column":8},"end":{"line":453,"column":10}},"179":{"start":{"line":444,"column":12},"end":{"line":444,"column":54}},"180":{"start":{"line":446,"column":12},"end":{"line":452,"column":28}},"181":{"start":{"line":447,"column":16},"end":{"line":450,"column":33}},"182":{"start":{"line":455,"column":8},"end":{"line":470,"column":10}},"183":{"start":{"line":459,"column":12},"end":{"line":469,"column":15}},"184":{"start":{"line":461,"column":16},"end":{"line":468,"column":19}},"185":{"start":{"line":462,"column":20},"end":{"line":462,"column":33}},"186":{"start":{"line":465,"column":20},"end":{"line":467,"column":34}},"187":{"start":{"line":466,"column":24},"end":{"line":466,"column":41}},"188":{"start":{"line":472,"column":8},"end":{"line":565,"column":10}},"189":{"start":{"line":476,"column":12},"end":{"line":476,"column":68}},"190":{"start":{"line":477,"column":12},"end":{"line":477,"column":30}},"191":{"start":{"line":478,"column":12},"end":{"line":486,"column":14}},"192":{"start":{"line":479,"column":16},"end":{"line":479,"column":41}},"193":{"start":{"line":480,"column":16},"end":{"line":480,"column":29}},"194":{"start":{"line":482,"column":16},"end":{"line":484,"column":19}},"195":{"start":{"line":483,"column":20},"end":{"line":483,"column":48}},"196":{"start":{"line":485,"column":16},"end":{"line":485,"column":29}},"197":{"start":{"line":487,"column":12},"end":{"line":514,"column":14}},"198":{"start":{"line":488,"column":16},"end":{"line":513,"column":17}},"199":{"start":{"line":490,"column":20},"end":{"line":490,"column":42}},"200":{"start":{"line":491,"column":20},"end":{"line":496,"column":29}},"201":{"start":{"line":494,"column":28},"end":{"line":494,"column":71}},"202":{"start":{"line":498,"column":20},"end":{"line":498,"column":71}},"203":{"start":{"line":499,"column":20},"end":{"line":502,"column":75}},"204":{"start":{"line":504,"column":20},"end":{"line":504,"column":63}},"205":{"start":{"line":506,"column":20},"end":{"line":509,"column":62}},"206":{"start":{"line":512,"column":20},"end":{"line":512,"column":83}},"207":{"start":{"line":516,"column":12},"end":{"line":516,"column":47}},"208":{"start":{"line":517,"column":12},"end":{"line":517,"column":38}},"209":{"start":{"line":518,"column":12},"end":{"line":526,"column":13}},"210":{"start":{"line":519,"column":16},"end":{"line":519,"column":53}},"211":{"start":{"line":520,"column":16},"end":{"line":525,"column":18}},"212":{"start":{"line":528,"column":12},"end":{"line":564,"column":15}},"213":{"start":{"line":529,"column":16},"end":{"line":529,"column":46}},"214":{"start":{"line":530,"column":16},"end":{"line":532,"column":17}},"215":{"start":{"line":531,"column":20},"end":{"line":531,"column":34}},"216":{"start":{"line":533,"column":16},"end":{"line":562,"column":19}},"217":{"start":{"line":534,"column":20},"end":{"line":561,"column":21}},"218":{"start":{"line":536,"column":24},"end":{"line":536,"column":60}},"219":{"start":{"line":537,"column":24},"end":{"line":537,"column":30}},"220":{"start":{"line":539,"column":24},"end":{"line":539,"column":58}},"221":{"start":{"line":540,"column":24},"end":{"line":540,"column":30}},"222":{"start":{"line":542,"column":24},"end":{"line":542,"column":58}},"223":{"start":{"line":543,"column":24},"end":{"line":543,"column":30}},"224":{"start":{"line":545,"column":24},"end":{"line":547,"column":27}},"225":{"start":{"line":546,"column":28},"end":{"line":546,"column":83}},"226":{"start":{"line":548,"column":24},"end":{"line":548,"column":30}},"227":{"start":{"line":550,"column":24},"end":{"line":550,"column":54}},"228":{"start":{"line":551,"column":24},"end":{"line":551,"column":30}},"229":{"start":{"line":553,"column":24},"end":{"line":553,"column":63}},"230":{"start":{"line":554,"column":24},"end":{"line":554,"column":30}},"231":{"start":{"line":556,"column":24},"end":{"line":556,"column":60}},"232":{"start":{"line":557,"column":24},"end":{"line":557,"column":30}},"233":{"start":{"line":559,"column":24},"end":{"line":559,"column":45}},"234":{"start":{"line":560,"column":24},"end":{"line":560,"column":30}},"235":{"start":{"line":563,"column":16},"end":{"line":563,"column":37}},"236":{"start":{"line":567,"column":8},"end":{"line":583,"column":10}},"237":{"start":{"line":573,"column":12},"end":{"line":573,"column":72}},"238":{"start":{"line":574,"column":12},"end":{"line":582,"column":13}},"239":{"start":{"line":576,"column":16},"end":{"line":576,"column":55}},"240":{"start":{"line":577,"column":16},"end":{"line":577,"column":29}},"241":{"start":{"line":580,"column":16},"end":{"line":580,"column":62}},"242":{"start":{"line":581,"column":16},"end":{"line":581,"column":44}},"243":{"start":{"line":585,"column":8},"end":{"line":610,"column":10}},"244":{"start":{"line":589,"column":12},"end":{"line":589,"column":73}},"245":{"start":{"line":590,"column":12},"end":{"line":590,"column":21}},"246":{"start":{"line":591,"column":12},"end":{"line":591,"column":27}},"247":{"start":{"line":592,"column":12},"end":{"line":594,"column":14}},"248":{"start":{"line":593,"column":16},"end":{"line":593,"column":45}},"249":{"start":{"line":595,"column":12},"end":{"line":608,"column":27}},"250":{"start":{"line":596,"column":16},"end":{"line":596,"column":92}},"251":{"start":{"line":597,"column":16},"end":{"line":597,"column":69}},"252":{"start":{"line":599,"column":16},"end":{"line":605,"column":17}},"253":{"start":{"line":603,"column":20},"end":{"line":603,"column":27}},"254":{"start":{"line":604,"column":20},"end":{"line":604,"column":27}},"255":{"start":{"line":606,"column":16},"end":{"line":606,"column":55}},"256":{"start":{"line":607,"column":16},"end":{"line":607,"column":46}},"257":{"start":{"line":609,"column":12},"end":{"line":609,"column":38}},"258":{"start":{"line":612,"column":8},"end":{"line":631,"column":10}},"259":{"start":{"line":616,"column":12},"end":{"line":616,"column":42}},"260":{"start":{"line":617,"column":12},"end":{"line":630,"column":19}},"261":{"start":{"line":618,"column":16},"end":{"line":618,"column":48}},"262":{"start":{"line":619,"column":16},"end":{"line":619,"column":45}},"263":{"start":{"line":620,"column":16},"end":{"line":620,"column":43}},"264":{"start":{"line":621,"column":16},"end":{"line":621,"column":48}},"265":{"start":{"line":622,"column":16},"end":{"line":622,"column":45}},"266":{"start":{"line":623,"column":16},"end":{"line":623,"column":80}},"267":{"start":{"line":624,"column":16},"end":{"line":624,"column":49}},"268":{"start":{"line":625,"column":16},"end":{"line":625,"column":46}},"269":{"start":{"line":626,"column":16},"end":{"line":629,"column":24}},"270":{"start":{"line":627,"column":20},"end":{"line":627,"column":56}},"271":{"start":{"line":628,"column":20},"end":{"line":628,"column":31}},"272":{"start":{"line":633,"column":8},"end":{"line":648,"column":10}},"273":{"start":{"line":637,"column":12},"end":{"line":637,"column":45}},"274":{"start":{"line":638,"column":12},"end":{"line":638,"column":42}},"275":{"start":{"line":639,"column":12},"end":{"line":639,"column":45}},"276":{"start":{"line":640,"column":12},"end":{"line":640,"column":42}},"277":{"start":{"line":641,"column":12},"end":{"line":641,"column":42}},"278":{"start":{"line":642,"column":12},"end":{"line":642,"column":46}},"279":{"start":{"line":643,"column":12},"end":{"line":643,"column":43}},"280":{"start":{"line":644,"column":12},"end":{"line":644,"column":39}},"281":{"start":{"line":645,"column":12},"end":{"line":647,"column":20}},"282":{"start":{"line":646,"column":16},"end":{"line":646,"column":27}},"283":{"start":{"line":650,"column":8},"end":{"line":666,"column":10}},"284":{"start":{"line":651,"column":12},"end":{"line":665,"column":15}},"285":{"start":{"line":652,"column":16},"end":{"line":654,"column":17}},"286":{"start":{"line":653,"column":20},"end":{"line":653,"column":27}},"287":{"start":{"line":655,"column":16},"end":{"line":661,"column":17}},"288":{"start":{"line":659,"column":20},"end":{"line":659,"column":43}},"289":{"start":{"line":660,"column":20},"end":{"line":660,"column":26}},"290":{"start":{"line":662,"column":16},"end":{"line":662,"column":40}},"291":{"start":{"line":663,"column":16},"end":{"line":663,"column":54}},"292":{"start":{"line":664,"column":16},"end":{"line":664,"column":28}},"293":{"start":{"line":668,"column":8},"end":{"line":679,"column":10}},"294":{"start":{"line":672,"column":12},"end":{"line":678,"column":15}},"295":{"start":{"line":673,"column":16},"end":{"line":677,"column":19}},"296":{"start":{"line":676,"column":20},"end":{"line":676,"column":93}},"297":{"start":{"line":681,"column":8},"end":{"line":681,"column":39}},"298":{"start":{"line":683,"column":8},"end":{"line":755,"column":10}},"299":{"start":{"line":687,"column":12},"end":{"line":690,"column":13}},"300":{"start":{"line":688,"column":16},"end":{"line":688,"column":59}},"301":{"start":{"line":689,"column":16},"end":{"line":689,"column":23}},"302":{"start":{"line":691,"column":12},"end":{"line":691,"column":83}},"303":{"start":{"line":692,"column":12},"end":{"line":694,"column":13}},"304":{"start":{"line":693,"column":16},"end":{"line":693,"column":23}},"305":{"start":{"line":695,"column":12},"end":{"line":697,"column":13}},"306":{"start":{"line":696,"column":16},"end":{"line":696,"column":23}},"307":{"start":{"line":698,"column":12},"end":{"line":700,"column":15}},"308":{"start":{"line":699,"column":16},"end":{"line":699,"column":57}},"309":{"start":{"line":701,"column":12},"end":{"line":701,"column":61}},"310":{"start":{"line":702,"column":12},"end":{"line":721,"column":14}},"311":{"start":{"line":722,"column":12},"end":{"line":749,"column":15}},"312":{"start":{"line":725,"column":16},"end":{"line":727,"column":17}},"313":{"start":{"line":726,"column":20},"end":{"line":726,"column":27}},"314":{"start":{"line":728,"column":16},"end":{"line":735,"column":17}},"315":{"start":{"line":729,"column":20},"end":{"line":733,"column":39}},"316":{"start":{"line":734,"column":20},"end":{"line":734,"column":32}},"317":{"start":{"line":736,"column":16},"end":{"line":736,"column":49}},"318":{"start":{"line":737,"column":16},"end":{"line":740,"column":19}},"319":{"start":{"line":738,"column":20},"end":{"line":739,"column":64}},"320":{"start":{"line":741,"column":16},"end":{"line":746,"column":17}},"321":{"start":{"line":742,"column":20},"end":{"line":742,"column":81}},"322":{"start":{"line":744,"column":20},"end":{"line":745,"column":74}},"323":{"start":{"line":747,"column":16},"end":{"line":747,"column":60}},"324":{"start":{"line":748,"column":16},"end":{"line":748,"column":28}},"325":{"start":{"line":750,"column":12},"end":{"line":752,"column":66}},"326":{"start":{"line":753,"column":12},"end":{"line":753,"column":75}},"327":{"start":{"line":754,"column":12},"end":{"line":754,"column":27}},"328":{"start":{"line":757,"column":8},"end":{"line":798,"column":10}},"329":{"start":{"line":761,"column":12},"end":{"line":795,"column":15}},"330":{"start":{"line":762,"column":16},"end":{"line":794,"column":17}},"331":{"start":{"line":764,"column":20},"end":{"line":775,"column":21}},"332":{"start":{"line":765,"column":24},"end":{"line":766,"column":90}},"333":{"start":{"line":767,"column":24},"end":{"line":774,"column":31}},"334":{"start":{"line":769,"column":32},"end":{"line":773,"column":33}},"335":{"start":{"line":770,"column":36},"end":{"line":770,"column":82}},"336":{"start":{"line":772,"column":36},"end":{"line":772,"column":85}},"337":{"start":{"line":776,"column":20},"end":{"line":777,"column":79}},"338":{"start":{"line":779,"column":20},"end":{"line":779,"column":40}},"339":{"start":{"line":780,"column":20},"end":{"line":786,"column":82}},"340":{"start":{"line":787,"column":20},"end":{"line":787,"column":26}},"341":{"start":{"line":789,"column":20},"end":{"line":789,"column":63}},"342":{"start":{"line":790,"column":20},"end":{"line":790,"column":68}},"343":{"start":{"line":791,"column":20},"end":{"line":791,"column":26}},"344":{"start":{"line":793,"column":20},"end":{"line":793,"column":32}},"345":{"start":{"line":796,"column":12},"end":{"line":796,"column":33}},"346":{"start":{"line":797,"column":12},"end":{"line":797,"column":29}},"347":{"start":{"line":800,"column":8},"end":{"line":874,"column":10}},"348":{"start":{"line":804,"column":12},"end":{"line":804,"column":29}},"349":{"start":{"line":805,"column":12},"end":{"line":805,"column":33}},"350":{"start":{"line":806,"column":12},"end":{"line":810,"column":13}},"351":{"start":{"line":807,"column":16},"end":{"line":808,"column":66}},"352":{"start":{"line":809,"column":16},"end":{"line":809,"column":23}},"353":{"start":{"line":811,"column":12},"end":{"line":811,"column":96}},"354":{"start":{"line":813,"column":12},"end":{"line":832,"column":15}},"355":{"start":{"line":814,"column":16},"end":{"line":819,"column":19}},"356":{"start":{"line":820,"column":16},"end":{"line":822,"column":28}},"357":{"start":{"line":823,"column":16},"end":{"line":825,"column":28}},"358":{"start":{"line":826,"column":16},"end":{"line":828,"column":54}},"359":{"start":{"line":829,"column":16},"end":{"line":831,"column":28}},"360":{"start":{"line":834,"column":12},"end":{"line":834,"column":95}},"361":{"start":{"line":835,"column":12},"end":{"line":846,"column":15}},"362":{"start":{"line":836,"column":16},"end":{"line":836,"column":29}},"363":{"start":{"line":837,"column":16},"end":{"line":837,"column":29}},"364":{"start":{"line":838,"column":16},"end":{"line":842,"column":17}},"365":{"start":{"line":839,"column":20},"end":{"line":841,"column":28}},"366":{"start":{"line":843,"column":16},"end":{"line":845,"column":24}},"367":{"start":{"line":847,"column":12},"end":{"line":849,"column":15}},"368":{"start":{"line":848,"column":16},"end":{"line":848,"column":32}},"369":{"start":{"line":850,"column":12},"end":{"line":850,"column":89}},"370":{"start":{"line":851,"column":12},"end":{"line":866,"column":14}},"371":{"start":{"line":867,"column":12},"end":{"line":873,"column":15}},"372":{"start":{"line":870,"column":16},"end":{"line":872,"column":28}},"373":{"start":{"line":871,"column":20},"end":{"line":871,"column":47}},"374":{"start":{"line":876,"column":4},"end":{"line":924,"column":5}},"375":{"start":{"line":882,"column":8},"end":{"line":882,"column":35}},"376":{"start":{"line":883,"column":8},"end":{"line":883,"column":43}},"377":{"start":{"line":884,"column":8},"end":{"line":889,"column":11}},"378":{"start":{"line":887,"column":12},"end":{"line":887,"column":55}},"379":{"start":{"line":888,"column":12},"end":{"line":888,"column":27}},"380":{"start":{"line":890,"column":8},"end":{"line":895,"column":10}},"381":{"start":{"line":896,"column":8},"end":{"line":896,"column":37}},"382":{"start":{"line":898,"column":8},"end":{"line":898,"column":41}},"383":{"start":{"line":900,"column":8},"end":{"line":905,"column":11}},"384":{"start":{"line":901,"column":12},"end":{"line":901,"column":51}},"385":{"start":{"line":902,"column":12},"end":{"line":902,"column":37}},"386":{"start":{"line":904,"column":12},"end":{"line":904,"column":33}},"387":{"start":{"line":906,"column":8},"end":{"line":906,"column":95}},"388":{"start":{"line":907,"column":8},"end":{"line":910,"column":10}},"389":{"start":{"line":911,"column":8},"end":{"line":911,"column":89}},"390":{"start":{"line":913,"column":8},"end":{"line":913,"column":84}},"391":{"start":{"line":914,"column":8},"end":{"line":922,"column":9}},"392":{"start":{"line":915,"column":12},"end":{"line":921,"column":21}},"393":{"start":{"line":916,"column":16},"end":{"line":920,"column":26}},"394":{"start":{"line":923,"column":8},"end":{"line":923,"column":14}}},"branchMap":{"1":{"line":25,"type":"binary-expr","locations":[{"start":{"line":25,"column":23},"end":{"line":25,"column":62}},{"start":{"line":26,"column":20},"end":{"line":26,"column":70}},{"start":{"line":27,"column":20},"end":{"line":27,"column":71}},{"start":{"line":28,"column":20},"end":{"line":28,"column":29}}]},"2":{"line":30,"type":"binary-expr","locations":[{"start":{"line":30,"column":23},"end":{"line":30,"column":37}},{"start":{"line":31,"column":20},"end":{"line":31,"column":61}},{"start":{"line":32,"column":20},"end":{"line":32,"column":70}},{"start":{"line":33,"column":20},"end":{"line":33,"column":26}}]},"3":{"line":37,"type":"cond-expr","locations":[{"start":{"line":38,"column":14},"end":{"line":38,"column":20}},{"start":{"line":39,"column":14},"end":{"line":39,"column":20}}]},"4":{"line":41,"type":"binary-expr","locations":[{"start":{"line":41,"column":16},"end":{"line":41,"column":44}},{"start":{"line":41,"column":48},"end":{"line":41,"column":53}}]},"5":{"line":45,"type":"if","locations":[{"start":{"line":45,"column":8},"end":{"line":45,"column":8}},{"start":{"line":45,"column":8},"end":{"line":45,"column":8}}]},"6":{"line":59,"type":"binary-expr","locations":[{"start":{"line":59,"column":58},"end":{"line":61,"column":9}},{"start":{"line":61,"column":13},"end":{"line":72,"column":9}}]},"7":{"line":81,"type":"if","locations":[{"start":{"line":81,"column":12},"end":{"line":81,"column":12}},{"start":{"line":81,"column":12},"end":{"line":81,"column":12}}]},"8":{"line":81,"type":"binary-expr","locations":[{"start":{"line":81,"column":16},"end":{"line":81,"column":25}},{"start":{"line":82,"column":20},"end":{"line":82,"column":54}},{"start":{"line":83,"column":21},"end":{"line":83,"column":46}},{"start":{"line":83,"column":50},"end":{"line":83,"column":88}}]},"9":{"line":87,"type":"binary-expr","locations":[{"start":{"line":87,"column":18},"end":{"line":87,"column":21}},{"start":{"line":87,"column":26},"end":{"line":89,"column":50}}]},"10":{"line":87,"type":"cond-expr","locations":[{"start":{"line":88,"column":18},"end":{"line":88,"column":51}},{"start":{"line":89,"column":18},"end":{"line":89,"column":50}}]},"11":{"line":96,"type":"binary-expr","locations":[{"start":{"line":96,"column":24},"end":{"line":96,"column":39}},{"start":{"line":96,"column":43},"end":{"line":96,"column":45}}]},"12":{"line":100,"type":"binary-expr","locations":[{"start":{"line":100,"column":25},"end":{"line":100,"column":35}},{"start":{"line":100,"column":39},"end":{"line":100,"column":44}}]},"13":{"line":102,"type":"binary-expr","locations":[{"start":{"line":102,"column":38},"end":{"line":102,"column":61}},{"start":{"line":102,"column":65},"end":{"line":102,"column":90}}]},"14":{"line":104,"type":"binary-expr","locations":[{"start":{"line":104,"column":26},"end":{"line":104,"column":37}},{"start":{"line":104,"column":41},"end":{"line":104,"column":61}}]},"15":{"line":107,"type":"binary-expr","locations":[{"start":{"line":107,"column":28},"end":{"line":107,"column":37}},{"start":{"line":107,"column":41},"end":{"line":107,"column":46}}]},"16":{"line":116,"type":"switch","locations":[{"start":{"line":117,"column":16},"end":{"line":117,"column":29}},{"start":{"line":118,"column":16},"end":{"line":118,"column":29}},{"start":{"line":119,"column":16},"end":{"line":170,"column":26}}]},"17":{"line":121,"type":"if","locations":[{"start":{"line":121,"column":20},"end":{"line":121,"column":20}},{"start":{"line":121,"column":20},"end":{"line":121,"column":20}}]},"18":{"line":134,"type":"if","locations":[{"start":{"line":134,"column":20},"end":{"line":134,"column":20}},{"start":{"line":134,"column":20},"end":{"line":134,"column":20}}]},"19":{"line":134,"type":"binary-expr","locations":[{"start":{"line":134,"column":24},"end":{"line":134,"column":34}},{"start":{"line":135,"column":29},"end":{"line":135,"column":51}},{"start":{"line":136,"column":28},"end":{"line":136,"column":50}},{"start":{"line":137,"column":28},"end":{"line":137,"column":49}}]},"20":{"line":141,"type":"if","locations":[{"start":{"line":141,"column":20},"end":{"line":141,"column":20}},{"start":{"line":141,"column":20},"end":{"line":141,"column":20}}]},"21":{"line":143,"type":"if","locations":[{"start":{"line":143,"column":24},"end":{"line":143,"column":24}},{"start":{"line":143,"column":24},"end":{"line":143,"column":24}}]},"22":{"line":155,"type":"if","locations":[{"start":{"line":155,"column":24},"end":{"line":155,"column":24}},{"start":{"line":155,"column":24},"end":{"line":155,"column":24}}]},"23":{"line":183,"type":"if","locations":[{"start":{"line":183,"column":12},"end":{"line":183,"column":12}},{"start":{"line":183,"column":12},"end":{"line":183,"column":12}}]},"24":{"line":183,"type":"binary-expr","locations":[{"start":{"line":183,"column":16},"end":{"line":183,"column":42}},{"start":{"line":184,"column":20},"end":{"line":184,"column":43}},{"start":{"line":185,"column":20},"end":{"line":185,"column":50}},{"start":{"line":186,"column":20},"end":{"line":186,"column":83}}]},"25":{"line":197,"type":"if","locations":[{"start":{"line":197,"column":12},"end":{"line":197,"column":12}},{"start":{"line":197,"column":12},"end":{"line":197,"column":12}}]},"26":{"line":202,"type":"binary-expr","locations":[{"start":{"line":202,"column":26},"end":{"line":202,"column":34}},{"start":{"line":202,"column":38},"end":{"line":202,"column":52}},{"start":{"line":203,"column":24},"end":{"line":203,"column":68}}]},"27":{"line":206,"type":"if","locations":[{"start":{"line":206,"column":12},"end":{"line":206,"column":12}},{"start":{"line":206,"column":12},"end":{"line":206,"column":12}}]},"28":{"line":206,"type":"binary-expr","locations":[{"start":{"line":206,"column":16},"end":{"line":206,"column":30}},{"start":{"line":206,"column":34},"end":{"line":206,"column":68}}]},"29":{"line":209,"type":"if","locations":[{"start":{"line":209,"column":20},"end":{"line":209,"column":20}},{"start":{"line":209,"column":20},"end":{"line":209,"column":20}}]},"30":{"line":210,"type":"binary-expr","locations":[{"start":{"line":210,"column":36},"end":{"line":210,"column":45}},{"start":{"line":210,"column":49},"end":{"line":210,"column":54}}]},"31":{"line":229,"type":"binary-expr","locations":[{"start":{"line":229,"column":31},"end":{"line":229,"column":57}},{"start":{"line":230,"column":16},"end":{"line":230,"column":59}}]},"32":{"line":231,"type":"if","locations":[{"start":{"line":231,"column":12},"end":{"line":231,"column":12}},{"start":{"line":231,"column":12},"end":{"line":231,"column":12}}]},"33":{"line":237,"type":"binary-expr","locations":[{"start":{"line":237,"column":52},"end":{"line":237,"column":89}},{"start":{"line":238,"column":16},"end":{"line":238,"column":49}}]},"34":{"line":242,"type":"if","locations":[{"start":{"line":242,"column":12},"end":{"line":242,"column":12}},{"start":{"line":242,"column":12},"end":{"line":242,"column":12}}]},"35":{"line":248,"type":"binary-expr","locations":[{"start":{"line":248,"column":20},"end":{"line":248,"column":69}},{"start":{"line":248,"column":73},"end":{"line":248,"column":74}}]},"36":{"line":265,"type":"binary-expr","locations":[{"start":{"line":265,"column":30},"end":{"line":265,"column":54}},{"start":{"line":265,"column":59},"end":{"line":268,"column":23}}]},"37":{"line":270,"type":"cond-expr","locations":[{"start":{"line":271,"column":18},"end":{"line":271,"column":38}},{"start":{"line":272,"column":18},"end":{"line":272,"column":22}}]},"38":{"line":280,"type":"if","locations":[{"start":{"line":280,"column":12},"end":{"line":280,"column":12}},{"start":{"line":280,"column":12},"end":{"line":280,"column":12}}]},"39":{"line":283,"type":"cond-expr","locations":[{"start":{"line":285,"column":18},"end":{"line":285,"column":25}},{"start":{"line":286,"column":18},"end":{"line":290,"column":46}}]},"40":{"line":283,"type":"binary-expr","locations":[{"start":{"line":283,"column":20},"end":{"line":283,"column":27}},{"start":{"line":283,"column":31},"end":{"line":283,"column":46}}]},"41":{"line":286,"type":"cond-expr","locations":[{"start":{"line":288,"column":22},"end":{"line":288,"column":29}},{"start":{"line":290,"column":22},"end":{"line":290,"column":45}}]},"42":{"line":298,"type":"if","locations":[{"start":{"line":298,"column":12},"end":{"line":298,"column":12}},{"start":{"line":298,"column":12},"end":{"line":298,"column":12}}]},"43":{"line":298,"type":"binary-expr","locations":[{"start":{"line":298,"column":16},"end":{"line":298,"column":39}},{"start":{"line":299,"column":20},"end":{"line":299,"column":58}},{"start":{"line":299,"column":63},"end":{"line":299,"column":84}}]},"44":{"line":325,"type":"binary-expr","locations":[{"start":{"line":325,"column":18},"end":{"line":325,"column":21}},{"start":{"line":325,"column":25},"end":{"line":325,"column":27}}]},"45":{"line":326,"type":"binary-expr","locations":[{"start":{"line":326,"column":23},"end":{"line":326,"column":31}},{"start":{"line":326,"column":35},"end":{"line":326,"column":37}}]},"46":{"line":335,"type":"if","locations":[{"start":{"line":335,"column":16},"end":{"line":335,"column":16}},{"start":{"line":335,"column":16},"end":{"line":335,"column":16}}]},"47":{"line":339,"type":"if","locations":[{"start":{"line":339,"column":16},"end":{"line":339,"column":16}},{"start":{"line":339,"column":16},"end":{"line":339,"column":16}}]},"48":{"line":345,"type":"if","locations":[{"start":{"line":345,"column":16},"end":{"line":345,"column":16}},{"start":{"line":345,"column":16},"end":{"line":345,"column":16}}]},"49":{"line":345,"type":"binary-expr","locations":[{"start":{"line":345,"column":20},"end":{"line":345,"column":29}},{"start":{"line":347,"column":24},"end":{"line":347,"column":28}},{"start":{"line":348,"column":24},"end":{"line":348,"column":48}},{"start":{"line":349,"column":24},"end":{"line":349,"column":44}},{"start":{"line":351,"column":24},"end":{"line":351,"column":33}},{"start":{"line":352,"column":24},"end":{"line":352,"column":53}},{"start":{"line":353,"column":24},"end":{"line":353,"column":49}}]},"50":{"line":365,"type":"binary-expr","locations":[{"start":{"line":365,"column":18},"end":{"line":365,"column":21}},{"start":{"line":365,"column":25},"end":{"line":365,"column":27}}]},"51":{"line":366,"type":"binary-expr","locations":[{"start":{"line":366,"column":18},"end":{"line":366,"column":21}},{"start":{"line":366,"column":26},"end":{"line":366,"column":53}},{"start":{"line":366,"column":57},"end":{"line":366,"column":68}},{"start":{"line":366,"column":73},"end":{"line":366,"column":75}}]},"52":{"line":367,"type":"binary-expr","locations":[{"start":{"line":367,"column":24},"end":{"line":367,"column":33}},{"start":{"line":367,"column":37},"end":{"line":367,"column":39}}]},"53":{"line":372,"type":"if","locations":[{"start":{"line":372,"column":16},"end":{"line":372,"column":16}},{"start":{"line":372,"column":16},"end":{"line":372,"column":16}}]},"54":{"line":377,"type":"if","locations":[{"start":{"line":377,"column":16},"end":{"line":377,"column":16}},{"start":{"line":377,"column":16},"end":{"line":377,"column":16}}]},"55":{"line":377,"type":"binary-expr","locations":[{"start":{"line":377,"column":20},"end":{"line":377,"column":29}},{"start":{"line":379,"column":25},"end":{"line":379,"column":29}},{"start":{"line":380,"column":24},"end":{"line":380,"column":48}},{"start":{"line":381,"column":24},"end":{"line":381,"column":44}},{"start":{"line":383,"column":25},"end":{"line":383,"column":35}},{"start":{"line":384,"column":24},"end":{"line":384,"column":54}},{"start":{"line":385,"column":24},"end":{"line":385,"column":50}}]},"56":{"line":390,"type":"cond-expr","locations":[{"start":{"line":392,"column":22},"end":{"line":392,"column":38}},{"start":{"line":393,"column":22},"end":{"line":393,"column":32}}]},"57":{"line":392,"type":"binary-expr","locations":[{"start":{"line":392,"column":22},"end":{"line":392,"column":32}},{"start":{"line":392,"column":36},"end":{"line":392,"column":38}}]},"58":{"line":406,"type":"if","locations":[{"start":{"line":406,"column":16},"end":{"line":406,"column":16}},{"start":{"line":406,"column":16},"end":{"line":406,"column":16}}]},"59":{"line":406,"type":"binary-expr","locations":[{"start":{"line":406,"column":20},"end":{"line":406,"column":25}},{"start":{"line":407,"column":24},"end":{"line":407,"column":52}},{"start":{"line":408,"column":24},"end":{"line":408,"column":77}}]},"60":{"line":423,"type":"cond-expr","locations":[{"start":{"line":424,"column":26},"end":{"line":424,"column":34}},{"start":{"line":425,"column":26},"end":{"line":425,"column":46}}]},"61":{"line":423,"type":"binary-expr","locations":[{"start":{"line":423,"column":39},"end":{"line":423,"column":44}},{"start":{"line":423,"column":48},"end":{"line":423,"column":72}}]},"62":{"line":429,"type":"if","locations":[{"start":{"line":429,"column":20},"end":{"line":429,"column":20}},{"start":{"line":429,"column":20},"end":{"line":429,"column":20}}]},"63":{"line":448,"type":"cond-expr","locations":[{"start":{"line":449,"column":22},"end":{"line":449,"column":31}},{"start":{"line":450,"column":22},"end":{"line":450,"column":29}}]},"64":{"line":477,"type":"binary-expr","locations":[{"start":{"line":477,"column":19},"end":{"line":477,"column":23}},{"start":{"line":477,"column":27},"end":{"line":477,"column":29}}]},"65":{"line":483,"type":"binary-expr","locations":[{"start":{"line":483,"column":28},"end":{"line":483,"column":33}},{"start":{"line":483,"column":37},"end":{"line":483,"column":47}}]},"66":{"line":488,"type":"switch","locations":[{"start":{"line":489,"column":16},"end":{"line":496,"column":29}},{"start":{"line":497,"column":16},"end":{"line":504,"column":63}},{"start":{"line":505,"column":16},"end":{"line":509,"column":62}},{"start":{"line":510,"column":16},"end":{"line":512,"column":83}}]},"67":{"line":491,"type":"cond-expr","locations":[{"start":{"line":492,"column":26},"end":{"line":495,"column":35}},{"start":{"line":496,"column":26},"end":{"line":496,"column":28}}]},"68":{"line":499,"type":"cond-expr","locations":[{"start":{"line":500,"column":26},"end":{"line":500,"column":36}},{"start":{"line":502,"column":26},"end":{"line":502,"column":74}}]},"69":{"line":506,"type":"cond-expr","locations":[{"start":{"line":507,"column":26},"end":{"line":507,"column":28}},{"start":{"line":509,"column":26},"end":{"line":509,"column":61}}]},"70":{"line":517,"type":"binary-expr","locations":[{"start":{"line":517,"column":23},"end":{"line":517,"column":31}},{"start":{"line":517,"column":35},"end":{"line":517,"column":37}}]},"71":{"line":530,"type":"if","locations":[{"start":{"line":530,"column":16},"end":{"line":530,"column":16}},{"start":{"line":530,"column":16},"end":{"line":530,"column":16}}]},"72":{"line":534,"type":"switch","locations":[{"start":{"line":535,"column":20},"end":{"line":537,"column":30}},{"start":{"line":538,"column":20},"end":{"line":540,"column":30}},{"start":{"line":541,"column":20},"end":{"line":543,"column":30}},{"start":{"line":544,"column":20},"end":{"line":548,"column":30}},{"start":{"line":549,"column":20},"end":{"line":551,"column":30}},{"start":{"line":552,"column":20},"end":{"line":554,"column":30}},{"start":{"line":555,"column":20},"end":{"line":557,"column":30}},{"start":{"line":558,"column":20},"end":{"line":560,"column":30}}]},"73":{"line":597,"type":"binary-expr","locations":[{"start":{"line":597,"column":23},"end":{"line":597,"column":61}},{"start":{"line":597,"column":66},"end":{"line":597,"column":68}}]},"74":{"line":599,"type":"if","locations":[{"start":{"line":599,"column":16},"end":{"line":599,"column":16}},{"start":{"line":599,"column":16},"end":{"line":599,"column":16}}]},"75":{"line":599,"type":"binary-expr","locations":[{"start":{"line":599,"column":20},"end":{"line":599,"column":61}},{"start":{"line":601,"column":24},"end":{"line":601,"column":56}},{"start":{"line":602,"column":24},"end":{"line":602,"column":56}}]},"76":{"line":652,"type":"if","locations":[{"start":{"line":652,"column":16},"end":{"line":652,"column":16}},{"start":{"line":652,"column":16},"end":{"line":652,"column":16}}]},"77":{"line":652,"type":"binary-expr","locations":[{"start":{"line":652,"column":22},"end":{"line":652,"column":54}},{"start":{"line":652,"column":58},"end":{"line":652,"column":83}}]},"78":{"line":655,"type":"switch","locations":[{"start":{"line":656,"column":16},"end":{"line":656,"column":25}},{"start":{"line":657,"column":16},"end":{"line":657,"column":30}},{"start":{"line":658,"column":16},"end":{"line":660,"column":26}}]},"79":{"line":687,"type":"if","locations":[{"start":{"line":687,"column":12},"end":{"line":687,"column":12}},{"start":{"line":687,"column":12},"end":{"line":687,"column":12}}]},"80":{"line":691,"type":"binary-expr","locations":[{"start":{"line":691,"column":33},"end":{"line":691,"column":64}},{"start":{"line":691,"column":68},"end":{"line":691,"column":82}}]},"81":{"line":692,"type":"if","locations":[{"start":{"line":692,"column":12},"end":{"line":692,"column":12}},{"start":{"line":692,"column":12},"end":{"line":692,"column":12}}]},"82":{"line":695,"type":"if","locations":[{"start":{"line":695,"column":12},"end":{"line":695,"column":12}},{"start":{"line":695,"column":12},"end":{"line":695,"column":12}}]},"83":{"line":725,"type":"if","locations":[{"start":{"line":725,"column":16},"end":{"line":725,"column":16}},{"start":{"line":725,"column":16},"end":{"line":725,"column":16}}]},"84":{"line":725,"type":"binary-expr","locations":[{"start":{"line":725,"column":20},"end":{"line":725,"column":69}},{"start":{"line":725,"column":73},"end":{"line":725,"column":93}}]},"85":{"line":728,"type":"if","locations":[{"start":{"line":728,"column":16},"end":{"line":728,"column":16}},{"start":{"line":728,"column":16},"end":{"line":728,"column":16}}]},"86":{"line":741,"type":"if","locations":[{"start":{"line":741,"column":16},"end":{"line":741,"column":16}},{
[...]
54":{"start":{"line":248,"column":8},"end":{"line":248,"column":50},"skip":true},"55":{"start":{"line":249,"column":8},"end":{"line":262,"column":11},"skip":true},"56":{"start":{"line":255,"column":12},"end":{"line":255,"column":78},"skip":true},"57":{"start":{"line":256,"column":12},"end":{"line":261,"column":13},"skip":true},"58":{"start":{"line":257,"column":16},"end":{"line":260,"column":18},"skip":true},"59":{"start":{"line":263,"column":8},"end":{"line":281,"column":15},"skip":true},"60":{"start":{"line":268,"column":16},"end":{"line":268,"column":31},"skip":true},"61":{"start":{"line":269,"column":16},"end":{"line":280,"column":17},"skip":true},"62":{"start":{"line":271,"column":20},"end":{"line":271,"column":60},"skip":true},"63":{"start":{"line":273,"column":20},"end":{"line":273,"column":48},"skip":true},"64":{"start":{"line":275,"column":20},"end":{"line":275,"column":43},"skip":true},"65":{"start":{"line":277,"column":20},"end":{"line":277,"column":35},"skip":true},"66":{"start":{"line":279,"column":20},"end":{"line":279,"column":34},"skip":true},"67":{"start":{"line":283,"column":8},"end":{"line":285,"column":9},"skip":true},"68":{"start":{"line":284,"column":12},"end":{"line":284,"column":18},"skip":true},"69":{"start":{"line":286,"column":8},"end":{"line":288,"column":54},"skip":true},"70":{"start":{"line":291,"column":8},"end":{"line":296,"column":37},"skip":true},"71":{"start":{"line":298,"column":8},"end":{"line":298,"column":82},"skip":true},"72":{"start":{"line":301,"column":8},"end":{"line":303,"column":9},"skip":true},"73":{"start":{"line":302,"column":12},"end":{"line":302,"column":82},"skip":true},"74":{"start":{"line":305,"column":8},"end":{"line":307,"column":9},"skip":true},"75":{"start":{"line":306,"column":12},"end":{"line":306,"column":18},"skip":true},"76":{"start":{"line":308,"column":8},"end":{"line":308,"column":54},"skip":true},"77":{"start":{"line":309,"column":8},"end":{"line":309,"column":69},"skip":true},"78":{"start":{"line":310,"column":8},"end":{"line":318,"column":36},"skip":true},"79":{"start":{"line":311,"column":12},"end":{"line":311,"column":61},"skip":true},"80":{"start":{"line":312,"column":12},"end":{"line":315,"column":13},"skip":true},"81":{"start":{"line":313,"column":16},"end":{"line":313,"column":75},"skip":true},"82":{"start":{"line":314,"column":16},"end":{"line":314,"column":23},"skip":true},"83":{"start":{"line":316,"column":12},"end":{"line":316,"column":38},"skip":true},"84":{"start":{"line":317,"column":12},"end":{"line":317,"column":27},"skip":true},"85":{"start":{"line":319,"column":8},"end":{"line":319,"column":14},"skip":true}},"branchMap":{"1":{"line":123,"type":"binary-expr","locations":[{"start":{"line":123,"column":23},"end":{"line":123,"column":62}},{"start":{"line":124,"column":20},"end":{"line":124,"column":70}},{"start":{"line":125,"column":20},"end":{"line":125,"column":71}},{"start":{"line":126,"column":20},"end":{"line":126,"column":29}}]},"2":{"line":128,"type":"binary-expr","locations":[{"start":{"line":128,"column":23},"end":{"line":128,"column":37}},{"start":{"line":129,"column":20},"end":{"line":129,"column":61}},{"start":{"line":130,"column":20},"end":{"line":130,"column":70}},{"start":{"line":131,"column":20},"end":{"line":131,"column":26}}]},"3":{"line":135,"type":"cond-expr","locations":[{"start":{"line":136,"column":14},"end":{"line":136,"column":20}},{"start":{"line":137,"column":14},"end":{"line":137,"column":20}}]},"4":{"line":139,"type":"binary-expr","locations":[{"start":{"line":139,"column":16},"end":{"line":139,"column":44}},{"start":{"line":139,"column":49},"end":{"line":141,"column":43}}]},"5":{"line":139,"type":"cond-expr","locations":[{"start":{"line":140,"column":14},"end":{"line":140,"column":49}},{"start":{"line":141,"column":14},"end":{"line":141,"column":43}}]},"6":{"line":145,"type":"switch","locations":[{"start":{"line":152,"column":4},"end":{"line":234,"column":14},"skip":true},{"start":{"line":240,"column":4},"end":{"line":319,"column":14},"skip":true}]},"7":{"line":154,"type":"if","locations":[{"start":{"line":154,"column":12},"end":{"line":154,"column":12},"skip":true},{"start":{"line":154,"column":12},"end":{"line":154,"column":12},"skip":true}]},"8":{"line":154,"type":"binary-expr","locations":[{"start":{"line":154,"column":16},"end":{"line":154,"column":22},"skip":true},{"start":{"line":154,"column":27},"end":{"line":154,"column":32},"skip":true},{"start":{"line":155,"column":20},"end":{"line":155,"column":39},"skip":true},{"start":{"line":156,"column":20},"end":{"line":156,"column":49},"skip":true},{"start":{"line":157,"column":20},"end":{"line":157,"column":58},"skip":true},{"start":{"line":158,"column":20},"end":{"line":158,"column":69},"skip":true}]},"9":{"line":163,"type":"switch","locations":[{"start":{"line":164,"column":20},"end":{"line":164,"column":33},"skip":true},{"start":{"line":165,"column":20},"end":{"line":167,"column":30},"skip":true},{"start":{"line":168,"column":20},"end":{"line":169,"column":49},"skip":true}]},"10":{"line":173,"type":"switch","locations":[{"start":{"line":174,"column":12},"end":{"line":187,"column":22},"skip":true},{"start":{"line":189,"column":12},"end":{"line":190,"column":22},"skip":true}]},"11":{"line":173,"type":"binary-expr","locations":[{"start":{"line":173,"column":20},"end":{"line":173,"column":25},"skip":true},{"start":{"line":173,"column":29},"end":{"line":173,"column":48},"skip":true},{"start":{"line":173,"column":52},"end":{"line":173,"column":74},"skip":true}]},"12":{"line":176,"type":"if","locations":[{"start":{"line":176,"column":16},"end":{"line":176,"column":16},"skip":true},{"start":{"line":176,"column":16},"end":{"line":176,"column":16},"skip":true}]},"13":{"line":192,"type":"if","locations":[{"start":{"line":192,"column":12},"end":{"line":192,"column":12},"skip":true},{"start":{"line":192,"column":12},"end":{"line":192,"column":12},"skip":true}]},"14":{"line":192,"type":"binary-expr","locations":[{"start":{"line":192,"column":16},"end":{"line":192,"column":61},"skip":true},{"start":{"line":192,"column":66},"end":{"line":192,"column":72},"skip":true},{"start":{"line":192,"column":77},"end":{"line":192,"column":82},"skip":true},{"start":{"line":193,"column":20},"end":{"line":193,"column":39},"skip":true},{"start":{"line":194,"column":20},"end":{"line":194,"column":49},"skip":true},{"start":{"line":195,"column":20},"end":{"line":195,"column":58},"skip":true},{"start":{"line":196,"column":20},"end":{"line":196,"column":68},"skip":true}]},"15":{"line":213,"type":"if","locations":[{"start":{"line":213,"column":16},"end":{"line":213,"column":16},"skip":true},{"start":{"line":213,"column":16},"end":{"line":213,"column":16},"skip":true}]},"16":{"line":218,"type":"cond-expr","locations":[{"start":{"line":219,"column":26},"end":{"line":219,"column":29},"skip":true},{"start":{"line":220,"column":26},"end":{"line":220,"column":54},"skip":true}]},"17":{"line":248,"type":"binary-expr","locations":[{"start":{"line":248,"column":27},"end":{"line":248,"column":43},"skip":true},{"start":{"line":248,"column":47},"end":{"line":248,"column":49},"skip":true}]},"18":{"line":255,"type":"binary-expr","locations":[{"start":{"line":255,"column":43},"end":{"line":255,"column":71},"skip":true},{"start":{"line":255,"column":75},"end":{"line":255,"column":77},"skip":true}]},"19":{"line":256,"type":"if","locations":[{"start":{"line":256,"column":12},"end":{"line":256,"column":12},"skip":true},{"start":{"line":256,"column":12},"end":{"line":256,"column":12},"skip":true}]},"20":{"line":269,"type":"switch","locations":[{"start":{"line":270,"column":16},"end":{"line":271,"column":60},"skip":true},{"start":{"line":272,"column":16},"end":{"line":273,"column":48},"skip":true},{"start":{"line":274,"column":16},"end":{"line":275,"column":43},"skip":true},{"start":{"line":276,"column":16},"end":{"line":277,"column":35},"skip":true},{"start":{"line":278,"column":16},"end":{"line":279,"column":34},"skip":true}]},"21":{"line":283,"type":"if","locations":[{"start":{"line":283,"column":8},"end":{"line":283,"column":8},"skip":true},{"start":{"line":283,"column":8},"end":{"line":283,"column":8},"skip":true}]},"22":{"line":283,"type":"binary-expr","locations":[{"start":{"line":283,"column":12},"end":{"line":283,"column":40},"skip":true},{"start":{"line":283,"column":44},"end":{"line":283,"column":67},"skip":true}]},"23":{"line":287,"type":"binary-expr","locations":[{"start":{"line":287,"column":12},"end":{"line":287,"column":50},"skip":true},{"start":{"line":288,"column":12},"end":{"line":288,"column":53},"skip":true}]},"24":{"line":292,"type":"binary-expr","locations":[{"start":{"line":292,"column":12},"end":{"line":292,"column":56},"skip":true},{"start":{"line":293,"column":12},"end":{"line":296,"column":36},"skip":true}]},"25":{"line":298,"type":"binary-expr","locations":[{"start":{"line":298,"column":43},"end":{"line":298,"column":75},"skip":true},{"start":{"line":298,"column":79},"end":{"line":298,"column":81},"skip":true}]},"26":{"line":301,"type":"if","locations":[{"start":{"line":301,"column":8},"end":{"line":301,"column":8},"skip":true},{"start":{"line":301,"column":8},"end":{"line":301,"column":8},"skip":true}]},"27":{"line":305,"type":"if","locations":[{"start":{"line":305,"column":8},"end":{"line":305,"column":8},"skip":true},{"start":{"line":305,"column":8},"end":{"line":305,"column":8},"skip":true}]},"28":{"line":308,"type":"binary-expr","locations":[{"start":{"line":308,"column":27},"end":{"line":308,"column":43},"skip":true},{"start":{"line":308,"column":47},"end":{"line":308,"column":53},"skip":true}]},"29":{"line":312,"type":"if","locations":[{"start":{"line":312,"column":12},"end":{"line":312,"column":12},"skip":true},{"start":{"line":312,"column":12},"end":{"line":312,"column":12},"skip":true}]}},"code":["","","","","","","","","","","","","","","","","","","","","","","","","","","","","","","","","","","","","","","","","","","","","","","","","","","","","","","","","","","","","","","","","","","","","","","","","","","","","","","","","","","","","/*","example.js","","quickstart example","","instruction","    1. save this script as example.js","    2. run the shell command:","        $ npm install itunes-search-lite && PORT=8081 node example.js","    3. play with the browser-demo on http://127.0.0.1:8081","*/","","","","/* istanbul instrument in package itunes_search */","/*jslint","    bitwise: true,","    browser: true,","    maxerr: 8,","    maxlen: 96,","    node: true,","    nomen: true,","    regexp: true,","    stupid: true","*/","(function () {","    'use strict';","    var local;","","","","    // run shared js-env code - init-before","    (function () {","        // init local","        local = {};","        // init modeJs","        local.modeJs = (function () {","            try {","                return typeof navigator.userAgent === 'string' &&","                    typeof document.querySelector('body') === 'object' &&","                    typeof XMLHttpRequest.prototype.open === 'function' &&","                    'browser';","            } catch (errorCaughtBrowser) {","                return module.exports &&","                    typeof process.versions.node === 'string' &&","                    typeof require('http').createServer === 'function' &&","                    'node';","            }","        }());","        // init global","        local.global = local.modeJs === 'browser'","            ? window","            : global;","        // init utility2_rollup","        local = local.global.utility2_rollup || (local.modeJs === 'browser'","            ? local.global.utility2_itunes_search","            : global.utility2_moduleExports);","        // init exports","        local.global.local = local;","    }());","    switch (local.modeJs) {","","","","    // init-after","    // run browser js-env code - init-after","    /* istanbul ignore next */","    case 'browser':","        local.testRunBrowser = function (event) {","            if (!event || (event &&","                    event.currentTarget &&","                    event.currentTarget.className &&","                    event.currentTarget.className.includes &&","                    event.currentTarget.className.includes('onreset'))) {","                // reset output","                Array.from(","                    document.querySelectorAll('body > .resettable')","                ).forEach(function (element) {","                    switch (element.tagName) {","                    case 'INPUT':","                    case 'TEXTAREA':","                        element.value = '';","                        break;","                    default:","                        element.textContent = '';","                    }","                });","            }","            switch (event && event.currentTarget && event.currentTarget.id) {","            case 'testRunButton1':","                // show tests","                if (document.querySelector('#testReportDiv1').style.display === 'none') {","                    document.querySelector('#testReportDiv1').style.display = 'block';","                    document.querySelector('#testRunButton1').textContent =","                        'hide internal test';","                    local.modeTest = true;","                    local.testRunDefault(local);","                // hide tests","                } else {","                    document.querySelector('#testReportDiv1').style.display = 'none';","                    document.querySelector('#testRunButton1').textContent = 'run internal test';","                }","                break;","            // custom-case","            default:","                break;","            }","            if (document.querySelector('#inputTextareaEval1') && (!event || (event &&","                    event.currentTarget &&","                    event.currentTarget.className &&","                    event.currentTarget.className.includes &&","                    event.currentTarget.className.includes('oneval')))) {","                // try to eval input-code","                try {","                    /*jslint evil: true*/","                    eval(document.querySelector('#inputTextareaEval1').value);","                } catch (errorCaught) {","                    console.error(errorCaught);","                }","            }","        };","        // log stderr and stdout to #outputTextareaStdout1","        ['error', 'log'].forEach(function (key) {","            console[key + '_original'] = console[key];","            console[key] = function () {","                var element;","                console[key + '_original'].apply(console, arguments);","                element = document.querySelector('#outputTextareaStdout1');","                if (!element) {","                    return;","                }","                // append text to #outputTextareaStdout1","                element.value += Array.from(arguments).map(function (arg) {","                    return typeof arg === 'string'","                        ? arg","                        : JSON.stringify(arg, null, 4);","                }).join(' ') + '\\n';","                // scroll textarea to bottom","                element.scrollTop = element.scrollHeight;","            };","        });","        // init event-handling","        ['change', 'click', 'keyup'].forEach(function (event) {","            Array.from(document.querySelectorAll('.on' + event)).forEach(function (element) {","                element.addEventListener(event, local.testRunBrowser);","            });","        });","        // run tests","        local.testRunBrowser();","        break;","","","","    // run node js-env code - init-after","    /* istanbul ignore next */","    case 'node':","        // init exports","        module.exports = local;","        // require modules","        local.fs = require('fs');","        local.http = require('http');","        local.url = require('url');","        // init assets","        local.assetsDict = local.assetsDict || {};","        [","            'assets.index.css',","            'assets.index.template.html',","            'assets.swgg.swagger.json',","            'assets.swgg.swagger.server.json'","        ].forEach(function (file) {","            local.assetsDict['/' + file] = local.assetsDict['/' + file] || '';","            if (local.fs.existsSync(local.__dirname + '/' + file)) {","                local.assetsDict['/' + file] = local.fs.readFileSync(","                    local.__dirname + '/' + file,","                    'utf8'","                );","            }","        });","        local.assetsDict['/'] =","            local.assetsDict['/assets.example.html'] =","            local.assetsDict['/assets.index.template.html']","            .replace((/\\{\\{env\\.(\\w+?)\\}\\}/g), function (match0, match1) {","                // jslint-hack","                String(match0);","                switch (match1) {","                case 'npm_package_description':","                    return 'the greatest app in the world!';","                case 'npm_package_name':","                    return 'itunes-search-lite';","                case 'npm_package_nameAlias':","                    return 'itunes_search';","                case 'npm_package_version':","                    return '0.0.1';","                default:","                    return match0;","                }","            });","        // run the cli","        if (local.global.utility2_rollup || module !== require.main) {","            break;","        }","        local.assetsDict['/assets.example.js'] =","            local.assetsDict['/assets.example.js'] ||","            local.fs.readFileSync(__filename, 'utf8');","        // bug-workaround - long $npm_package_buildCustomOrg","        /* jslint-ignore-begin */","        local.assetsDict['/assets.itunes_search.js'] =","            local.assetsDict['/assets.itunes_search.js'] ||","            local.fs.readFileSync(","                local.itunes_search.__dirname + '/lib.itunes_search.js',","                'utf8'","            ).replace((/^#!/), '//');","        /* jslint-ignore-end */","        local.assetsDict['/favicon.ico'] = local.assetsDict['/favicon.ico'] || '';","        // if $npm_config_timeout_exit exists,","        // then exit this process after $npm_config_timeout_exit ms","        if (Number(process.env.npm_config_timeout_exit)) {","            setTimeout(process.exit, Number(process.env.npm_config_timeout_exit));","        }","        // start server","        if (local.global.utility2_serverHttp1) {","            break;","        }","        process.env.PORT = process.env.PORT || '8081';","        console.error('server starting on port ' + process.env.PORT);","        local.http.createServer(function (request, response) {","            request.urlParsed = local.url.parse(request.url);","            if (local.assetsDict[request.urlParsed.pathname] !== undefined) {","                response.end(local.assetsDict[request.urlParsed.pathname]);","                return;","            }","            response.statusCode = 404;","            response.end();","        }).listen(process.env.PORT);","        break;","    }","}());"],"l":{"110":1,"112":1,"117":1,"119":1,"121":1,"122":1,"123":1,"128":1,"135":1,"139":1,"143":1,"145":1,"153":1,"154":1,"160":1,"163":1,"166":1,"167":1,"169":1,"173":1,"176":1,"177":1,"178":1,"180":1,"181":1,"184":1,"185":1,"187":1,"190":1,"192":1,"198":1,"200":1,"202":1,"207":1,"208":1,"209":1,"210":1,"211":1,"212":1,"213":1,"214":1,"217":1,"218":1,"223":1,"227":1,"228":1,"229":1,"233":1,"234":1,"242":1,"244":1,"245":1,"246":1,"248":1,"249":1,"255":4,"256":4,"257":2,"263":1,"268":3,"269":3,"271":1,"273":1,"275":1,"277":1,"279":1,"283":1,"284":1,"286":1,"291":1,"298":1,"301":1,"302":1,"305":1,"306":1,"308":1,"309":1,"310":1,"311":1,"312":1,"313":1,"314":1,"316":1,"317":1,"319":1}}}